#
# There is insufficient memory for the Java Runtime Environment to continue.
# Native memory allocation (malloc) failed to allocate 176016 bytes for Chunk::new
# Possible reasons:
#   The system is out of physical RAM or swap space
#   In 32 bit mode, the process size limit was hit
# Possible solutions:
#   Reduce memory load on the system
#   Increase physical memory or swap space
#   Check if swap backing store is full
#   Use 64 bit Java on a 64 bit OS
#   Decrease Java heap size (-Xmx/-Xms)
#   Decrease number of Java threads
#   Decrease Java thread stack sizes (-Xss)
#   Set larger code cache with -XX:ReservedCodeCacheSize=
# This output file may be truncated or incomplete.
#
#  Out of Memory Error (allocation.cpp:323), pid=9308, tid=8784
#
# JRE version: Java(TM) SE Runtime Environment (7.0_79-b15) (build 1.7.0_79-b15)
# Java VM: Java HotSpot(TM) 64-Bit Server VM (24.79-b02 mixed mode windows-amd64 compressed oops)
# Failed to write core dump. Minidumps are not enabled by default on client versions of Windows
#

---------------  T H R E A D  ---------------

Current thread (0x0000000008e52000):  JavaThread "C2 CompilerThread0" daemon [_thread_in_native, id=8784, stack(0x000000000b6f0000,0x000000000b7f0000)]

Stack: [0x000000000b6f0000,0x000000000b7f0000]
[error occurred during error reporting (printing stack bounds), id 0xc0000005]


Current CompileTask:
C2:   4780  313             com.android.dx.ssa.LiteralOpUpgrader$1::visitNonMoveInsn (203 bytes)


---------------  P R O C E S S  ---------------

Java Threads: ( => current thread )
  0x000000000a121800 JavaThread "pool-1-thread-4" [_thread_in_vm_trans, id=540, stack(0x000000000c620000,0x000000000c720000)]
  0x000000000a122800 JavaThread "pool-1-thread-3" [_thread_in_Java, id=10420, stack(0x000000000c4a0000,0x000000000c5a0000)]
  0x000000000a11f000 JavaThread "pool-1-thread-2" [_thread_in_Java, id=10400, stack(0x000000000c2c0000,0x000000000c3c0000)]
  0x000000000a11d000 JavaThread "pool-2-thread-1" [_thread_blocked, id=10008, stack(0x000000000c150000,0x000000000c250000)]
  0x000000000a07f800 JavaThread "pool-1-thread-1" [_thread_in_Java, id=11384, stack(0x000000000be60000,0x000000000bf60000)]
  0x0000000008e58000 JavaThread "Service Thread" daemon [_thread_blocked, id=6224, stack(0x000000000b4a0000,0x000000000b5a0000)]
  0x0000000008e56800 JavaThread "C2 CompilerThread1" daemon [_thread_in_native, id=4744, stack(0x000000000b800000,0x000000000b900000)]
=>0x0000000008e52000 JavaThread "C2 CompilerThread0" daemon [_thread_in_native, id=8784, stack(0x000000000b6f0000,0x000000000b7f0000)]
  0x0000000008e51000 JavaThread "Attach Listener" daemon [_thread_blocked, id=6560, stack(0x000000000b5b0000,0x000000000b6b0000)]
  0x0000000008e50000 JavaThread "Signal Dispatcher" daemon [_thread_blocked, id=3528, stack(0x000000000b260000,0x000000000b360000)]
  0x00000000021af000 JavaThread "Finalizer" daemon [_thread_blocked, id=9752, stack(0x000000000b370000,0x000000000b470000)]
  0x0000000008e41800 JavaThread "Reference Handler" daemon [_thread_blocked, id=7096, stack(0x000000000b0c0000,0x000000000b1c0000)]
  0x000000000227e800 JavaThread "main" [_thread_in_Java, id=1904, stack(0x0000000002510000,0x0000000002610000)]

Other Threads:
  0x0000000008e3e000 VMThread [stack: 0x000000000aed0000,0x000000000afd0000] [id=9956]
  0x0000000008e5d800 WatcherThread [stack: 0x000000000ba00000,0x000000000bb00000] [id=11792]

VM state:not at safepoint (normal execution)

VM Mutex/Monitor currently owned by a thread: None

Heap
 PSYoungGen      total 71680K, used 22187K [0x00000000eaa80000, 0x00000000ef580000, 0x0000000100000000)
  eden space 66560K, 25% used [0x00000000eaa80000,0x00000000ebb2ecd0,0x00000000eeb80000)
  from space 5120K, 99% used [0x00000000ef080000,0x00000000ef57c038,0x00000000ef580000)
  to   space 5120K, 0% used [0x00000000eeb80000,0x00000000eeb80000,0x00000000ef080000)
 ParOldGen       total 86016K, used 7412K [0x00000000c0000000, 0x00000000c5400000, 0x00000000eaa80000)
  object space 86016K, 8% used [0x00000000c0000000,0x00000000c073d000,0x00000000c5400000)
 PSPermGen       total 21504K, used 5798K [0x00000000bae00000, 0x00000000bc300000, 0x00000000c0000000)
  object space 21504K, 26% used [0x00000000bae00000,0x00000000bb3a9808,0x00000000bc300000)

Card table byte_map: [0x0000000005610000,0x0000000005840000] byte_map_base: 0x0000000005039000

Polling page: 0x0000000000430000

Code Cache  [0x0000000002610000, 0x0000000002880000, 0x0000000005610000)
 total_blobs=551 nmethods=314 adapters=189 free_code_cache=47803Kb largest_free_block=48917120

Compilation events (10 events):
Event: 3.418 Thread 0x0000000008e56800 nmethod 309 0x000000000273dd90 code [0x000000000273dec0, 0x000000000273dff8]
Event: 3.418 Thread 0x0000000008e56800  310             com.android.dx.ssa.MoveParamCombiner$1::visitNonMoveInsn (213 bytes)
Event: 3.421 Thread 0x0000000008e56800 nmethod 310 0x000000000273d790 code [0x000000000273d8e0, 0x000000000273da58]
Event: 3.421 Thread 0x0000000008e56800  311             com.android.dx.ssa.SCCP::addUsersToWorklist (103 bytes)
Event: 4.680 Thread 0x0000000008e52000 nmethod 308 0x0000000002764190 code [0x00000000027643e0, 0x00000000027651c0]
Event: 4.680 Thread 0x0000000008e52000  312             com.android.dx.cf.code.OneLocalsArray::getOrNull (7 bytes)
Event: 4.680 Thread 0x0000000008e52000 nmethod 312 0x0000000002743f90 code [0x00000000027440c0, 0x0000000002744158]
Event: 4.680 Thread 0x0000000008e52000  313             com.android.dx.ssa.LiteralOpUpgrader$1::visitNonMoveInsn (203 bytes)
Event: 4.735 Thread 0x0000000008e56800 nmethod 311 0x0000000002766550 code [0x0000000002766820, 0x0000000002767948]
Event: 4.735 Thread 0x0000000008e56800  314             com.android.dx.ssa.LiteralOpUpgrader::access$000 (6 bytes)

GC Heap History (4 events):
Event: 1.867 GC heap before
{Heap before GC invocations=1 (full 0):
 PSYoungGen      total 38400K, used 33280K [0x00000000eaa80000, 0x00000000ed500000, 0x0000000100000000)
  eden space 33280K, 100% used [0x00000000eaa80000,0x00000000ecb00000,0x00000000ecb00000)
  from space 5120K, 0% used [0x00000000ed000000,0x00000000ed000000,0x00000000ed500000)
  to   space 5120K, 0% used [0x00000000ecb00000,0x00000000ecb00000,0x00000000ed000000)
 ParOldGen       total 86016K, used 0K [0x00000000c0000000, 0x00000000c5400000, 0x00000000eaa80000)
  object space 86016K, 0% used [0x00000000c0000000,0x00000000c0000000,0x00000000c5400000)
 PSPermGen       total 21504K, used 5720K [0x00000000bae00000, 0x00000000bc300000, 0x00000000c0000000)
  object space 21504K, 26% used [0x00000000bae00000,0x00000000bb3961a0,0x00000000bc300000)
Event: 2.296 GC heap after
Heap after GC invocations=1 (full 0):
 PSYoungGen      total 38400K, used 5111K [0x00000000eaa80000, 0x00000000ef580000, 0x0000000100000000)
  eden space 33280K, 0% used [0x00000000eaa80000,0x00000000eaa80000,0x00000000ecb00000)
  from space 5120K, 99% used [0x00000000ecb00000,0x00000000ecffdc88,0x00000000ed000000)
  to   space 5120K, 0% used [0x00000000ef080000,0x00000000ef080000,0x00000000ef580000)
 ParOldGen       total 86016K, used 1819K [0x00000000c0000000, 0x00000000c5400000, 0x00000000eaa80000)
  object space 86016K, 2% used [0x00000000c0000000,0x00000000c01c6e90,0x00000000c5400000)
 PSPermGen       total 21504K, used 5720K [0x00000000bae00000, 0x00000000bc300000, 0x00000000c0000000)
  object space 21504K, 26% used [0x00000000bae00000,0x00000000bb3961a0,0x00000000bc300000)
}
Event: 3.435 GC heap before
{Heap before GC invocations=2 (full 0):
 PSYoungGen      total 38400K, used 38391K [0x00000000eaa80000, 0x00000000ef580000, 0x0000000100000000)
  eden space 33280K, 100% used [0x00000000eaa80000,0x00000000ecb00000,0x00000000ecb00000)
  from space 5120K, 99% used [0x00000000ecb00000,0x00000000ecffdc88,0x00000000ed000000)
  to   space 5120K, 0% used [0x00000000ef080000,0x00000000ef080000,0x00000000ef580000)
 ParOldGen       total 86016K, used 1819K [0x00000000c0000000, 0x00000000c5400000, 0x00000000eaa80000)
  object space 86016K, 2% used [0x00000000c0000000,0x00000000c01c6e90,0x00000000c5400000)
 PSPermGen       total 21504K, used 5782K [0x00000000bae00000, 0x00000000bc300000, 0x00000000c0000000)
  object space 21504K, 26% used [0x00000000bae00000,0x00000000bb3a5a10,0x00000000bc300000)
Event: 4.533 GC heap after
Heap after GC invocations=2 (full 0):
 PSYoungGen      total 71680K, used 5104K [0x00000000eaa80000, 0x00000000ef580000, 0x0000000100000000)
  eden space 66560K, 0% used [0x00000000eaa80000,0x00000000eaa80000,0x00000000eeb80000)
  from space 5120K, 99% used [0x00000000ef080000,0x00000000ef57c038,0x00000000ef580000)
  to   space 5120K, 0% used [0x00000000eeb80000,0x00000000eeb80000,0x00000000ef080000)
 ParOldGen       total 86016K, used 7412K [0x00000000c0000000, 0x00000000c5400000, 0x00000000eaa80000)
  object space 86016K, 8% used [0x00000000c0000000,0x00000000c073d000,0x00000000c5400000)
 PSPermGen       total 21504K, used 5782K [0x00000000bae00000, 0x00000000bc300000, 0x00000000c0000000)
  object space 21504K, 26% used [0x00000000bae00000,0x00000000bb3a5a10,0x00000000bc300000)
}

Deoptimization events (10 events):
Event: 1.374 Thread 0x000000000a11f000 Uncommon trap: reason=class_check action=maybe_recompile pc=0x000000000269d78c method=com.android.dx.ssa.NormalSsaInsn.accept(Lcom/android/dx/ssa/SsaInsn$Visitor;)V @ 9
Event: 1.487 Thread 0x000000000a11f000 Uncommon trap: reason=unreached action=reinterpret pc=0x0000000002688d84 method=com.android.dx.rop.cst.Constant.compareTo(Lcom/android/dx/rop/cst/Constant;)I @ 12
Event: 1.493 Thread 0x000000000a11f000 Uncommon trap: reason=class_check action=maybe_recompile pc=0x000000000269d78c method=com.android.dx.ssa.NormalSsaInsn.accept(Lcom/android/dx/ssa/SsaInsn$Visitor;)V @ 9
Event: 1.673 Thread 0x000000000a121800 Uncommon trap: reason=class_check action=maybe_recompile pc=0x0000000002685f34 method=com.android.dx.ssa.NormalSsaInsn.accept(Lcom/android/dx/ssa/SsaInsn$Visitor;)V @ 9
Event: 2.535 Thread 0x000000000a11f000 Uncommon trap: reason=null_check action=make_not_entrant pc=0x00000000026d2528 method=com.android.dx.rop.code.RegisterSpec.equals(Ljava/lang/Object;)Z @ 1
Event: 3.150 Thread 0x000000000227e800 Uncommon trap: reason=null_check action=make_not_entrant pc=0x00000000026eeb28 method=com.android.dx.rop.type.Type.putIntern(Lcom/android/dx/rop/type/Type;)Lcom/android/dx/rop/type/Type; @ 18
Event: 4.715 Thread 0x000000000227e800 Uncommon trap: reason=unreached action=reinterpret pc=0x000000000270881c method=com.android.dx.cf.code.Ropper.processBlock(Lcom/android/dx/cf/code/ByteBlock;Lcom/android/dx/cf/code/Frame;[I)V @ 963
Event: 4.724 Thread 0x000000000227e800 Uncommon trap: reason=unreached action=reinterpret pc=0x00000000026bc240 method=com.android.dx.ssa.SsaConverter.placePhiFunctions(Lcom/android/dx/ssa/SsaMethod;Lcom/android/dx/ssa/LocalVariableInfo;I)V @ 327
Event: 4.724 Thread 0x000000000227e800 Uncommon trap: reason=unloaded action=reinterpret pc=0x00000000026c02a4 method=com.android.dx.ssa.SsaRenamer$BlockRenamer.visitMoveInsn(Lcom/android/dx/ssa/NormalSsaInsn;)V @ 208
Event: 4.725 Thread 0x000000000227e800 Uncommon trap: reason=unreached action=reinterpret pc=0x00000000027648a0 method=com.android.dx.ssa.back.FirstFitLocalCombiningAllocator$1.processInsn(Lcom/android/dx/ssa/SsaInsn;)V @ 34

Internal exceptions (10 events):
Event: 0.904 Thread 0x000000000a11f000 Threw 0x00000000eb429978 at C:\re\jdk7u79\2331\hotspot\src\share\vm\prims\jvm.cpp:1304
Event: 0.951 Thread 0x000000000227e800 Threw 0x00000000eb2d8708 at C:\re\jdk7u79\2331\hotspot\src\share\vm\prims\jvm.cpp:1304
Event: 0.956 Thread 0x000000000227e800 Threw 0x00000000eb2e9528 at C:\re\jdk7u79\2331\hotspot\src\share\vm\prims\jvm.cpp:1304
Event: 1.177 Thread 0x000000000a07f800 Implicit null exception at 0x000000000269a57e to 0x000000000269a8e9
Event: 1.263 Thread 0x000000000a11f000 Threw 0x00000000ebd9dda8 at C:\re\jdk7u79\2331\hotspot\src\share\vm\prims\jvm.cpp:1304
Event: 1.343 Thread 0x000000000227e800 Threw 0x00000000ec1bd450 at C:\re\jdk7u79\2331\hotspot\src\share\vm\prims\jvm.cpp:1304
Event: 1.347 Thread 0x000000000227e800 Threw 0x00000000ec1df8e8 at C:\re\jdk7u79\2331\hotspot\src\share\vm\prims\jvm.cpp:1304
Event: 2.535 Thread 0x000000000a11f000 Implicit null exception at 0x00000000026d1965 to 0x00000000026d24fd
Event: 3.150 Thread 0x000000000227e800 Implicit null exception at 0x00000000026ee437 to 0x00000000026eeb19
Event: 3.230 Thread 0x000000000a07f800 Threw 0x00000000eb5b0fd0 at C:\re\jdk7u79\2331\hotspot\src\share\vm\prims\jvm.cpp:1304

Events (10 events):
Event: 4.720 Thread 0x000000000227e800 DEOPT UNPACKING pc=0x00000000026475a4 sp=0x000000000260e728 mode 2
Event: 4.724 Thread 0x000000000227e800 Uncommon trap: trap_request=0xffffffad fr.pc=0x00000000026bc240
Event: 4.724 Thread 0x000000000227e800 DEOPT PACKING pc=0x00000000026bc240 sp=0x000000000260e710
Event: 4.724 Thread 0x000000000227e800 DEOPT UNPACKING pc=0x00000000026475a4 sp=0x000000000260e6c0 mode 2
Event: 4.724 Thread 0x000000000227e800 Uncommon trap: trap_request=0x00000034 fr.pc=0x00000000026c02a4
Event: 4.724 Thread 0x000000000227e800 DEOPT PACKING pc=0x00000000026c02a4 sp=0x000000000260e650
Event: 4.724 Thread 0x000000000227e800 DEOPT UNPACKING pc=0x00000000026475a4 sp=0x000000000260e498 mode 2
Event: 4.725 Thread 0x000000000227e800 Uncommon trap: trap_request=0xffffffad fr.pc=0x00000000027648a0
Event: 4.725 Thread 0x000000000227e800 DEOPT PACKING pc=0x00000000027648a0 sp=0x000000000260e560
Event: 4.725 Thread 0x000000000227e800 DEOPT UNPACKING pc=0x00000000026475a4 sp=0x000000000260e510 mode 2


Dynamic libraries:
0x000000013fe00000 - 0x000000013fe33000 	C:\Program Files\Java\jdk1.7.0_79\bin\java.exe
0x0000000077080000 - 0x0000000077229000 	C:\Windows\SYSTEM32\ntdll.dll
0x0000000076e40000 - 0x0000000076f5f000 	C:\Windows\system32\kernel32.dll
0x000007fefce70000 - 0x000007fefcedc000 	C:\Windows\system32\KERNELBASE.dll
0x000007fefd1f0000 - 0x000007fefd2cb000 	C:\Windows\system32\ADVAPI32.dll
0x000007fefdb60000 - 0x000007fefdbff000 	C:\Windows\system32\msvcrt.dll
0x000007feff290000 - 0x000007feff2af000 	C:\Windows\SYSTEM32\sechost.dll
0x000007fefd9c0000 - 0x000007fefdaed000 	C:\Windows\system32\RPCRT4.dll
0x0000000076f80000 - 0x000000007707a000 	C:\Windows\system32\USER32.dll
0x000007fefdd00000 - 0x000007fefdd67000 	C:\Windows\system32\GDI32.dll
0x000007feff2b0000 - 0x000007feff2be000 	C:\Windows\system32\LPK.dll
0x000007feff2c0000 - 0x000007feff389000 	C:\Windows\system32\USP10.dll
0x000007fefb1f0000 - 0x000007fefb3e4000 	C:\Windows\WinSxS\amd64_microsoft.windows.common-controls_6595b64144ccf1df_6.0.7601.18837_none_fa3b1e3d17594757\COMCTL32.dll
0x000007fefd2d0000 - 0x000007fefd341000 	C:\Windows\system32\SHLWAPI.dll
0x000007fefe200000 - 0x000007fefe22e000 	C:\Windows\system32\IMM32.DLL
0x000007fefdee0000 - 0x000007fefdfe9000 	C:\Windows\system32\MSCTF.dll
0x000007fefcd60000 - 0x000007fefcd92000 	C:\Windows\system32\nvinitx.dll
0x0000000050f10000 - 0x0000000050fe2000 	C:\Program Files\Java\jdk1.7.0_79\jre\bin\msvcr100.dll
0x000000006e6e0000 - 0x000000006eeb5000 	C:\Program Files\Java\jdk1.7.0_79\jre\bin\server\jvm.dll
0x000007fef50d0000 - 0x000007fef50d9000 	C:\Windows\system32\WSOCK32.dll
0x000007fefdb10000 - 0x000007fefdb5d000 	C:\Windows\system32\WS2_32.dll
0x000007fefde50000 - 0x000007fefde58000 	C:\Windows\system32\NSI.dll
0x000007fefb9f0000 - 0x000007fefba2b000 	C:\Windows\system32\WINMM.dll
0x0000000077240000 - 0x0000000077247000 	C:\Windows\system32\PSAPI.DLL
0x0000000068a60000 - 0x0000000068a6f000 	C:\Program Files\Java\jdk1.7.0_79\jre\bin\verify.dll
0x0000000054e10000 - 0x0000000054e38000 	C:\Program Files\Java\jdk1.7.0_79\jre\bin\java.dll
0x00000000689d0000 - 0x00000000689e5000 	C:\Program Files\Java\jdk1.7.0_79\jre\bin\zip.dll
0x00000000551e0000 - 0x00000000551fa000 	C:\Program Files\Java\jdk1.7.0_79\jre\bin\net.dll
0x000007fefc5b0000 - 0x000007fefc605000 	C:\Windows\system32\mswsock.dll
0x000007fefc830000 - 0x000007fefc837000 	C:\Windows\System32\wship6.dll
0x0000000054df0000 - 0x0000000054e01000 	C:\Program Files\Java\jdk1.7.0_79\jre\bin\nio.dll

VM Arguments:
jvm_args: -Xmx1024M -Dfile.encoding=windows-1252 -Duser.country=US -Duser.language=en -Duser.variant 
java_command: com.android.dx.command.Main --dex --num-threads=4 --output C:\Users\rlucas\AndroidStudioProjects\FastRoute\app\build\intermediates\pre-dexed\debug\classes-dc6729228e2b1b4ab5e5c3e9f10cb300cba8a2b4.jar C:\Users\rlucas\AndroidStudioProjects\FastRoute\app\build\intermediates\exploded-aar\com.google.android.gms\play-services-drive\7.8.0\jars\classes.jar
Launcher Type: SUN_STANDARD

Environment Variables:
JAVA_HOME=C:\jdk1.6.0_45
PATH=C:\Windows\system32;C:\Windows;C:\Windows\System32\Wbem;C:\Windows\System32\WindowsPowerShell\v1.0\;C:\Program Files (x86)\Common Files\Roxio Shared\OEM\DLLShared\;C:\Program Files (x86)\Common Files\Roxio Shared\OEM\DLLShared\;C:\Program Files (x86)\Common Files\Roxio Shared\OEM\12.0\DLLShared\;C:\Program Files (x86)\Roxio\OEM\AudioCore\;C:\Program Files\TortoiseSVN\bin;C:\bin\apache-ant-1.8.2\bin;C:\bin\php-5.5.6-Win32-VC11-x64;C:\Program Files (x86)\DAMIANI\Jasob 4.0;C:\Program Files (x86)\VisualSVN Server\bin;C:\Program Files (x86)\Loquendo\LTTS7\bin;C:\apache-ant-1.9.4\bin;C:\jdk1.6.0_45\bin;C:\Program Files (x86)\Genesis Mobile\Jasob 4.1;C:\Program Files (x86)\Microsoft SQL Server\100\Tools\Binn\;C:\Program Files\Microsoft SQL Server\100\Tools\Binn\;C:\Program Files\Microsoft SQL Server\100\DTS\Binn\;C:\Program Files (x86)\Microsoft SQL Server\100\Tools\Binn\VSShell\Common7\IDE\;C:\Program Files (x86)\Microsoft Visual Studio 9.0\Common7\IDE\PrivateAssemblies\;C:\Program Files (x86)\Microsoft SQL Server\100\DTS\Binn\;C:\PROGRA~2\Groovy\GROOVY~1.3\bin;C:\Users\rlucas\apache-maven-3.2.5\bin;C:\Program Files\Apache Software Foundation\Tomcat 6.0\bin;C:\Program Files (x86)\Skype\Phone\;.;;.;;.;
USERNAME=rlucas
OS=Windows_NT
PROCESSOR_IDENTIFIER=Intel64 Family 6 Model 42 Stepping 7, GenuineIntel



---------------  S Y S T E M  ---------------

OS: Windows 7 , 64 bit Build 7601 Service Pack 1

CPU:total 8 (4 cores per cpu, 2 threads per core) family 6 model 42 stepping 7, cmov, cx8, fxsr, mmx, sse, sse2, sse3, ssse3, sse4.1, sse4.2, popcnt, avx, aes, ht, tsc, tscinvbit

Memory: 4k page, physical 8266684k(237800k free), swap 10361996k(5192k free)

vm_info: Java HotSpot(TM) 64-Bit Server VM (24.79-b02) for windows-amd64 JRE (1.7.0_79-b15), built on Apr 10 2015 12:36:16 by "java_re" with unknown MS VC++:1600

time: Tue Sep 29 11:13:08 2015
elapsed time: 4 seconds

