#
# There is insufficient memory for the Java Runtime Environment to continue.
# Native memory allocation (malloc) failed to allocate 1509056 bytes for Chunk::new
# Possible reasons:
#   The system is out of physical RAM or swap space
#   In 32 bit mode, the process size limit was hit
# Possible solutions:
#   Reduce memory load on the system
#   Increase physical memory or swap space
#   Check if swap backing store is full
#   Use 64 bit Java on a 64 bit OS
#   Decrease Java heap size (-Xmx/-Xms)
#   Decrease number of Java threads
#   Decrease Java thread stack sizes (-Xss)
#   Set larger code cache with -XX:ReservedCodeCacheSize=
# This output file may be truncated or incomplete.
#
#  Out of Memory Error (allocation.cpp:323), pid=10848, tid=7692
#
# JRE version: Java(TM) SE Runtime Environment (7.0_79-b15) (build 1.7.0_79-b15)
# Java VM: Java HotSpot(TM) 64-Bit Server VM (24.79-b02 mixed mode windows-amd64 compressed oops)
# Failed to write core dump. Minidumps are not enabled by default on client versions of Windows
#

---------------  T H R E A D  ---------------

Current thread (0x0000000008a45800):  JavaThread "C2 CompilerThread1" daemon [_thread_in_native, id=7692, stack(0x000000000b400000,0x000000000b500000)]

Stack: [0x000000000b400000,0x000000000b500000]
[error occurred during error reporting (printing stack bounds), id 0xc0000005]


Current CompileTask:
C2:  10036  567   !         com.android.dx.cf.code.BytecodeArray::parseInstruction (2764 bytes)


---------------  P R O C E S S  ---------------

Java Threads: ( => current thread )
  0x0000000009c83000 JavaThread "pool-1-thread-4" [_thread_blocked, id=12084, stack(0x000000000bff0000,0x000000000c0f0000)]
  0x0000000009c82800 JavaThread "pool-1-thread-3" [_thread_blocked, id=10528, stack(0x000000000c110000,0x000000000c210000)]
  0x0000000009d23000 JavaThread "pool-1-thread-2" [_thread_blocked, id=9980, stack(0x000000000bea0000,0x000000000bfa0000)]
  0x0000000009d20000 JavaThread "pool-2-thread-1" [_thread_blocked, id=11544, stack(0x000000000bc90000,0x000000000bd90000)]
  0x0000000009c28000 JavaThread "pool-1-thread-1" [_thread_blocked, id=7132, stack(0x000000000bab0000,0x000000000bbb0000)]
  0x0000000008a4f800 JavaThread "Service Thread" daemon [_thread_blocked, id=7016, stack(0x000000000b540000,0x000000000b640000)]
=>0x0000000008a45800 JavaThread "C2 CompilerThread1" daemon [_thread_in_native, id=7692, stack(0x000000000b400000,0x000000000b500000)]
  0x0000000008a41800 JavaThread "C2 CompilerThread0" daemon [_thread_in_native, id=12012, stack(0x000000000b0b0000,0x000000000b1b0000)]
  0x0000000008a40800 JavaThread "Attach Listener" daemon [_thread_blocked, id=11212, stack(0x000000000b1b0000,0x000000000b2b0000)]
  0x0000000008a40000 JavaThread "Signal Dispatcher" daemon [_thread_blocked, id=3812, stack(0x000000000af20000,0x000000000b020000)]
  0x0000000008a31800 JavaThread "Finalizer" daemon [_thread_blocked, id=9864, stack(0x000000000a9f0000,0x000000000aaf0000)]
  0x00000000021f9800 JavaThread "Reference Handler" daemon [_thread_blocked, id=10444, stack(0x000000000ad30000,0x000000000ae30000)]
  0x00000000020fe800 JavaThread "main" [_thread_blocked, id=9536, stack(0x0000000002530000,0x0000000002630000)]

Other Threads:
  0x0000000008a2e000 VMThread [stack: 0x000000000abe0000,0x000000000ace0000] [id=6016]
  0x0000000009afa000 WatcherThread [stack: 0x000000000b6a0000,0x000000000b7a0000] [id=11580]

VM state:not at safepoint (normal execution)

VM Mutex/Monitor currently owned by a thread: None

Heap
 PSYoungGen      total 71680K, used 14357K [0x00000000eaa80000, 0x00000000f3680000, 0x0000000100000000)
  eden space 66560K, 13% used [0x00000000eaa80000,0x00000000eb387570,0x00000000eeb80000)
  from space 5120K, 99% used [0x00000000eeb80000,0x00000000ef07e0f0,0x00000000ef080000)
  to   space 5120K, 0% used [0x00000000f3180000,0x00000000f3180000,0x00000000f3680000)
 ParOldGen       total 86016K, used 16800K [0x00000000c0000000, 0x00000000c5400000, 0x00000000eaa80000)
  object space 86016K, 19% used [0x00000000c0000000,0x00000000c1068268,0x00000000c5400000)
 PSPermGen       total 21504K, used 5881K [0x00000000bae00000, 0x00000000bc300000, 0x00000000c0000000)
  object space 21504K, 27% used [0x00000000bae00000,0x00000000bb3be5b8,0x00000000bc300000)

Card table byte_map: [0x0000000005630000,0x0000000005860000] byte_map_base: 0x0000000005059000

Polling page: 0x00000000001c0000

Code Cache  [0x0000000002630000, 0x00000000028a0000, 0x0000000005630000)
 total_blobs=815 nmethods=576 adapters=189 free_code_cache=46782Kb largest_free_block=47874624

Compilation events (10 events):
Event: 9.997 Thread 0x0000000008a41800 nmethod 579 0x000000000287bf10 code [0x000000000287c060, 0x000000000287c158]
Event: 9.997 Thread 0x0000000008a41800  580             com.android.dx.util.ByteArray::slice (30 bytes)
Event: 9.999 Thread 0x0000000008a41800 nmethod 580 0x0000000002875110 code [0x0000000002875260, 0x00000000028753f8]
Event: 9.999 Thread 0x0000000008a41800  581             com.android.dx.util.ByteArray::getByte0 (12 bytes)
Event: 9.999 Thread 0x0000000008a41800 nmethod 581 0x000000000287d650 code [0x000000000287d780, 0x000000000287d818]
Event: 9.999 Thread 0x0000000008a41800  582             java.util.TreeMap$PrivateEntryIterator::nextEntry (54 bytes)
Event: 10.002 Thread 0x0000000008a41800 nmethod 582 0x0000000002874d10 code [0x0000000002874e60, 0x0000000002874f78]
Event: 10.002 Thread 0x0000000008a41800  583             com.android.dx.ssa.back.FirstFitLocalCombiningAllocator::getLocalItemForReg (97 bytes)
Event: 10.017 Thread 0x0000000008a41800 nmethod 583 0x0000000002873dd0 code [0x0000000002873f80, 0x00000000028745e8]
Event: 10.017 Thread 0x0000000008a41800  584             com.android.dx.ssa.SCCP::simulateBranch (666 bytes)

GC Heap History (6 events):
Event: 2.574 GC heap before
{Heap before GC invocations=1 (full 0):
 PSYoungGen      total 38400K, used 33280K [0x00000000eaa80000, 0x00000000ed500000, 0x0000000100000000)
  eden space 33280K, 100% used [0x00000000eaa80000,0x00000000ecb00000,0x00000000ecb00000)
  from space 5120K, 0% used [0x00000000ed000000,0x00000000ed000000,0x00000000ed500000)
  to   space 5120K, 0% used [0x00000000ecb00000,0x00000000ecb00000,0x00000000ed000000)
 ParOldGen       total 86016K, used 0K [0x00000000c0000000, 0x00000000c5400000, 0x00000000eaa80000)
  object space 86016K, 0% used [0x00000000c0000000,0x00000000c0000000,0x00000000c5400000)
 PSPermGen       total 21504K, used 5767K [0x00000000bae00000, 0x00000000bc300000, 0x00000000c0000000)
  object space 21504K, 26% used [0x00000000bae00000,0x00000000bb3a1e10,0x00000000bc300000)
Event: 3.822 GC heap after
Heap after GC invocations=1 (full 0):
 PSYoungGen      total 38400K, used 5098K [0x00000000eaa80000, 0x00000000ef580000, 0x0000000100000000)
  eden space 33280K, 0% used [0x00000000eaa80000,0x00000000eaa80000,0x00000000ecb00000)
  from space 5120K, 99% used [0x00000000ecb00000,0x00000000ecffabb0,0x00000000ed000000)
  to   space 5120K, 0% used [0x00000000ef080000,0x00000000ef080000,0x00000000ef580000)
 ParOldGen       total 86016K, used 2301K [0x00000000c0000000, 0x00000000c5400000, 0x00000000eaa80000)
  object space 86016K, 2% used [0x00000000c0000000,0x00000000c023f630,0x00000000c5400000)
 PSPermGen       total 21504K, used 5767K [0x00000000bae00000, 0x00000000bc300000, 0x00000000c0000000)
  object space 21504K, 26% used [0x00000000bae00000,0x00000000bb3a1e10,0x00000000bc300000)
}
Event: 5.067 GC heap before
{Heap before GC invocations=2 (full 0):
 PSYoungGen      total 38400K, used 38378K [0x00000000eaa80000, 0x00000000ef580000, 0x0000000100000000)
  eden space 33280K, 100% used [0x00000000eaa80000,0x00000000ecb00000,0x00000000ecb00000)
  from space 5120K, 99% used [0x00000000ecb00000,0x00000000ecffabb0,0x00000000ed000000)
  to   space 5120K, 0% used [0x00000000ef080000,0x00000000ef080000,0x00000000ef580000)
 ParOldGen       total 86016K, used 2301K [0x00000000c0000000, 0x00000000c5400000, 0x00000000eaa80000)
  object space 86016K, 2% used [0x00000000c0000000,0x00000000c023f630,0x00000000c5400000)
 PSPermGen       total 21504K, used 5829K [0x00000000bae00000, 0x00000000bc300000, 0x00000000c0000000)
  object space 21504K, 27% used [0x00000000bae00000,0x00000000bb3b1640,0x00000000bc300000)
Event: 5.207 GC heap after
Heap after GC invocations=2 (full 0):
 PSYoungGen      total 71680K, used 5102K [0x00000000eaa80000, 0x00000000ef580000, 0x0000000100000000)
  eden space 66560K, 0% used [0x00000000eaa80000,0x00000000eaa80000,0x00000000eeb80000)
  from space 5120K, 99% used [0x00000000ef080000,0x00000000ef57b9a8,0x00000000ef580000)
  to   space 5120K, 0% used [0x00000000eeb80000,0x00000000eeb80000,0x00000000ef080000)
 ParOldGen       total 86016K, used 7166K [0x00000000c0000000, 0x00000000c5400000, 0x00000000eaa80000)
  object space 86016K, 8% used [0x00000000c0000000,0x00000000c06ff9f0,0x00000000c5400000)
 PSPermGen       total 21504K, used 5829K [0x00000000bae00000, 0x00000000bc300000, 0x00000000c0000000)
  object space 21504K, 27% used [0x00000000bae00000,0x00000000bb3b1640,0x00000000bc300000)
}
Event: 9.538 GC heap before
{Heap before GC invocations=3 (full 0):
 PSYoungGen      total 71680K, used 71662K [0x00000000eaa80000, 0x00000000ef580000, 0x0000000100000000)
  eden space 66560K, 100% used [0x00000000eaa80000,0x00000000eeb80000,0x00000000eeb80000)
  from space 5120K, 99% used [0x00000000ef080000,0x00000000ef57b9a8,0x00000000ef580000)
  to   space 5120K, 0% used [0x00000000eeb80000,0x00000000eeb80000,0x00000000ef080000)
 ParOldGen       total 86016K, used 7166K [0x00000000c0000000, 0x00000000c5400000, 0x00000000eaa80000)
  object space 86016K, 8% used [0x00000000c0000000,0x00000000c06ff9f0,0x00000000c5400000)
 PSPermGen       total 21504K, used 5877K [0x00000000bae00000, 0x00000000bc300000, 0x00000000c0000000)
  object space 21504K, 27% used [0x00000000bae00000,0x00000000bb3bd440,0x00000000bc300000)
Event: 9.837 GC heap after
Heap after GC invocations=3 (full 0):
 PSYoungGen      total 71680K, used 5112K [0x00000000eaa80000, 0x00000000f3680000, 0x0000000100000000)
  eden space 66560K, 0% used [0x00000000eaa80000,0x00000000eaa80000,0x00000000eeb80000)
  from space 5120K, 99% used [0x00000000eeb80000,0x00000000ef07e0f0,0x00000000ef080000)
  to   space 5120K, 0% used [0x00000000f3180000,0x00000000f3180000,0x00000000f3680000)
 ParOldGen       total 86016K, used 16800K [0x00000000c0000000, 0x00000000c5400000, 0x00000000eaa80000)
  object space 86016K, 19% used [0x00000000c0000000,0x00000000c1068268,0x00000000c5400000)
 PSPermGen       total 21504K, used 5877K [0x00000000bae00000, 0x00000000bc300000, 0x00000000c0000000)
  object space 21504K, 27% used [0x00000000bae00000,0x00000000bb3bd440,0x00000000bc300000)
}

Deoptimization events (10 events):
Event: 1.379 Thread 0x00000000020fe800 Uncommon trap: reason=null_check action=make_not_entrant pc=0x00000000026d3e10 method=com.android.dx.ssa.SsaRenamer.getLocalForNewReg(I)Lcom/android/dx/rop/code/LocalItem; @ 19
Event: 3.886 Thread 0x0000000009c82800 Uncommon trap: reason=unreached action=reinterpret pc=0x00000000026fb660 method=com.android.dx.ssa.LocalVariableExtractor.processBlock(I)V @ 251
Event: 6.695 Thread 0x00000000020fe800 Uncommon trap: reason=unreached action=reinterpret pc=0x0000000002720e9c method=com.android.dx.ssa.SCCP.simulateBranch(Lcom/android/dx/ssa/SsaInsn;)V @ 329
Event: 7.102 Thread 0x0000000009d23000 Uncommon trap: reason=bimorphic action=maybe_recompile pc=0x00000000027c6510 method=com.android.dx.cf.code.BytecodeArray.parseInstruction(ILcom/android/dx/cf/code/BytecodeArray$Visitor;)I @ 2484
Event: 7.102 Thread 0x0000000009d23000 Uncommon trap: reason=bimorphic action=maybe_recompile pc=0x00000000027c6510 method=com.android.dx.cf.code.BytecodeArray.parseInstruction(ILcom/android/dx/cf/code/BytecodeArray$Visitor;)I @ 2484
Event: 7.113 Thread 0x0000000009c82800 Uncommon trap: reason=class_check action=maybe_recompile pc=0x00000000027c70b4 method=com.android.dx.cf.code.BytecodeArray.parseInstruction(ILcom/android/dx/cf/code/BytecodeArray$Visitor;)I @ 987
Event: 7.113 Thread 0x0000000009c82800 Uncommon trap: reason=class_check action=maybe_recompile pc=0x00000000027c70b4 method=com.android.dx.cf.code.BytecodeArray.parseInstruction(ILcom/android/dx/cf/code/BytecodeArray$Visitor;)I @ 987
Event: 7.113 Thread 0x0000000009c82800 Uncommon trap: reason=class_check action=maybe_recompile pc=0x00000000027c70b4 method=com.android.dx.cf.code.BytecodeArray.parseInstruction(ILcom/android/dx/cf/code/BytecodeArray$Visitor;)I @ 987
Event: 7.113 Thread 0x0000000009c82800 Uncommon trap: reason=class_check action=maybe_recompile pc=0x00000000027c70b4 method=com.android.dx.cf.code.BytecodeArray.parseInstruction(ILcom/android/dx/cf/code/BytecodeArray$Visitor;)I @ 987
Event: 9.910 Thread 0x0000000009d23000 Uncommon trap: reason=null_check action=make_not_entrant pc=0x000000000286f224 method=com.android.dx.dex.file.MethodIdsSection.intern(Lcom/android/dx/rop/cst/CstBaseMethodRef;)Lcom/android/dx/dex/file/MethodIdItem; @ 26

Internal exceptions (10 events):
Event: 1.048 Thread 0x00000000020fe800 Threw 0x00000000eb6c9db0 at C:\re\jdk7u79\2331\hotspot\src\share\vm\prims\jvm.cpp:1304
Event: 1.184 Thread 0x0000000009c82800 Threw 0x00000000ebc85700 at C:\re\jdk7u79\2331\hotspot\src\share\vm\prims\jvm.cpp:1304
Event: 1.212 Thread 0x00000000020fe800 Implicit null exception at 0x00000000026b4adb to 0x00000000026b51d5
Event: 1.260 Thread 0x00000000020fe800 Threw 0x00000000ebf44c28 at C:\re\jdk7u79\2331\hotspot\src\share\vm\prims\jvm.cpp:1304
Event: 1.378 Thread 0x00000000020fe800 Implicit null exception at 0x00000000026d8a84 to 0x00000000026d9ff9
Event: 1.379 Thread 0x00000000020fe800 Implicit null exception at 0x00000000026d3476 to 0x00000000026d3df5
Event: 1.452 Thread 0x00000000020fe800 Threw 0x00000000ec7fbea0 at C:\re\jdk7u79\2331\hotspot\src\share\vm\prims\jvm.cpp:1304
Event: 5.056 Thread 0x0000000009d23000 Threw 0x00000000ec97f510 at C:\re\jdk7u79\2331\hotspot\src\share\vm\prims\jvm.cpp:1304
Event: 5.368 Thread 0x0000000009d23000 Threw 0x00000000eb44c5f8 at C:\re\jdk7u79\2331\hotspot\src\share\vm\prims\jvm.cpp:1304
Event: 7.092 Thread 0x00000000020fe800 Threw 0x00000000ecd2cfa8 at C:\re\jdk7u79\2331\hotspot\src\share\vm\prims\jvm.cpp:1304

Events (10 events):
Event: 9.374 Thread 0x0000000008a45800 flushing nmethod 0x00000000026aa690
Event: 9.384 Thread 0x0000000008a45800 flushing nmethod 0x00000000026b4410
Event: 9.386 Thread 0x0000000008a41800 flushing nmethod 0x00000000026d3090
Event: 9.386 Thread 0x0000000008a41800 flushing nmethod 0x00000000026d8490
Event: 9.538 Executing VM operation: ParallelGCFailedAllocation
Event: 9.837 Executing VM operation: ParallelGCFailedAllocation done
Event: 9.841 Thread 0x0000000008a45800 flushing nmethod 0x00000000026fa510
Event: 9.910 Thread 0x0000000009d23000 Uncommon trap: trap_request=0xfffffff4 fr.pc=0x000000000286f224
Event: 9.910 Thread 0x0000000009d23000 DEOPT PACKING pc=0x000000000286f224 sp=0x000000000bf9f0c0
Event: 9.910 Thread 0x0000000009d23000 DEOPT UNPACKING pc=0x00000000026675a4 sp=0x000000000bf9f018 mode 2


Dynamic libraries:
0x000000013fe00000 - 0x000000013fe33000 	C:\Program Files\Java\jdk1.7.0_79\bin\java.exe
0x0000000077080000 - 0x0000000077229000 	C:\Windows\SYSTEM32\ntdll.dll
0x0000000076e40000 - 0x0000000076f5f000 	C:\Windows\system32\kernel32.dll
0x000007fefce70000 - 0x000007fefcedc000 	C:\Windows\system32\KERNELBASE.dll
0x000007fefd1f0000 - 0x000007fefd2cb000 	C:\Windows\system32\ADVAPI32.dll
0x000007fefdb60000 - 0x000007fefdbff000 	C:\Windows\system32\msvcrt.dll
0x000007feff290000 - 0x000007feff2af000 	C:\Windows\SYSTEM32\sechost.dll
0x000007fefd9c0000 - 0x000007fefdaed000 	C:\Windows\system32\RPCRT4.dll
0x0000000076f80000 - 0x000000007707a000 	C:\Windows\system32\USER32.dll
0x000007fefdd00000 - 0x000007fefdd67000 	C:\Windows\system32\GDI32.dll
0x000007feff2b0000 - 0x000007feff2be000 	C:\Windows\system32\LPK.dll
0x000007feff2c0000 - 0x000007feff389000 	C:\Windows\system32\USP10.dll
0x000007fefb1f0000 - 0x000007fefb3e4000 	C:\Windows\WinSxS\amd64_microsoft.windows.common-controls_6595b64144ccf1df_6.0.7601.18837_none_fa3b1e3d17594757\COMCTL32.dll
0x000007fefd2d0000 - 0x000007fefd341000 	C:\Windows\system32\SHLWAPI.dll
0x000007fefe200000 - 0x000007fefe22e000 	C:\Windows\system32\IMM32.DLL
0x000007fefdee0000 - 0x000007fefdfe9000 	C:\Windows\system32\MSCTF.dll
0x000007fefcd60000 - 0x000007fefcd92000 	C:\Windows\system32\nvinitx.dll
0x0000000050f10000 - 0x0000000050fe2000 	C:\Program Files\Java\jdk1.7.0_79\jre\bin\msvcr100.dll
0x000000006e6e0000 - 0x000000006eeb5000 	C:\Program Files\Java\jdk1.7.0_79\jre\bin\server\jvm.dll
0x000007fef50d0000 - 0x000007fef50d9000 	C:\Windows\system32\WSOCK32.dll
0x000007fefdb10000 - 0x000007fefdb5d000 	C:\Windows\system32\WS2_32.dll
0x000007fefde50000 - 0x000007fefde58000 	C:\Windows\system32\NSI.dll
0x000007fefb9f0000 - 0x000007fefba2b000 	C:\Windows\system32\WINMM.dll
0x0000000077240000 - 0x0000000077247000 	C:\Windows\system32\PSAPI.DLL
0x0000000068a60000 - 0x0000000068a6f000 	C:\Program Files\Java\jdk1.7.0_79\jre\bin\verify.dll
0x0000000054e10000 - 0x0000000054e38000 	C:\Program Files\Java\jdk1.7.0_79\jre\bin\java.dll
0x00000000689d0000 - 0x00000000689e5000 	C:\Program Files\Java\jdk1.7.0_79\jre\bin\zip.dll
0x00000000551e0000 - 0x00000000551fa000 	C:\Program Files\Java\jdk1.7.0_79\jre\bin\net.dll
0x000007fefc5b0000 - 0x000007fefc605000 	C:\Windows\system32\mswsock.dll
0x000007fefc830000 - 0x000007fefc837000 	C:\Windows\System32\wship6.dll
0x0000000054df0000 - 0x0000000054e01000 	C:\Program Files\Java\jdk1.7.0_79\jre\bin\nio.dll

VM Arguments:
jvm_args: -Xmx1024M -Dfile.encoding=windows-1252 -Duser.country=US -Duser.language=en -Duser.variant 
java_command: com.android.dx.command.Main --dex --num-threads=4 --output C:\Users\rlucas\AndroidStudioProjects\FastRoute\app\build\intermediates\pre-dexed\debug\classes-56955de8b37070cd8bc949712c8eefe5de087fbb.jar C:\Users\rlucas\AndroidStudioProjects\FastRoute\app\build\intermediates\exploded-aar\com.android.support\appcompat-v7\23.0.1\jars\classes.jar
Launcher Type: SUN_STANDARD

Environment Variables:
JAVA_HOME=C:\jdk1.6.0_45
PATH=C:\Windows\system32;C:\Windows;C:\Windows\System32\Wbem;C:\Windows\System32\WindowsPowerShell\v1.0\;C:\Program Files (x86)\Common Files\Roxio Shared\OEM\DLLShared\;C:\Program Files (x86)\Common Files\Roxio Shared\OEM\DLLShared\;C:\Program Files (x86)\Common Files\Roxio Shared\OEM\12.0\DLLShared\;C:\Program Files (x86)\Roxio\OEM\AudioCore\;C:\Program Files\TortoiseSVN\bin;C:\bin\apache-ant-1.8.2\bin;C:\bin\php-5.5.6-Win32-VC11-x64;C:\Program Files (x86)\DAMIANI\Jasob 4.0;C:\Program Files (x86)\VisualSVN Server\bin;C:\Program Files (x86)\Loquendo\LTTS7\bin;C:\apache-ant-1.9.4\bin;C:\jdk1.6.0_45\bin;C:\Program Files (x86)\Genesis Mobile\Jasob 4.1;C:\Program Files (x86)\Microsoft SQL Server\100\Tools\Binn\;C:\Program Files\Microsoft SQL Server\100\Tools\Binn\;C:\Program Files\Microsoft SQL Server\100\DTS\Binn\;C:\Program Files (x86)\Microsoft SQL Server\100\Tools\Binn\VSShell\Common7\IDE\;C:\Program Files (x86)\Microsoft Visual Studio 9.0\Common7\IDE\PrivateAssemblies\;C:\Program Files (x86)\Microsoft SQL Server\100\DTS\Binn\;C:\PROGRA~2\Groovy\GROOVY~1.3\bin;C:\Users\rlucas\apache-maven-3.2.5\bin;C:\Program Files\Apache Software Foundation\Tomcat 6.0\bin;C:\Program Files (x86)\Skype\Phone\;.;;.;
USERNAME=rlucas
OS=Windows_NT
PROCESSOR_IDENTIFIER=Intel64 Family 6 Model 42 Stepping 7, GenuineIntel



---------------  S Y S T E M  ---------------

OS: Windows 7 , 64 bit Build 7601 Service Pack 1

CPU:total 8 (4 cores per cpu, 2 threads per core) family 6 model 42 stepping 7, cmov, cx8, fxsr, mmx, sse, sse2, sse3, ssse3, sse4.1, sse4.2, popcnt, avx, aes, ht, tsc, tscinvbit

Memory: 4k page, physical 8266684k(312140k free), swap 10361996k(6240k free)

vm_info: Java HotSpot(TM) 64-Bit Server VM (24.79-b02) for windows-amd64 JRE (1.7.0_79-b15), built on Apr 10 2015 12:36:16 by "java_re" with unknown MS VC++:1600

time: Tue Sep 29 11:11:55 2015
elapsed time: 10 seconds

