#
# There is insufficient memory for the Java Runtime Environment to continue.
# Native memory allocation (malloc) failed to allocate 65552 bytes for Chunk::new
# Possible reasons:
#   The system is out of physical RAM or swap space
#   In 32 bit mode, the process size limit was hit
# Possible solutions:
#   Reduce memory load on the system
#   Increase physical memory or swap space
#   Check if swap backing store is full
#   Use 64 bit Java on a 64 bit OS
#   Decrease Java heap size (-Xmx/-Xms)
#   Decrease number of Java threads
#   Decrease Java thread stack sizes (-Xss)
#   Set larger code cache with -XX:ReservedCodeCacheSize=
# This output file may be truncated or incomplete.
#
#  Out of Memory Error (allocation.cpp:323), pid=3884, tid=11340
#
# JRE version: Java(TM) SE Runtime Environment (7.0_79-b15) (build 1.7.0_79-b15)
# Java VM: Java HotSpot(TM) 64-Bit Server VM (24.79-b02 mixed mode windows-amd64 compressed oops)
# Failed to write core dump. Minidumps are not enabled by default on client versions of Windows
#

---------------  T H R E A D  ---------------

Current thread (0x0000000008bb3000):  JavaThread "C2 CompilerThread0" daemon [_thread_in_native, id=11340, stack(0x000000000b1b0000,0x000000000b2b0000)]

Stack: [0x000000000b1b0000,0x000000000b2b0000]
[error occurred during error reporting (printing stack bounds), id 0xc0000005]


[error occurred during error reporting (printing native stack), id 0xc0000005]


Current CompileTask:
C2:   5120  211             com.android.dx.ssa.SsaBasicBlock::newFromRop (183 bytes)


---------------  P R O C E S S  ---------------

Java Threads: ( => current thread )
  0x0000000009cb7800 JavaThread "pool-1-thread-4" [_thread_in_Java, id=12144, stack(0x000000000bf00000,0x000000000c000000)]
  0x0000000009cb7000 JavaThread "pool-1-thread-3" [_thread_in_vm, id=12192, stack(0x000000000bd80000,0x000000000be80000)]
  0x0000000009cb3000 JavaThread "pool-1-thread-2" [_thread_in_Java, id=12368, stack(0x000000000bbb0000,0x000000000bcb0000)]
  0x0000000009cb1000 JavaThread "pool-2-thread-1" [_thread_blocked, id=13060, stack(0x000000000b9c0000,0x000000000bac0000)]
  0x0000000009c15000 JavaThread "pool-1-thread-1" [_thread_in_Java, id=8932, stack(0x000000000b4a0000,0x000000000b5a0000)]
  0x0000000008bbd000 JavaThread "Service Thread" daemon [_thread_blocked, id=7276, stack(0x000000000b360000,0x000000000b460000)]
  0x0000000008bb7800 JavaThread "C2 CompilerThread1" daemon [_thread_in_native, id=11948, stack(0x000000000aec0000,0x000000000afc0000)]
=>0x0000000008bb3000 JavaThread "C2 CompilerThread0" daemon [_thread_in_native, id=11340, stack(0x000000000b1b0000,0x000000000b2b0000)]
  0x0000000008bb2000 JavaThread "Attach Listener" daemon [_thread_blocked, id=12880, stack(0x000000000aa60000,0x000000000ab60000)]
  0x0000000008bb1000 JavaThread "Signal Dispatcher" daemon [_thread_blocked, id=10000, stack(0x000000000b000000,0x000000000b100000)]
  0x0000000008ba1800 JavaThread "Finalizer" daemon [_thread_blocked, id=12352, stack(0x000000000ad70000,0x000000000ae70000)]
  0x0000000002249800 JavaThread "Reference Handler" daemon [_thread_blocked, id=8832, stack(0x000000000ac70000,0x000000000ad70000)]
  0x00000000000fe800 JavaThread "main" [_thread_in_vm, id=9808, stack(0x0000000002590000,0x0000000002690000)]

Other Threads:
  0x0000000008b9e000 VMThread [stack: 0x000000000ab70000,0x000000000ac70000] [id=9688]
  0x0000000008bbe800 WatcherThread [stack: 0x000000000b5c0000,0x000000000b6c0000] [id=8752]

VM state:not at safepoint (normal execution)

VM Mutex/Monitor currently owned by a thread: None

Heap
 PSYoungGen      total 38400K, used 27172K [0x00000000eaa80000, 0x00000000ef580000, 0x0000000100000000)
  eden space 33280K, 66% used [0x00000000eaa80000,0x00000000ec00e8e8,0x00000000ecb00000)
  from space 5120K, 99% used [0x00000000ecb00000,0x00000000ecffaab8,0x00000000ed000000)
  to   space 5120K, 0% used [0x00000000ef080000,0x00000000ef080000,0x00000000ef580000)
 ParOldGen       total 86016K, used 1756K [0x00000000c0000000, 0x00000000c5400000, 0x00000000eaa80000)
  object space 86016K, 2% used [0x00000000c0000000,0x00000000c01b7338,0x00000000c5400000)
 PSPermGen       total 21504K, used 5777K [0x00000000bae00000, 0x00000000bc300000, 0x00000000c0000000)
  object space 21504K, 26% used [0x00000000bae00000,0x00000000bb3a4458,0x00000000bc300000)

Card table byte_map: [0x0000000005690000,0x00000000058c0000] byte_map_base: 0x00000000050b9000

Polling page: 0x0000000000140000

Code Cache  [0x0000000002690000, 0x0000000002900000, 0x0000000005690000)
 total_blobs=447 nmethods=210 adapters=189 free_code_cache=48325Kb largest_free_block=49453696

Compilation events (10 events):
Event: 2.423 Thread 0x0000000008bb3000 nmethod 206 0x00000000027517d0 code [0x0000000002751920, 0x0000000002751a38]
Event: 2.423 Thread 0x0000000008bb3000  207             com.android.dx.rop.code.Rop::isCallLike (5 bytes)
Event: 2.424 Thread 0x0000000008bb3000 nmethod 207 0x0000000002748650 code [0x0000000002748780, 0x00000000027487d8]
Event: 2.424 Thread 0x0000000008bb3000  208             com.android.dx.rop.code.LocalVariableExtractor::processBlock (327 bytes)
Event: 5.097 Thread 0x0000000008bb3000 nmethod 208 0x0000000002762050 code [0x0000000002762300, 0x0000000002763ca0]
Event: 5.097 Thread 0x0000000008bb3000  209             java.util.HashMap::<init> (9 bytes)
Event: 5.098 Thread 0x0000000008bb3000 nmethod 209 0x0000000002751150 code [0x00000000027512a0, 0x0000000002751358]
Event: 5.098 Thread 0x0000000008bb3000  210             com.android.dx.ssa.SsaRenamer::access$000 (5 bytes)
Event: 5.098 Thread 0x0000000008bb3000 nmethod 210 0x0000000002750f50 code [0x0000000002751080, 0x00000000027510d8]
Event: 5.098 Thread 0x0000000008bb3000  211             com.android.dx.ssa.SsaBasicBlock::newFromRop (183 bytes)

GC Heap History (2 events):
Event: 3.128 GC heap before
{Heap before GC invocations=1 (full 0):
 PSYoungGen      total 38400K, used 33280K [0x00000000eaa80000, 0x00000000ed500000, 0x0000000100000000)
  eden space 33280K, 100% used [0x00000000eaa80000,0x00000000ecb00000,0x00000000ecb00000)
  from space 5120K, 0% used [0x00000000ed000000,0x00000000ed000000,0x00000000ed500000)
  to   space 5120K, 0% used [0x00000000ecb00000,0x00000000ecb00000,0x00000000ed000000)
 ParOldGen       total 86016K, used 0K [0x00000000c0000000, 0x00000000c5400000, 0x00000000eaa80000)
  object space 86016K, 0% used [0x00000000c0000000,0x00000000c0000000,0x00000000c5400000)
 PSPermGen       total 21504K, used 5726K [0x00000000bae00000, 0x00000000bc300000, 0x00000000c0000000)
  object space 21504K, 26% used [0x00000000bae00000,0x00000000bb397ac0,0x00000000bc300000)
Event: 4.575 GC heap after
Heap after GC invocations=1 (full 0):
 PSYoungGen      total 38400K, used 5098K [0x00000000eaa80000, 0x00000000ef580000, 0x0000000100000000)
  eden space 33280K, 0% used [0x00000000eaa80000,0x00000000eaa80000,0x00000000ecb00000)
  from space 5120K, 99% used [0x00000000ecb00000,0x00000000ecffaab8,0x00000000ed000000)
  to   space 5120K, 0% used [0x00000000ef080000,0x00000000ef080000,0x00000000ef580000)
 ParOldGen       total 86016K, used 1756K [0x00000000c0000000, 0x00000000c5400000, 0x00000000eaa80000)
  object space 86016K, 2% used [0x00000000c0000000,0x00000000c01b7338,0x00000000c5400000)
 PSPermGen       total 21504K, used 5726K [0x00000000bae00000, 0x00000000bc300000, 0x00000000c0000000)
  object space 21504K, 26% used [0x00000000bae00000,0x00000000bb397ac0,0x00000000bc300000)
}

Deoptimization events (1 events):
Event: 1.310 Thread 0x0000000009cb7800 Uncommon trap: reason=null_check action=make_not_entrant pc=0x0000000002708d94 method=com.android.dx.rop.code.LocalItem.equals(Ljava/lang/Object;)Z @ 1

Internal exceptions (10 events):
Event: 1.178 Thread 0x00000000000fe800 Threw 0x00000000eb5d2828 at C:\re\jdk7u79\2331\hotspot\src\share\vm\prims\jvm.cpp:1304
Event: 1.204 Thread 0x00000000000fe800 Threw 0x00000000eb63c9f0 at C:\re\jdk7u79\2331\hotspot\src\share\vm\prims\jvm.cpp:1304
Event: 1.223 Thread 0x0000000009c15000 Threw 0x00000000eb4828a8 at C:\re\jdk7u79\2331\hotspot\src\share\vm\prims\jvm.cpp:1304
Event: 1.242 Thread 0x0000000009cb7800 Threw 0x00000000eb6d7678 at C:\re\jdk7u79\2331\hotspot\src\share\vm\prims\jvm.cpp:1304
Event: 1.245 Thread 0x00000000000fe800 Threw 0x00000000eb72de50 at C:\re\jdk7u79\2331\hotspot\src\share\vm\prims\jvm.cpp:1304
Event: 1.295 Thread 0x00000000000fe800 Threw 0x00000000eb737d68 at C:\re\jdk7u79\2331\hotspot\src\share\vm\prims\jvm.cpp:1304
Event: 1.295 Thread 0x00000000000fe800 Threw 0x00000000eb73a168 at C:\re\jdk7u79\2331\hotspot\src\share\vm\prims\jvm.cpp:1304
Event: 1.308 Thread 0x0000000009cb3000 Threw 0x00000000eb7a9050 at C:\re\jdk7u79\2331\hotspot\src\share\vm\prims\jvm.cpp:1304
Event: 1.310 Thread 0x0000000009cb7800 Implicit null exception at 0x0000000002708a35 to 0x0000000002708d7d
Event: 1.790 Thread 0x0000000009cb7000 Threw 0x00000000ebdedad8 at C:\re\jdk7u79\2331\hotspot\src\share\vm\prims\jvm.cpp:1304

Events (10 events):
Event: 1.310 loading class 0x00000000089f1130
Event: 1.310 loading class 0x00000000089f1130 done
Event: 1.310 loading class 0x00000000089f1100
Event: 1.310 loading class 0x00000000089f1100 done
Event: 1.319 loading class 0x00000000089f7070
Event: 1.320 loading class 0x00000000089f7070 done
Event: 1.790 loading class 0x0000000009c84960
Event: 1.790 loading class 0x0000000009c84960 done
Event: 2.425 Executing VM operation: ParallelGCFailedAllocation
Event: 4.575 Executing VM operation: ParallelGCFailedAllocation done


Dynamic libraries:
0x000000013f700000 - 0x000000013f733000 	C:\Program Files\Java\jdk1.7.0_79\bin\java.exe
0x0000000076f00000 - 0x00000000770a9000 	C:\Windows\SYSTEM32\ntdll.dll
0x0000000076ce0000 - 0x0000000076dff000 	C:\Windows\system32\kernel32.dll
0x000007fefccd0000 - 0x000007fefcd3c000 	C:\Windows\system32\KERNELBASE.dll
0x000007feff020000 - 0x000007feff0fb000 	C:\Windows\system32\ADVAPI32.dll
0x000007fefee40000 - 0x000007fefeedf000 	C:\Windows\system32\msvcrt.dll
0x000007feff000000 - 0x000007feff01f000 	C:\Windows\SYSTEM32\sechost.dll
0x000007fefe990000 - 0x000007fefeabd000 	C:\Windows\system32\RPCRT4.dll
0x0000000076e00000 - 0x0000000076efa000 	C:\Windows\system32\USER32.dll
0x000007fefe3a0000 - 0x000007fefe407000 	C:\Windows\system32\GDI32.dll
0x000007fefee30000 - 0x000007fefee3e000 	C:\Windows\system32\LPK.dll
0x000007fefde90000 - 0x000007fefdf59000 	C:\Windows\system32\USP10.dll
0x000007fefae40000 - 0x000007fefb034000 	C:\Windows\WinSxS\amd64_microsoft.windows.common-controls_6595b64144ccf1df_6.0.7601.18837_none_fa3b1e3d17594757\COMCTL32.dll
0x000007fefd070000 - 0x000007fefd0e1000 	C:\Windows\system32\SHLWAPI.dll
0x000007fefe890000 - 0x000007fefe8be000 	C:\Windows\system32\IMM32.DLL
0x000007feff100000 - 0x000007feff209000 	C:\Windows\system32\MSCTF.dll
0x000007fefcbe0000 - 0x000007fefcc12000 	C:\Windows\system32\nvinitx.dll
0x0000000067930000 - 0x0000000067a02000 	C:\Program Files\Java\jdk1.7.0_79\jre\bin\msvcr100.dll
0x000000006ecf0000 - 0x000000006f4c5000 	C:\Program Files\Java\jdk1.7.0_79\jre\bin\server\jvm.dll
0x000007fef4f50000 - 0x000007fef4f59000 	C:\Windows\system32\WSOCK32.dll
0x000007fefe8c0000 - 0x000007fefe90d000 	C:\Windows\system32\WS2_32.dll
0x000007fefde80000 - 0x000007fefde88000 	C:\Windows\system32\NSI.dll
0x000007fefb6b0000 - 0x000007fefb6eb000 	C:\Windows\system32\WINMM.dll
0x00000000770d0000 - 0x00000000770d7000 	C:\Windows\system32\PSAPI.DLL
0x0000000074430000 - 0x000000007443f000 	C:\Program Files\Java\jdk1.7.0_79\jre\bin\verify.dll
0x00000000743c0000 - 0x00000000743e8000 	C:\Program Files\Java\jdk1.7.0_79\jre\bin\java.dll
0x0000000074410000 - 0x0000000074425000 	C:\Program Files\Java\jdk1.7.0_79\jre\bin\zip.dll
0x00000000743a0000 - 0x00000000743ba000 	C:\Program Files\Java\jdk1.7.0_79\jre\bin\net.dll
0x000007fefc450000 - 0x000007fefc4a5000 	C:\Windows\system32\mswsock.dll
0x000007fefc440000 - 0x000007fefc447000 	C:\Windows\System32\wship6.dll
0x0000000074380000 - 0x0000000074391000 	C:\Program Files\Java\jdk1.7.0_79\jre\bin\nio.dll

VM Arguments:
jvm_args: -Xmx1024M -Dfile.encoding=windows-1252 -Duser.country=US -Duser.language=en -Duser.variant 
java_command: com.android.dx.command.Main --dex --num-threads=4 --output C:\Users\rlucas\AndroidStudioProjects\FastRoute\app\build\intermediates\pre-dexed\debug\classes-89061269eab780b2a1ef2252ba1d4a5a0db822f9.jar C:\Users\rlucas\AndroidStudioProjects\FastRoute\app\build\intermediates\exploded-aar\com.google.android.gms\play-services-plus\7.8.0\jars\classes.jar
Launcher Type: SUN_STANDARD

Environment Variables:
JAVA_HOME=C:\jdk1.6.0_45
PATH=C:\Windows\system32;C:\Windows;C:\Windows\System32\Wbem;C:\Windows\System32\WindowsPowerShell\v1.0\;C:\Program Files (x86)\Common Files\Roxio Shared\OEM\DLLShared\;C:\Program Files (x86)\Common Files\Roxio Shared\OEM\DLLShared\;C:\Program Files (x86)\Common Files\Roxio Shared\OEM\12.0\DLLShared\;C:\Program Files (x86)\Roxio\OEM\AudioCore\;C:\Program Files\TortoiseSVN\bin;C:\bin\apache-ant-1.8.2\bin;C:\bin\php-5.5.6-Win32-VC11-x64;C:\Program Files (x86)\DAMIANI\Jasob 4.0;C:\Program Files (x86)\VisualSVN Server\bin;C:\Program Files (x86)\Loquendo\LTTS7\bin;C:\apache-ant-1.9.4\bin;C:\jdk1.6.0_45\bin;C:\Program Files (x86)\Genesis Mobile\Jasob 4.1;C:\Program Files (x86)\Microsoft SQL Server\100\Tools\Binn\;C:\Program Files\Microsoft SQL Server\100\Tools\Binn\;C:\Program Files\Microsoft SQL Server\100\DTS\Binn\;C:\Program Files (x86)\Microsoft SQL Server\100\Tools\Binn\VSShell\Common7\IDE\;C:\Program Files (x86)\Microsoft Visual Studio 9.0\Common7\IDE\PrivateAssemblies\;C:\Program Files (x86)\Microsoft SQL Server\100\DTS\Binn\;C:\PROGRA~2\Groovy\GROOVY~1.3\bin;C:\Users\rlucas\apache-maven-3.2.5\bin;C:\Program Files\Apache Software Foundation\Tomcat 6.0\bin;C:\Program Files (x86)\Skype\Phone\;.;;.;;.;
USERNAME=rlucas
OS=Windows_NT
PROCESSOR_IDENTIFIER=Intel64 Family 6 Model 42 Stepping 7, GenuineIntel



---------------  S Y S T E M  ---------------

OS: Windows 7 , 64 bit Build 7601 Service Pack 1

CPU:total 8 (4 cores per cpu, 2 threads per core) family 6 model 42 stepping 7, cmov, cx8, fxsr, mmx, sse, sse2, sse3, ssse3, sse4.1, sse4.2, popcnt, avx, aes, ht, tsc, tscinvbit

Memory: 4k page, physical 8266684k(455892k free), swap 10311956k(19468k free)

vm_info: Java HotSpot(TM) 64-Bit Server VM (24.79-b02) for windows-amd64 JRE (1.7.0_79-b15), built on Apr 10 2015 12:36:16 by "java_re" with unknown MS VC++:1600

time: Fri Sep 18 15:27:23 2015
elapsed time: 5 seconds

