#
# There is insufficient memory for the Java Runtime Environment to continue.
# Native memory allocation (malloc) failed to allocate 65552 bytes for Chunk::new
# Possible reasons:
#   The system is out of physical RAM or swap space
#   In 32 bit mode, the process size limit was hit
# Possible solutions:
#   Reduce memory load on the system
#   Increase physical memory or swap space
#   Check if swap backing store is full
#   Use 64 bit Java on a 64 bit OS
#   Decrease Java heap size (-Xmx/-Xms)
#   Decrease number of Java threads
#   Decrease Java thread stack sizes (-Xss)
#   Set larger code cache with -XX:ReservedCodeCacheSize=
# This output file may be truncated or incomplete.
#
#  Out of Memory Error (allocation.cpp:323), pid=11520, tid=5072
#
# JRE version: Java(TM) SE Runtime Environment (7.0_79-b15) (build 1.7.0_79-b15)
# Java VM: Java HotSpot(TM) 64-Bit Server VM (24.79-b02 mixed mode windows-amd64 compressed oops)
# Failed to write core dump. Minidumps are not enabled by default on client versions of Windows
#

---------------  T H R E A D  ---------------

Current thread (0x0000000008c29000):  JavaThread "C2 CompilerThread1" daemon [_thread_in_native, id=5072, stack(0x000000000b580000,0x000000000b680000)]

Stack: [0x000000000b580000,0x000000000b680000]
[error occurred during error reporting (printing stack bounds), id 0xc0000005]


[error occurred during error reporting (printing native stack), id 0xc0000005]


Current CompileTask:
C2:   2702  197             com.android.dx.ssa.SCCP::run (298 bytes)


---------------  P R O C E S S  ---------------

Java Threads: ( => current thread )
  0x0000000009f07000 JavaThread "pool-1-thread-4" [_thread_in_vm, id=12276, stack(0x000000000c460000,0x000000000c560000)]
  0x0000000009f0a000 JavaThread "pool-1-thread-3" [_thread_blocked, id=7352, stack(0x000000000b480000,0x000000000b580000)]
  0x0000000009f3a000 JavaThread "pool-1-thread-2" [_thread_in_Java, id=7692, stack(0x000000000c230000,0x000000000c330000)]
  0x0000000009f38000 JavaThread "pool-2-thread-1" [_thread_blocked, id=6084, stack(0x000000000c040000,0x000000000c140000)]
  0x0000000009ecd000 JavaThread "pool-1-thread-1" [_thread_in_vm, id=11176, stack(0x000000000be00000,0x000000000bf00000)]
  0x0000000008c2f000 JavaThread "Service Thread" daemon [_thread_blocked, id=12184, stack(0x000000000b770000,0x000000000b870000)]
=>0x0000000008c29000 JavaThread "C2 CompilerThread1" daemon [_thread_in_native, id=5072, stack(0x000000000b580000,0x000000000b680000)]
  0x0000000008c25000 JavaThread "C2 CompilerThread0" daemon [_thread_blocked, id=5264, stack(0x000000000afb0000,0x000000000b0b0000)]
  0x0000000008c24800 JavaThread "Attach Listener" daemon [_thread_blocked, id=4768, stack(0x000000000b310000,0x000000000b410000)]
  0x0000000008c23800 JavaThread "Signal Dispatcher" daemon [_thread_blocked, id=7616, stack(0x000000000b120000,0x000000000b220000)]
  0x0000000008c16800 JavaThread "Finalizer" daemon [_thread_blocked, id=11332, stack(0x000000000ac00000,0x000000000ad00000)]
  0x0000000008c10800 JavaThread "Reference Handler" daemon [_thread_blocked, id=8992, stack(0x000000000ae90000,0x000000000af90000)]
  0x00000000022ae800 JavaThread "main" [_thread_in_vm, id=9392, stack(0x0000000002360000,0x0000000002460000)]

Other Threads:
  0x0000000008c0d800 VMThread [stack: 0x000000000ad70000,0x000000000ae70000] [id=8888]
  0x0000000009cd4800 WatcherThread [stack: 0x000000000b940000,0x000000000ba40000] [id=11856]

VM state:synchronizing (normal execution)

VM Mutex/Monitor currently owned by a thread:  ([mutex/lock_event])
[0x00000000022ac8e0] Safepoint_lock - owner thread: 0x0000000008c0d800
[0x00000000022ac960] Threads_lock - owner thread: 0x0000000008c0d800
[0x00000000022ace60] Heap_lock - owner thread: 0x0000000009f0a000

Heap
 PSYoungGen      total 38400K, used 38391K [0x00000000eaa80000, 0x00000000ef580000, 0x0000000100000000)
  eden space 33280K, 100% used [0x00000000eaa80000,0x00000000ecb00000,0x00000000ecb00000)
  from space 5120K, 99% used [0x00000000ecb00000,0x00000000ecffdc88,0x00000000ed000000)
  to   space 5120K, 0% used [0x00000000ef080000,0x00000000ef080000,0x00000000ef580000)
 ParOldGen       total 86016K, used 1788K [0x00000000c0000000, 0x00000000c5400000, 0x00000000eaa80000)
  object space 86016K, 2% used [0x00000000c0000000,0x00000000c01bf3b8,0x00000000c5400000)
 PSPermGen       total 21504K, used 5788K [0x00000000bae00000, 0x00000000bc300000, 0x00000000c0000000)
  object space 21504K, 26% used [0x00000000bae00000,0x00000000bb3a72b8,0x00000000bc300000)

Card table byte_map: [0x0000000005460000,0x0000000005690000] byte_map_base: 0x0000000004e89000

Polling page: 0x0000000000230000

Code Cache  [0x0000000002460000, 0x00000000026d0000, 0x0000000005460000)
 total_blobs=449 nmethods=212 adapters=189 free_code_cache=48191Kb largest_free_block=49308352

Compilation events (10 events):
Event: 2.046 Thread 0x0000000008c25000 nmethod 207 0x000000000254cfd0 code [0x000000000254d2c0, 0x000000000254f2e0]
Event: 2.046 Thread 0x0000000008c25000  209             com.android.dx.ssa.back.IdenticalBlockCombiner::process (323 bytes)
Event: 2.157 Thread 0x0000000008c25000 nmethod 209 0x00000000025518d0 code [0x0000000002551be0, 0x0000000002554368]
Event: 2.157 Thread 0x0000000008c25000  210             java.util.ArrayList::ensureCapacity (28 bytes)
Event: 2.158 Thread 0x0000000008c25000 nmethod 210 0x000000000251f890 code [0x000000000251f9e0, 0x000000000251faf8]
Event: 2.158 Thread 0x0000000008c25000  211             com.android.dx.rop.code.BasicBlockList::forEachInsn (39 bytes)
Event: 2.162 Thread 0x0000000008c25000 nmethod 211 0x000000000251f090 code [0x000000000251f1e0, 0x000000000251f478]
Event: 2.162 Thread 0x0000000008c25000  212             java.util.AbstractMap::<init> (15 bytes)
Event: 2.163 Thread 0x0000000008c25000 nmethod 212 0x000000000253c590 code [0x000000000253c6c0, 0x000000000253c718]
Event: 2.163 Thread 0x0000000008c25000  213   !         com.android.dx.cf.code.Ropper::processBlock (1101 bytes)

GC Heap History (2 events):
Event: 1.063 GC heap before
{Heap before GC invocations=1 (full 0):
 PSYoungGen      total 38400K, used 33280K [0x00000000eaa80000, 0x00000000ed500000, 0x0000000100000000)
  eden space 33280K, 100% used [0x00000000eaa80000,0x00000000ecb00000,0x00000000ecb00000)
  from space 5120K, 0% used [0x00000000ed000000,0x00000000ed000000,0x00000000ed500000)
  to   space 5120K, 0% used [0x00000000ecb00000,0x00000000ecb00000,0x00000000ed000000)
 ParOldGen       total 86016K, used 0K [0x00000000c0000000, 0x00000000c5400000, 0x00000000eaa80000)
  object space 86016K, 0% used [0x00000000c0000000,0x00000000c0000000,0x00000000c5400000)
 PSPermGen       total 21504K, used 5722K [0x00000000bae00000, 0x00000000bc300000, 0x00000000c0000000)
  object space 21504K, 26% used [0x00000000bae00000,0x00000000bb396950,0x00000000bc300000)
Event: 1.343 GC heap after
Heap after GC invocations=1 (full 0):
 PSYoungGen      total 38400K, used 5111K [0x00000000eaa80000, 0x00000000ef580000, 0x0000000100000000)
  eden space 33280K, 0% used [0x00000000eaa80000,0x00000000eaa80000,0x00000000ecb00000)
  from space 5120K, 99% used [0x00000000ecb00000,0x00000000ecffdc88,0x00000000ed000000)
  to   space 5120K, 0% used [0x00000000ef080000,0x00000000ef080000,0x00000000ef580000)
 ParOldGen       total 86016K, used 1788K [0x00000000c0000000, 0x00000000c5400000, 0x00000000eaa80000)
  object space 86016K, 2% used [0x00000000c0000000,0x00000000c01bf3b8,0x00000000c5400000)
 PSPermGen       total 21504K, used 5722K [0x00000000bae00000, 0x00000000bc300000, 0x00000000c0000000)
  object space 21504K, 26% used [0x00000000bae00000,0x00000000bb396950,0x00000000bc300000)
}

Deoptimization events (7 events):
Event: 0.845 Thread 0x0000000009f3a000 Uncommon trap: reason=class_check action=maybe_recompile pc=0x00000000024f4b28 method=com.android.dx.ssa.NormalSsaInsn.accept(Lcom/android/dx/ssa/SsaInsn$Visitor;)V @ 9
Event: 0.848 Thread 0x0000000009f3a000 Uncommon trap: reason=class_check action=maybe_recompile pc=0x00000000024f4b28 method=com.android.dx.ssa.NormalSsaInsn.accept(Lcom/android/dx/ssa/SsaInsn$Visitor;)V @ 9
Event: 0.851 Thread 0x0000000009f3a000 Uncommon trap: reason=class_check action=maybe_recompile pc=0x00000000024f4b28 method=com.android.dx.ssa.NormalSsaInsn.accept(Lcom/android/dx/ssa/SsaInsn$Visitor;)V @ 9
Event: 0.854 Thread 0x0000000009f3a000 Uncommon trap: reason=class_check action=maybe_recompile pc=0x00000000024f4b28 method=com.android.dx.ssa.NormalSsaInsn.accept(Lcom/android/dx/ssa/SsaInsn$Visitor;)V @ 9
Event: 0.942 Thread 0x0000000009f3a000 Uncommon trap: reason=class_check action=maybe_recompile pc=0x00000000024d8718 method=com.android.dx.ssa.NormalSsaInsn.accept(Lcom/android/dx/ssa/SsaInsn$Visitor;)V @ 9
Event: 1.432 Thread 0x0000000009f3a000 Uncommon trap: reason=null_check action=make_not_entrant pc=0x0000000002523390 method=com.android.dx.rop.code.LocalItem.equals(Ljava/lang/Object;)Z @ 1
Event: 1.501 Thread 0x00000000022ae800 Uncommon trap: reason=unreached action=reinterpret pc=0x00000000024ffdc4 method=com.android.dx.rop.cst.Constant.compareTo(Lcom/android/dx/rop/cst/Constant;)I @ 12

Internal exceptions (10 events):
Event: 0.594 Thread 0x00000000022ae800 Threw 0x00000000eb328710 at C:\re\jdk7u79\2331\hotspot\src\share\vm\prims\jvm.cpp:1304
Event: 0.599 Thread 0x0000000009f3a000 Threw 0x00000000eb3ee8a0 at C:\re\jdk7u79\2331\hotspot\src\share\vm\prims\jvm.cpp:1304
Event: 0.625 Thread 0x0000000009f3a000 Threw 0x00000000eb439ed8 at C:\re\jdk7u79\2331\hotspot\src\share\vm\prims\jvm.cpp:1304
Event: 0.662 Thread 0x0000000009f3a000 Threw 0x00000000eb562ec0 at C:\re\jdk7u79\2331\hotspot\src\share\vm\prims\jvm.cpp:1304
Event: 0.668 Thread 0x00000000022ae800 Threw 0x00000000eb6cb230 at C:\re\jdk7u79\2331\hotspot\src\share\vm\prims\jvm.cpp:1304
Event: 0.879 Thread 0x00000000022ae800 Threw 0x00000000ec349d80 at C:\re\jdk7u79\2331\hotspot\src\share\vm\prims\jvm.cpp:1304
Event: 0.880 Thread 0x00000000022ae800 Threw 0x00000000ec353c68 at C:\re\jdk7u79\2331\hotspot\src\share\vm\prims\jvm.cpp:1304
Event: 0.881 Thread 0x00000000022ae800 Threw 0x00000000ec355f68 at C:\re\jdk7u79\2331\hotspot\src\share\vm\prims\jvm.cpp:1304
Event: 1.432 Thread 0x0000000009f3a000 Implicit null exception at 0x00000000025224a7 to 0x0000000002523365
Event: 1.547 Thread 0x0000000009ecd000 Threw 0x00000000eb450c48 at C:\re\jdk7u79\2331\hotspot\src\share\vm\prims\jvm.cpp:1304

Events (10 events):
Event: 1.343 Executing VM operation: ParallelGCFailedAllocation done
Event: 1.432 Thread 0x0000000009f3a000 Uncommon trap: trap_request=0xfffffff4 fr.pc=0x0000000002523390
Event: 1.432 Thread 0x0000000009f3a000 DEOPT PACKING pc=0x0000000002523390 sp=0x000000000c32ed30
Event: 1.432 Thread 0x0000000009f3a000 DEOPT UNPACKING pc=0x00000000024975a4 sp=0x000000000c32ea88 mode 2
Event: 1.501 Thread 0x00000000022ae800 Uncommon trap: trap_request=0xffffffad fr.pc=0x00000000024ffdc4
Event: 1.501 Thread 0x00000000022ae800 DEOPT PACKING pc=0x00000000024ffdc4 sp=0x000000000245e4d0
Event: 1.501 Thread 0x00000000022ae800 DEOPT UNPACKING pc=0x00000000024975a4 sp=0x000000000245e470 mode 2
Event: 1.547 loading class 0x0000000009ed62d0
Event: 1.547 loading class 0x0000000009ed62d0 done
Event: 2.507 Executing VM operation: ParallelGCFailedAllocation


Dynamic libraries:
0x000000013fe00000 - 0x000000013fe33000 	C:\Program Files\Java\jdk1.7.0_79\bin\java.exe
0x0000000077080000 - 0x0000000077229000 	C:\Windows\SYSTEM32\ntdll.dll
0x0000000076e40000 - 0x0000000076f5f000 	C:\Windows\system32\kernel32.dll
0x000007fefce70000 - 0x000007fefcedc000 	C:\Windows\system32\KERNELBASE.dll
0x000007fefd1f0000 - 0x000007fefd2cb000 	C:\Windows\system32\ADVAPI32.dll
0x000007fefdb60000 - 0x000007fefdbff000 	C:\Windows\system32\msvcrt.dll
0x000007feff290000 - 0x000007feff2af000 	C:\Windows\SYSTEM32\sechost.dll
0x000007fefd9c0000 - 0x000007fefdaed000 	C:\Windows\system32\RPCRT4.dll
0x0000000076f80000 - 0x000000007707a000 	C:\Windows\system32\USER32.dll
0x000007fefdd00000 - 0x000007fefdd67000 	C:\Windows\system32\GDI32.dll
0x000007feff2b0000 - 0x000007feff2be000 	C:\Windows\system32\LPK.dll
0x000007feff2c0000 - 0x000007feff389000 	C:\Windows\system32\USP10.dll
0x000007fefb1f0000 - 0x000007fefb3e4000 	C:\Windows\WinSxS\amd64_microsoft.windows.common-controls_6595b64144ccf1df_6.0.7601.18837_none_fa3b1e3d17594757\COMCTL32.dll
0x000007fefd2d0000 - 0x000007fefd341000 	C:\Windows\system32\SHLWAPI.dll
0x000007fefe200000 - 0x000007fefe22e000 	C:\Windows\system32\IMM32.DLL
0x000007fefdee0000 - 0x000007fefdfe9000 	C:\Windows\system32\MSCTF.dll
0x000007fefcd60000 - 0x000007fefcd92000 	C:\Windows\system32\nvinitx.dll
0x0000000050f10000 - 0x0000000050fe2000 	C:\Program Files\Java\jdk1.7.0_79\jre\bin\msvcr100.dll
0x000000006e6e0000 - 0x000000006eeb5000 	C:\Program Files\Java\jdk1.7.0_79\jre\bin\server\jvm.dll
0x000007fef50d0000 - 0x000007fef50d9000 	C:\Windows\system32\WSOCK32.dll
0x000007fefdb10000 - 0x000007fefdb5d000 	C:\Windows\system32\WS2_32.dll
0x000007fefde50000 - 0x000007fefde58000 	C:\Windows\system32\NSI.dll
0x000007fefb9f0000 - 0x000007fefba2b000 	C:\Windows\system32\WINMM.dll
0x0000000077240000 - 0x0000000077247000 	C:\Windows\system32\PSAPI.DLL
0x0000000068a60000 - 0x0000000068a6f000 	C:\Program Files\Java\jdk1.7.0_79\jre\bin\verify.dll
0x0000000054e10000 - 0x0000000054e38000 	C:\Program Files\Java\jdk1.7.0_79\jre\bin\java.dll
0x00000000689d0000 - 0x00000000689e5000 	C:\Program Files\Java\jdk1.7.0_79\jre\bin\zip.dll
0x00000000551e0000 - 0x00000000551fa000 	C:\Program Files\Java\jdk1.7.0_79\jre\bin\net.dll
0x000007fefc5b0000 - 0x000007fefc605000 	C:\Windows\system32\mswsock.dll
0x000007fefc830000 - 0x000007fefc837000 	C:\Windows\System32\wship6.dll
0x0000000054df0000 - 0x0000000054e01000 	C:\Program Files\Java\jdk1.7.0_79\jre\bin\nio.dll

VM Arguments:
jvm_args: -Xmx1024M -Dfile.encoding=windows-1252 -Duser.country=US -Duser.language=en -Duser.variant 
java_command: com.android.dx.command.Main --dex --num-threads=4 --output C:\Users\rlucas\AndroidStudioProjects\FastRoute\app\build\intermediates\pre-dexed\debug\classes-0327eb6c3cdecf24e89fd1c80f36001d21521a25.jar C:\Users\rlucas\AndroidStudioProjects\FastRoute\app\build\intermediates\exploded-aar\com.google.android.gms\play-services-wearable\7.8.0\jars\classes.jar
Launcher Type: SUN_STANDARD

Environment Variables:
JAVA_HOME=C:\jdk1.6.0_45
PATH=C:\Windows\system32;C:\Windows;C:\Windows\System32\Wbem;C:\Windows\System32\WindowsPowerShell\v1.0\;C:\Program Files (x86)\Common Files\Roxio Shared\OEM\DLLShared\;C:\Program Files (x86)\Common Files\Roxio Shared\OEM\DLLShared\;C:\Program Files (x86)\Common Files\Roxio Shared\OEM\12.0\DLLShared\;C:\Program Files (x86)\Roxio\OEM\AudioCore\;C:\Program Files\TortoiseSVN\bin;C:\bin\apache-ant-1.8.2\bin;C:\bin\php-5.5.6-Win32-VC11-x64;C:\Program Files (x86)\DAMIANI\Jasob 4.0;C:\Program Files (x86)\VisualSVN Server\bin;C:\Program Files (x86)\Loquendo\LTTS7\bin;C:\apache-ant-1.9.4\bin;C:\jdk1.6.0_45\bin;C:\Program Files (x86)\Genesis Mobile\Jasob 4.1;C:\Program Files (x86)\Microsoft SQL Server\100\Tools\Binn\;C:\Program Files\Microsoft SQL Server\100\Tools\Binn\;C:\Program Files\Microsoft SQL Server\100\DTS\Binn\;C:\Program Files (x86)\Microsoft SQL Server\100\Tools\Binn\VSShell\Common7\IDE\;C:\Program Files (x86)\Microsoft Visual Studio 9.0\Common7\IDE\PrivateAssemblies\;C:\Program Files (x86)\Microsoft SQL Server\100\DTS\Binn\;C:\PROGRA~2\Groovy\GROOVY~1.3\bin;C:\Users\rlucas\apache-maven-3.2.5\bin;C:\Program Files\Apache Software Foundation\Tomcat 6.0\bin;C:\Program Files (x86)\Skype\Phone\;.;;.;;.;
USERNAME=rlucas
OS=Windows_NT
PROCESSOR_IDENTIFIER=Intel64 Family 6 Model 42 Stepping 7, GenuineIntel



---------------  S Y S T E M  ---------------

OS: Windows 7 , 64 bit Build 7601 Service Pack 1

CPU:total 8 (4 cores per cpu, 2 threads per core) family 6 model 42 stepping 7, cmov, cx8, fxsr, mmx, sse, sse2, sse3, ssse3, sse4.1, sse4.2, popcnt, avx, aes, ht, tsc, tscinvbit

Memory: 4k page, physical 8266684k(238108k free), swap 10361996k(5048k free)

vm_info: Java HotSpot(TM) 64-Bit Server VM (24.79-b02) for windows-amd64 JRE (1.7.0_79-b15), built on Apr 10 2015 12:36:16 by "java_re" with unknown MS VC++:1600

time: Tue Sep 29 11:13:08 2015
elapsed time: 2 seconds

