#
# There is insufficient memory for the Java Runtime Environment to continue.
# Native memory allocation (malloc) failed to allocate 32744 bytes for ChunkPool::allocate
# Possible reasons:
#   The system is out of physical RAM or swap space
#   In 32 bit mode, the process size limit was hit
# Possible solutions:
#   Reduce memory load on the system
#   Increase physical memory or swap space
#   Check if swap backing store is full
#   Use 64 bit Java on a 64 bit OS
#   Decrease Java heap size (-Xmx/-Xms)
#   Decrease number of Java threads
#   Decrease Java thread stack sizes (-Xss)
#   Set larger code cache with -XX:ReservedCodeCacheSize=
# This output file may be truncated or incomplete.
#
#  Out of Memory Error (allocation.cpp:211), pid=6116, tid=2804
#
# JRE version: Java(TM) SE Runtime Environment (7.0_79-b15) (build 1.7.0_79-b15)
# Java VM: Java HotSpot(TM) 64-Bit Server VM (24.79-b02 mixed mode windows-amd64 compressed oops)
# Failed to write core dump. Minidumps are not enabled by default on client versions of Windows
#

---------------  T H R E A D  ---------------

Current thread (0x00000000089d2800):  JavaThread "C2 CompilerThread0" daemon [_thread_in_native, id=2804, stack(0x000000000b170000,0x000000000b270000)]

Stack: [0x000000000b170000,0x000000000b270000]
[error occurred during error reporting (printing stack bounds), id 0xc0000005]


Current CompileTask:
C2:   4883  206             com.android.dx.ssa.SCCP::run (298 bytes)


---------------  P R O C E S S  ---------------

Java Threads: ( => current thread )
  0x0000000009c8d800 JavaThread "pool-1-thread-4" [_thread_in_Java, id=3444, stack(0x000000000c100000,0x000000000c200000)]
  0x0000000009c88800 JavaThread "pool-1-thread-3" [_thread_in_vm, id=664, stack(0x000000000bfd0000,0x000000000c0d0000)]
  0x0000000009c87800 JavaThread "pool-1-thread-2" [_thread_blocked, id=11208, stack(0x000000000bce0000,0x000000000bde0000)]
  0x0000000009c85800 JavaThread "pool-2-thread-1" [_thread_blocked, id=5152, stack(0x000000000ba20000,0x000000000bb20000)]
  0x0000000009c7f800 JavaThread "pool-1-thread-1" [_thread_in_vm, id=11428, stack(0x000000000bbb0000,0x000000000bcb0000)]
  0x00000000089d8800 JavaThread "Service Thread" daemon [_thread_blocked, id=6432, stack(0x000000000b600000,0x000000000b700000)]
  0x00000000089d6800 JavaThread "C2 CompilerThread1" daemon [_thread_in_native, id=9104, stack(0x000000000b420000,0x000000000b520000)]
=>0x00000000089d2800 JavaThread "C2 CompilerThread0" daemon [_thread_in_native, id=2804, stack(0x000000000b170000,0x000000000b270000)]
  0x00000000089d1800 JavaThread "Attach Listener" daemon [_thread_blocked, id=11760, stack(0x000000000b030000,0x000000000b130000)]
  0x00000000089d0800 JavaThread "Signal Dispatcher" daemon [_thread_blocked, id=5368, stack(0x000000000ac00000,0x000000000ad00000)]
  0x00000000089c1800 JavaThread "Finalizer" daemon [_thread_blocked, id=9616, stack(0x000000000af10000,0x000000000b010000)]
  0x0000000001db9800 JavaThread "Reference Handler" daemon [_thread_blocked, id=10732, stack(0x000000000ad40000,0x000000000ae40000)]
  0x0000000001cbe800 JavaThread "main" [_thread_in_vm, id=4880, stack(0x0000000002400000,0x0000000002500000)]

Other Threads:
  0x00000000089be000 VMThread [stack: 0x000000000aa70000,0x000000000ab70000] [id=8832]
  0x00000000089de000 WatcherThread [stack: 0x000000000b2c0000,0x000000000b3c0000] [id=540]

VM state:not at safepoint (normal execution)

VM Mutex/Monitor currently owned by a thread: None

Heap
 PSYoungGen      total 38400K, used 13480K [0x00000000eaa80000, 0x00000000ef580000, 0x0000000100000000)
  eden space 33280K, 25% used [0x00000000eaa80000,0x00000000eb2ae4d0,0x00000000ecb00000)
  from space 5120K, 99% used [0x00000000ecb00000,0x00000000ecffbe88,0x00000000ed000000)
  to   space 5120K, 0% used [0x00000000ef080000,0x00000000ef080000,0x00000000ef580000)
 ParOldGen       total 86016K, used 2257K [0x00000000c0000000, 0x00000000c5400000, 0x00000000eaa80000)
  object space 86016K, 2% used [0x00000000c0000000,0x00000000c0234548,0x00000000c5400000)
 PSPermGen       total 21504K, used 5777K [0x00000000bae00000, 0x00000000bc300000, 0x00000000c0000000)
  object space 21504K, 26% used [0x00000000bae00000,0x00000000bb3a4618,0x00000000bc300000)

Card table byte_map: [0x0000000005500000,0x0000000005730000] byte_map_base: 0x0000000004f29000

Polling page: 0x0000000001c60000

Code Cache  [0x0000000002500000, 0x0000000002770000, 0x0000000005500000)
 total_blobs=460 nmethods=223 adapters=189 free_code_cache=48259Kb largest_free_block=49382144

Compilation events (10 events):
Event: 4.759 Thread 0x00000000089d6800 nmethod 219 0x00000000025d7410 code [0x00000000025d7560, 0x00000000025d7618]
Event: 4.759 Thread 0x00000000089d6800  220             com.android.dx.rop.code.PlainInsn::<init> (73 bytes)
Event: 4.760 Thread 0x00000000089d6800 nmethod 220 0x00000000025d57d0 code [0x00000000025d5920, 0x00000000025d5a58]
Event: 4.760 Thread 0x00000000089d6800  221             com.android.dx.ssa.SsaBasicBlock::forEachInsn (37 bytes)
Event: 4.788 Thread 0x00000000089d6800 nmethod 221 0x00000000025e2950 code [0x00000000025e2be0, 0x00000000025e3ce0]
Event: 4.788 Thread 0x00000000089d6800  222             java.util.ArrayList::ensureCapacity (28 bytes)
Event: 4.790 Thread 0x00000000089d6800 nmethod 222 0x00000000025d53d0 code [0x00000000025d5520, 0x00000000025d5638]
Event: 4.790 Thread 0x00000000089d6800  223   !         com.android.dx.rop.type.Type::intern (319 bytes)
Event: 4.809 Thread 0x00000000089d6800 nmethod 223 0x00000000025e61d0 code [0x00000000025e63e0, 0x00000000025e7410]
Event: 4.809 Thread 0x00000000089d6800  224             com.android.dx.ssa.SCCP::simulateBlock (54 bytes)

GC Heap History (2 events):
Event: 3.991 GC heap before
{Heap before GC invocations=1 (full 0):
 PSYoungGen      total 38400K, used 33280K [0x00000000eaa80000, 0x00000000ed500000, 0x0000000100000000)
  eden space 33280K, 100% used [0x00000000eaa80000,0x00000000ecb00000,0x00000000ecb00000)
  from space 5120K, 0% used [0x00000000ed000000,0x00000000ed000000,0x00000000ed500000)
  to   space 5120K, 0% used [0x00000000ecb00000,0x00000000ecb00000,0x00000000ed000000)
 ParOldGen       total 86016K, used 0K [0x00000000c0000000, 0x00000000c5400000, 0x00000000eaa80000)
  object space 86016K, 0% used [0x00000000c0000000,0x00000000c0000000,0x00000000c5400000)
 PSPermGen       total 21504K, used 5754K [0x00000000bae00000, 0x00000000bc300000, 0x00000000c0000000)
  object space 21504K, 26% used [0x00000000bae00000,0x00000000bb39e8a0,0x00000000bc300000)
Event: 4.605 GC heap after
Heap after GC invocations=1 (full 0):
 PSYoungGen      total 38400K, used 5103K [0x00000000eaa80000, 0x00000000ef580000, 0x0000000100000000)
  eden space 33280K, 0% used [0x00000000eaa80000,0x00000000eaa80000,0x00000000ecb00000)
  from space 5120K, 99% used [0x00000000ecb00000,0x00000000ecffbe88,0x00000000ed000000)
  to   space 5120K, 0% used [0x00000000ef080000,0x00000000ef080000,0x00000000ef580000)
 ParOldGen       total 86016K, used 2257K [0x00000000c0000000, 0x00000000c5400000, 0x00000000eaa80000)
  object space 86016K, 2% used [0x00000000c0000000,0x00000000c0234548,0x00000000c5400000)
 PSPermGen       total 21504K, used 5754K [0x00000000bae00000, 0x00000000bc300000, 0x00000000c0000000)
  object space 21504K, 26% used [0x00000000bae00000,0x00000000bb39e8a0,0x00000000bc300000)
}

Deoptimization events (10 events):
Event: 2.670 Thread 0x0000000009c8d800 Uncommon trap: reason=null_check action=make_not_entrant pc=0x0000000002580a10 method=com.android.dx.rop.code.LocalItem.equals(Ljava/lang/Object;)Z @ 1
Event: 3.410 Thread 0x0000000009c88800 Uncommon trap: reason=class_check action=maybe_recompile pc=0x0000000002578dac method=com.android.dx.ssa.NormalSsaInsn.accept(Lcom/android/dx/ssa/SsaInsn$Visitor;)V @ 9
Event: 3.439 Thread 0x0000000009c88800 Uncommon trap: reason=unreached action=reinterpret pc=0x000000000257e784 method=com.android.dx.rop.cst.Constant.compareTo(Lcom/android/dx/rop/cst/Constant;)I @ 12
Event: 3.463 Thread 0x0000000001cbe800 Uncommon trap: reason=null_check action=make_not_entrant pc=0x00000000025924f0 method=com.android.dx.rop.type.Type.putIntern(Lcom/android/dx/rop/type/Type;)Lcom/android/dx/rop/type/Type; @ 18
Event: 3.547 Thread 0x0000000009c7f800 Uncommon trap: reason=null_check action=make_not_entrant pc=0x00000000025999d0 method=com.android.dx.rop.type.Type.equals(Ljava/lang/Object;)Z @ 8
Event: 3.578 Thread 0x0000000009c8d800 Uncommon trap: reason=class_check action=maybe_recompile pc=0x000000000258c33c method=com.android.dx.ssa.NormalSsaInsn.accept(Lcom/android/dx/ssa/SsaInsn$Visitor;)V @ 9
Event: 3.604 Thread 0x0000000009c8d800 Uncommon trap: reason=class_check action=maybe_recompile pc=0x000000000258c33c method=com.android.dx.ssa.NormalSsaInsn.accept(Lcom/android/dx/ssa/SsaInsn$Visitor;)V @ 9
Event: 3.730 Thread 0x0000000009c88800 Uncommon trap: reason=class_check action=maybe_recompile pc=0x000000000258c33c method=com.android.dx.ssa.NormalSsaInsn.accept(Lcom/android/dx/ssa/SsaInsn$Visitor;)V @ 9
Event: 3.730 Thread 0x0000000009c88800 Uncommon trap: reason=class_check action=maybe_recompile pc=0x0000000002578dac method=com.android.dx.ssa.NormalSsaInsn.accept(Lcom/android/dx/ssa/SsaInsn$Visitor;)V @ 9
Event: 3.779 Thread 0x0000000009c87800 Uncommon trap: reason=unreached action=reinterpret pc=0x00000000025c01dc method=com.android.dx.ssa.SsaRenamer$BlockRenamer.process()V @ 90

Internal exceptions (10 events):
Event: 1.383 Thread 0x0000000009c88800 Threw 0x00000000eb64e7e0 at C:\re\jdk7u79\2331\hotspot\src\share\vm\prims\jvm.cpp:1304
Event: 1.403 Thread 0x0000000009c88800 Threw 0x00000000eb67f090 at C:\re\jdk7u79\2331\hotspot\src\share\vm\prims\jvm.cpp:1304
Event: 1.561 Thread 0x0000000001cbe800 Threw 0x00000000eb73a128 at C:\re\jdk7u79\2331\hotspot\src\share\vm\prims\jvm.cpp:1304
Event: 2.670 Thread 0x0000000009c8d800 Implicit null exception at 0x00000000025806aa to 0x00000000025809f9
Event: 3.271 Thread 0x0000000001cbe800 Threw 0x00000000eb763c10 at C:\re\jdk7u79\2331\hotspot\src\share\vm\prims\jvm.cpp:1304
Event: 3.463 Thread 0x0000000001cbe800 Implicit null exception at 0x0000000002591de7 to 0x00000000025924e1
Event: 3.465 Thread 0x0000000009c7f800 Threw 0x00000000ebd7e910 at C:\re\jdk7u79\2331\hotspot\src\share\vm\prims\jvm.cpp:1304
Event: 3.492 Thread 0x0000000009c8d800 Threw 0x00000000eb0f8ce8 at C:\re\jdk7u79\2331\hotspot\src\share\vm\prims\jvm.cpp:1304
Event: 3.547 Thread 0x0000000009c7f800 Implicit null exception at 0x00000000025998d2 to 0x00000000025999c2
Event: 3.865 Thread 0x0000000001cbe800 Threw 0x00000000ec9ee368 at C:\re\jdk7u79\2331\hotspot\src\share\vm\prims\jvm.cpp:1304

Events (10 events):
Event: 3.730 Thread 0x0000000009c88800 Uncommon trap: trap_request=0xffffffde fr.pc=0x0000000002578dac
Event: 3.730 Thread 0x0000000009c88800 DEOPT PACKING pc=0x0000000002578dac sp=0x000000000c0cea00
Event: 3.730 Thread 0x0000000009c88800 DEOPT UNPACKING pc=0x00000000025375a4 sp=0x000000000c0ce950 mode 2
Event: 3.779 Thread 0x0000000009c87800 Uncommon trap: trap_request=0xffffffad fr.pc=0x00000000025c01dc
Event: 3.779 Thread 0x0000000009c87800 DEOPT PACKING pc=0x00000000025c01dc sp=0x000000000bdde790
Event: 3.779 Thread 0x0000000009c87800 DEOPT UNPACKING pc=0x00000000025375a4 sp=0x000000000bdde778 mode 2
Event: 3.865 loading class 0x0000000009a9ede0
Event: 3.865 loading class 0x0000000009a9ede0 done
Event: 3.893 Executing VM operation: ParallelGCFailedAllocation
Event: 4.606 Executing VM operation: ParallelGCFailedAllocation done


Dynamic libraries:
0x000000013fe00000 - 0x000000013fe33000 	C:\Program Files\Java\jdk1.7.0_79\bin\java.exe
0x0000000077080000 - 0x0000000077229000 	C:\Windows\SYSTEM32\ntdll.dll
0x0000000076e40000 - 0x0000000076f5f000 	C:\Windows\system32\kernel32.dll
0x000007fefce70000 - 0x000007fefcedc000 	C:\Windows\system32\KERNELBASE.dll
0x000007fefd1f0000 - 0x000007fefd2cb000 	C:\Windows\system32\ADVAPI32.dll
0x000007fefdb60000 - 0x000007fefdbff000 	C:\Windows\system32\msvcrt.dll
0x000007feff290000 - 0x000007feff2af000 	C:\Windows\SYSTEM32\sechost.dll
0x000007fefd9c0000 - 0x000007fefdaed000 	C:\Windows\system32\RPCRT4.dll
0x0000000076f80000 - 0x000000007707a000 	C:\Windows\system32\USER32.dll
0x000007fefdd00000 - 0x000007fefdd67000 	C:\Windows\system32\GDI32.dll
0x000007feff2b0000 - 0x000007feff2be000 	C:\Windows\system32\LPK.dll
0x000007feff2c0000 - 0x000007feff389000 	C:\Windows\system32\USP10.dll
0x000007fefb1f0000 - 0x000007fefb3e4000 	C:\Windows\WinSxS\amd64_microsoft.windows.common-controls_6595b64144ccf1df_6.0.7601.18837_none_fa3b1e3d17594757\COMCTL32.dll
0x000007fefd2d0000 - 0x000007fefd341000 	C:\Windows\system32\SHLWAPI.dll
0x000007fefe200000 - 0x000007fefe22e000 	C:\Windows\system32\IMM32.DLL
0x000007fefdee0000 - 0x000007fefdfe9000 	C:\Windows\system32\MSCTF.dll
0x000007fefcd60000 - 0x000007fefcd92000 	C:\Windows\system32\nvinitx.dll
0x0000000050f10000 - 0x0000000050fe2000 	C:\Program Files\Java\jdk1.7.0_79\jre\bin\msvcr100.dll
0x000000006e6e0000 - 0x000000006eeb5000 	C:\Program Files\Java\jdk1.7.0_79\jre\bin\server\jvm.dll
0x000007fef50d0000 - 0x000007fef50d9000 	C:\Windows\system32\WSOCK32.dll
0x000007fefdb10000 - 0x000007fefdb5d000 	C:\Windows\system32\WS2_32.dll
0x000007fefde50000 - 0x000007fefde58000 	C:\Windows\system32\NSI.dll
0x000007fefb9f0000 - 0x000007fefba2b000 	C:\Windows\system32\WINMM.dll
0x0000000077240000 - 0x0000000077247000 	C:\Windows\system32\PSAPI.DLL
0x0000000068a60000 - 0x0000000068a6f000 	C:\Program Files\Java\jdk1.7.0_79\jre\bin\verify.dll
0x0000000054e10000 - 0x0000000054e38000 	C:\Program Files\Java\jdk1.7.0_79\jre\bin\java.dll
0x00000000689d0000 - 0x00000000689e5000 	C:\Program Files\Java\jdk1.7.0_79\jre\bin\zip.dll
0x00000000551e0000 - 0x00000000551fa000 	C:\Program Files\Java\jdk1.7.0_79\jre\bin\net.dll
0x000007fefc5b0000 - 0x000007fefc605000 	C:\Windows\system32\mswsock.dll
0x000007fefc830000 - 0x000007fefc837000 	C:\Windows\System32\wship6.dll
0x0000000054df0000 - 0x0000000054e01000 	C:\Program Files\Java\jdk1.7.0_79\jre\bin\nio.dll

VM Arguments:
jvm_args: -Xmx1024M -Dfile.encoding=windows-1252 -Duser.country=US -Duser.language=en -Duser.variant 
java_command: com.android.dx.command.Main --dex --num-threads=4 --output C:\Users\rlucas\AndroidStudioProjects\FastRoute\app\build\intermediates\pre-dexed\debug\classes-56955de8b37070cd8bc949712c8eefe5de087fbb.jar C:\Users\rlucas\AndroidStudioProjects\FastRoute\app\build\intermediates\exploded-aar\com.android.support\appcompat-v7\23.0.1\jars\classes.jar
Launcher Type: SUN_STANDARD

Environment Variables:
JAVA_HOME=C:\jdk1.6.0_45
PATH=C:\Windows\system32;C:\Windows;C:\Windows\System32\Wbem;C:\Windows\System32\WindowsPowerShell\v1.0\;C:\Program Files (x86)\Common Files\Roxio Shared\OEM\DLLShared\;C:\Program Files (x86)\Common Files\Roxio Shared\OEM\DLLShared\;C:\Program Files (x86)\Common Files\Roxio Shared\OEM\12.0\DLLShared\;C:\Program Files (x86)\Roxio\OEM\AudioCore\;C:\Program Files\TortoiseSVN\bin;C:\bin\apache-ant-1.8.2\bin;C:\bin\php-5.5.6-Win32-VC11-x64;C:\Program Files (x86)\DAMIANI\Jasob 4.0;C:\Program Files (x86)\VisualSVN Server\bin;C:\Program Files (x86)\Loquendo\LTTS7\bin;C:\apache-ant-1.9.4\bin;C:\jdk1.6.0_45\bin;C:\Program Files (x86)\Genesis Mobile\Jasob 4.1;C:\Program Files (x86)\Microsoft SQL Server\100\Tools\Binn\;C:\Program Files\Microsoft SQL Server\100\Tools\Binn\;C:\Program Files\Microsoft SQL Server\100\DTS\Binn\;C:\Program Files (x86)\Microsoft SQL Server\100\Tools\Binn\VSShell\Common7\IDE\;C:\Program Files (x86)\Microsoft Visual Studio 9.0\Common7\IDE\PrivateAssemblies\;C:\Program Files (x86)\Microsoft SQL Server\100\DTS\Binn\;C:\PROGRA~2\Groovy\GROOVY~1.3\bin;C:\Users\rlucas\apache-maven-3.2.5\bin;C:\Program Files\Apache Software Foundation\Tomcat 6.0\bin;C:\Program Files (x86)\Skype\Phone\;.;;.;
USERNAME=rlucas
OS=Windows_NT
PROCESSOR_IDENTIFIER=Intel64 Family 6 Model 42 Stepping 7, GenuineIntel



---------------  S Y S T E M  ---------------

OS: Windows 7 , 64 bit Build 7601 Service Pack 1

CPU:total 8 (4 cores per cpu, 2 threads per core) family 6 model 42 stepping 7, cmov, cx8, fxsr, mmx, sse, sse2, sse3, ssse3, sse4.1, sse4.2, popcnt, avx, aes, ht, tsc, tscinvbit

Memory: 4k page, physical 8266684k(275312k free), swap 10361996k(5132k free)

vm_info: Java HotSpot(TM) 64-Bit Server VM (24.79-b02) for windows-amd64 JRE (1.7.0_79-b15), built on Apr 10 2015 12:36:16 by "java_re" with unknown MS VC++:1600

time: Tue Sep 29 11:32:21 2015
elapsed time: 4 seconds

