#
# There is insufficient memory for the Java Runtime Environment to continue.
# Native memory allocation (malloc) failed to allocate 279536 bytes for Chunk::new
# Possible reasons:
#   The system is out of physical RAM or swap space
#   In 32 bit mode, the process size limit was hit
# Possible solutions:
#   Reduce memory load on the system
#   Increase physical memory or swap space
#   Check if swap backing store is full
#   Use 64 bit Java on a 64 bit OS
#   Decrease Java heap size (-Xmx/-Xms)
#   Decrease number of Java threads
#   Decrease Java thread stack sizes (-Xss)
#   Set larger code cache with -XX:ReservedCodeCacheSize=
# This output file may be truncated or incomplete.
#
#  Out of Memory Error (allocation.cpp:323), pid=1320, tid=3424
#
# JRE version: Java(TM) SE Runtime Environment (7.0_79-b15) (build 1.7.0_79-b15)
# Java VM: Java HotSpot(TM) 64-Bit Server VM (24.79-b02 mixed mode windows-amd64 compressed oops)
# Failed to write core dump. Minidumps are not enabled by default on client versions of Windows
#

---------------  T H R E A D  ---------------

Current thread (0x0000000008b67800):  JavaThread "C2 CompilerThread1" daemon [_thread_in_native, id=3424, stack(0x000000000b510000,0x000000000b610000)]

Stack: [0x000000000b510000,0x000000000b610000]
[error occurred during error reporting (printing stack bounds), id 0xc0000005]


Current CompileTask:
C2:  27171  635             com.android.dx.dex.cf.CfTranslator::translate0 (259 bytes)


---------------  P R O C E S S  ---------------

Java Threads: ( => current thread )
  0x0000000009d7a800 JavaThread "pool-1-thread-4" [_thread_in_Java, id=7808, stack(0x000000000c330000,0x000000000c430000)]
  0x0000000009d7d000 JavaThread "pool-1-thread-3" [_thread_in_Java, id=10084, stack(0x000000000bc60000,0x000000000bd60000)]
  0x0000000009d79000 JavaThread "pool-1-thread-2" [_thread_in_Java, id=9264, stack(0x000000000c0e0000,0x000000000c1e0000)]
  0x0000000009d86000 JavaThread "pool-2-thread-1" [_thread_blocked, id=10752, stack(0x000000000bf00000,0x000000000c000000)]
  0x0000000009d84000 JavaThread "pool-1-thread-1" [_thread_in_Java, id=10244, stack(0x000000000b2c0000,0x000000000b3c0000)]
  0x0000000008b6d800 JavaThread "Service Thread" daemon [_thread_blocked, id=11356, stack(0x000000000b680000,0x000000000b780000)]
=>0x0000000008b67800 JavaThread "C2 CompilerThread1" daemon [_thread_in_native, id=3424, stack(0x000000000b510000,0x000000000b610000)]
  0x0000000008b63800 JavaThread "C2 CompilerThread0" daemon [_thread_in_native, id=9580, stack(0x000000000b3e0000,0x000000000b4e0000)]
  0x0000000008b62800 JavaThread "Attach Listener" daemon [_thread_blocked, id=11232, stack(0x000000000b120000,0x000000000b220000)]
  0x0000000008b61800 JavaThread "Signal Dispatcher" daemon [_thread_blocked, id=11932, stack(0x000000000b020000,0x000000000b120000)]
  0x0000000002189800 JavaThread "Finalizer" daemon [_thread_blocked, id=8744, stack(0x000000000ae20000,0x000000000af20000)]
  0x0000000002188800 JavaThread "Reference Handler" daemon [_thread_blocked, id=10792, stack(0x000000000ac50000,0x000000000ad50000)]
  0x00000000021ce800 JavaThread "main" [_thread_in_Java, id=824, stack(0x0000000002320000,0x0000000002420000)]

Other Threads:
  0x0000000008b4d800 VMThread [stack: 0x000000000ab50000,0x000000000ac50000] [id=8492]
  0x0000000008b6e800 WatcherThread [stack: 0x000000000b860000,0x000000000b960000] [id=9976]

VM state:not at safepoint (normal execution)

VM Mutex/Monitor currently owned by a thread: None

Heap
 PSYoungGen      total 233472K, used 110074K [0x00000000eaa80000, 0x0000000100000000, 0x0000000100000000)
  eden space 117248K, 93% used [0x00000000eaa80000,0x00000000f15fe938,0x00000000f1d00000)
  from space 116224K, 0% used [0x00000000f1d00000,0x00000000f1d00000,0x00000000f8e80000)
  to   space 116224K, 0% used [0x00000000f8e80000,0x00000000f8e80000,0x0000000100000000)
 ParOldGen       total 347648K, used 159750K [0x00000000c0000000, 0x00000000d5380000, 0x00000000eaa80000)
  object space 347648K, 45% used [0x00000000c0000000,0x00000000c9c01880,0x00000000d5380000)
 PSPermGen       total 21504K, used 5824K [0x00000000bae00000, 0x00000000bc300000, 0x00000000c0000000)
  object space 21504K, 27% used [0x00000000bae00000,0x00000000bb3b0260,0x00000000bc300000)

Card table byte_map: [0x00000000054e0000,0x0000000005710000] byte_map_base: 0x0000000004f09000

Polling page: 0x0000000000340000

Code Cache  [0x0000000002420000, 0x00000000026d0000, 0x0000000005420000)
 total_blobs=843 nmethods=606 adapters=189 free_code_cache=46698Kb largest_free_block=47545216

Compilation events (10 events):
Event: 27.012 Thread 0x0000000008b63800 nmethod 633 0x000000000255a250 code [0x000000000255a460, 0x000000000255ab70]
Event: 27.012 Thread 0x0000000008b63800  634 %           com.android.dx.dex.cf.CfTranslator::translate0 @ 141 (259 bytes)
Event: 27.035 Thread 0x0000000008b67800 nmethod 632 0x00000000024f9b10 code [0x00000000024f9ca0, 0x00000000024fa028]
Event: 27.040 Thread 0x0000000008b63800 nmethod 634% 0x00000000025aea50 code [0x00000000025aec60, 0x00000000025afd50]
Event: 27.059 Thread 0x0000000008b67800  635             com.android.dx.dex.cf.CfTranslator::translate0 (259 bytes)
Event: 27.081 Thread 0x0000000008b63800  636             com.android.dx.rop.cst.CstString::compareTo0 (15 bytes)
Event: 27.082 Thread 0x0000000008b63800 nmethod 636 0x00000000024f00d0 code [0x00000000024f0220, 0x00000000024f0398]
Event: 27.082 Thread 0x0000000008b63800  637             com.android.dx.rop.cst.CstString::stringToUtf8Bytes (175 bytes)
Event: 27.093 Thread 0x0000000008b63800 nmethod 637 0x0000000002560090 code [0x00000000025601e0, 0x00000000025608d8]
Event: 27.093 Thread 0x0000000008b63800  638             com.android.dx.dex.file.AnnotationUtils::makeSignature (251 bytes)

GC Heap History (10 events):
Event: 20.164 GC heap before
{Heap before GC invocations=13 (full 3):
 PSYoungGen      total 206336K, used 89075K [0x00000000eaa80000, 0x0000000100000000, 0x0000000100000000)
  eden space 117248K, 0% used [0x00000000eaa80000,0x00000000eaa80000,0x00000000f1d00000)
  from space 89088K, 99% used [0x00000000fa900000,0x00000000ffffcc48,0x0000000100000000)
  to   space 116224K, 0% used [0x00000000f1d00000,0x00000000f1d00000,0x00000000f8e80000)
 ParOldGen       total 182272K, used 181037K [0x00000000c0000000, 0x00000000cb200000, 0x00000000eaa80000)
  object space 182272K, 99% used [0x00000000c0000000,0x00000000cb0cb490,0x00000000cb200000)
 PSPermGen       total 21504K, used 5796K [0x00000000bae00000, 0x00000000bc300000, 0x00000000c0000000)
  object space 21504K, 26% used [0x00000000bae00000,0x00000000bb3a9390,0x00000000bc300000)
Event: 22.354 GC heap after
Heap after GC invocations=13 (full 3):
 PSYoungGen      total 206336K, used 0K [0x00000000eaa80000, 0x0000000100000000, 0x0000000100000000)
  eden space 117248K, 0% used [0x00000000eaa80000,0x00000000eaa80000,0x00000000f1d00000)
  from space 89088K, 0% used [0x00000000fa900000,0x00000000fa900000,0x0000000100000000)
  to   space 116224K, 0% used [0x00000000f1d00000,0x00000000f1d00000,0x00000000f8e80000)
 ParOldGen       total 323584K, used 173981K [0x00000000c0000000, 0x00000000d3c00000, 0x00000000eaa80000)
  object space 323584K, 53% used [0x00000000c0000000,0x00000000ca9e7490,0x00000000d3c00000)
 PSPermGen       total 21504K, used 5796K [0x00000000bae00000, 0x00000000bc300000, 0x00000000c0000000)
  object space 21504K, 26% used [0x00000000bae00000,0x00000000bb3a9390,0x00000000bc300000)
}
Event: 22.907 GC heap before
{Heap before GC invocations=14 (full 3):
 PSYoungGen      total 206336K, used 117248K [0x00000000eaa80000, 0x0000000100000000, 0x0000000100000000)
  eden space 117248K, 100% used [0x00000000eaa80000,0x00000000f1d00000,0x00000000f1d00000)
  from space 89088K, 0% used [0x00000000fa900000,0x00000000fa900000,0x0000000100000000)
  to   space 116224K, 0% used [0x00000000f1d00000,0x00000000f1d00000,0x00000000f8e80000)
 ParOldGen       total 323584K, used 173981K [0x00000000c0000000, 0x00000000d3c00000, 0x00000000eaa80000)
  object space 323584K, 53% used [0x00000000c0000000,0x00000000ca9e7490,0x00000000d3c00000)
 PSPermGen       total 21504K, used 5810K [0x00000000bae00000, 0x00000000bc300000, 0x00000000c0000000)
  object space 21504K, 27% used [0x00000000bae00000,0x00000000bb3acb80,0x00000000bc300000)
Event: 23.041 GC heap after
Heap after GC invocations=14 (full 3):
 PSYoungGen      total 233472K, used 52318K [0x00000000eaa80000, 0x0000000100000000, 0x0000000100000000)
  eden space 117248K, 0% used [0x00000000eaa80000,0x00000000eaa80000,0x00000000f1d00000)
  from space 116224K, 45% used [0x00000000f1d00000,0x00000000f5017968,0x00000000f8e80000)
  to   space 116224K, 0% used [0x00000000f8e80000,0x00000000f8e80000,0x0000000100000000)
 ParOldGen       total 323584K, used 173981K [0x00000000c0000000, 0x00000000d3c00000, 0x00000000eaa80000)
  object space 323584K, 53% used [0x00000000c0000000,0x00000000ca9e7490,0x00000000d3c00000)
 PSPermGen       total 21504K, used 5810K [0x00000000bae00000, 0x00000000bc300000, 0x00000000c0000000)
  object space 21504K, 27% used [0x00000000bae00000,0x00000000bb3acb80,0x00000000bc300000)
}
Event: 23.213 GC heap before
{Heap before GC invocations=15 (full 3):
 PSYoungGen      total 233472K, used 169566K [0x00000000eaa80000, 0x0000000100000000, 0x0000000100000000)
  eden space 117248K, 100% used [0x00000000eaa80000,0x00000000f1d00000,0x00000000f1d00000)
  from space 116224K, 45% used [0x00000000f1d00000,0x00000000f5017968,0x00000000f8e80000)
  to   space 116224K, 0% used [0x00000000f8e80000,0x00000000f8e80000,0x0000000100000000)
 ParOldGen       total 323584K, used 173981K [0x00000000c0000000, 0x00000000d3c00000, 0x00000000eaa80000)
  object space 323584K, 53% used [0x00000000c0000000,0x00000000ca9e7490,0x00000000d3c00000)
 PSPermGen       total 21504K, used 5810K [0x00000000bae00000, 0x00000000bc300000, 0x00000000c0000000)
  object space 21504K, 27% used [0x00000000bae00000,0x00000000bb3acb80,0x00000000bc300000)
Event: 23.890 GC heap after
Heap after GC invocations=15 (full 3):
 PSYoungGen      total 233472K, used 55218K [0x00000000eaa80000, 0x0000000100000000, 0x0000000100000000)
  eden space 117248K, 0% used [0x00000000eaa80000,0x00000000eaa80000,0x00000000f1d00000)
  from space 116224K, 47% used [0x00000000f8e80000,0x00000000fc46cb00,0x0000000100000000)
  to   space 116224K, 0% used [0x00000000f1d00000,0x00000000f1d00000,0x00000000f8e80000)
 ParOldGen       total 323584K, used 225126K [0x00000000c0000000, 0x00000000d3c00000, 0x00000000eaa80000)
  object space 323584K, 69% used [0x00000000c0000000,0x00000000cdbd9a98,0x00000000d3c00000)
 PSPermGen       total 21504K, used 5810K [0x00000000bae00000, 0x00000000bc300000, 0x00000000c0000000)
  object space 21504K, 27% used [0x00000000bae00000,0x00000000bb3acb80,0x00000000bc300000)
}
Event: 24.360 GC heap before
{Heap before GC invocations=16 (full 3):
 PSYoungGen      total 233472K, used 172466K [0x00000000eaa80000, 0x0000000100000000, 0x0000000100000000)
  eden space 117248K, 100% used [0x00000000eaa80000,0x00000000f1d00000,0x00000000f1d00000)
  from space 116224K, 47% used [0x00000000f8e80000,0x00000000fc46cb00,0x0000000100000000)
  to   space 116224K, 0% used [0x00000000f1d00000,0x00000000f1d00000,0x00000000f8e80000)
 ParOldGen       total 323584K, used 225126K [0x00000000c0000000, 0x00000000d3c00000, 0x00000000eaa80000)
  object space 323584K, 69% used [0x00000000c0000000,0x00000000cdbd9a98,0x00000000d3c00000)
 PSPermGen       total 21504K, used 5812K [0x00000000bae00000, 0x00000000bc300000, 0x00000000c0000000)
  object space 21504K, 27% used [0x00000000bae00000,0x00000000bb3ad1a8,0x00000000bc300000)
Event: 24.644 GC heap after
Heap after GC invocations=16 (full 3):
 PSYoungGen      total 233472K, used 45560K [0x00000000eaa80000, 0x0000000100000000, 0x0000000100000000)
  eden space 117248K, 0% used [0x00000000eaa80000,0x00000000eaa80000,0x00000000f1d00000)
  from space 116224K, 39% used [0x00000000f1d00000,0x00000000f497e1f0,0x00000000f8e80000)
  to   space 116224K, 0% used [0x00000000f8e80000,0x00000000f8e80000,0x0000000100000000)
 ParOldGen       total 323584K, used 281697K [0x00000000c0000000, 0x00000000d3c00000, 0x00000000eaa80000)
  object space 323584K, 87% used [0x00000000c0000000,0x00000000d1318598,0x00000000d3c00000)
 PSPermGen       total 21504K, used 5812K [0x00000000bae00000, 0x00000000bc300000, 0x00000000c0000000)
  object space 21504K, 27% used [0x00000000bae00000,0x00000000bb3ad1a8,0x00000000bc300000)
}
Event: 24.644 GC heap before
{Heap before GC invocations=17 (full 4):
 PSYoungGen      total 233472K, used 45560K [0x00000000eaa80000, 0x0000000100000000, 0x0000000100000000)
  eden space 117248K, 0% used [0x00000000eaa80000,0x00000000eaa80000,0x00000000f1d00000)
  from space 116224K, 39% used [0x00000000f1d00000,0x00000000f497e1f0,0x00000000f8e80000)
  to   space 116224K, 0% used [0x00000000f8e80000,0x00000000f8e80000,0x0000000100000000)
 ParOldGen       total 323584K, used 281697K [0x00000000c0000000, 0x00000000d3c00000, 0x00000000eaa80000)
  object space 323584K, 87% used [0x00000000c0000000,0x00000000d1318598,0x00000000d3c00000)
 PSPermGen       total 21504K, used 5812K [0x00000000bae00000, 0x00000000bc300000, 0x00000000c0000000)
  object space 21504K, 27% used [0x00000000bae00000,0x00000000bb3ad1a8,0x00000000bc300000)
Event: 26.935 GC heap after
Heap after GC invocations=17 (full 4):
 PSYoungGen      total 233472K, used 0K [0x00000000eaa80000, 0x0000000100000000, 0x0000000100000000)
  eden space 117248K, 0% used [0x00000000eaa80000,0x00000000eaa80000,0x00000000f1d00000)
  from space 116224K, 0% used [0x00000000f1d00000,0x00000000f1d00000,0x00000000f8e80000)
  to   space 116224K, 0% used [0x00000000f8e80000,0x00000000f8e80000,0x0000000100000000)
 ParOldGen       total 347648K, used 159750K [0x00000000c0000000, 0x00000000d5380000, 0x00000000eaa80000)
  object space 347648K, 45% used [0x00000000c0000000,0x00000000c9c01880,0x00000000d5380000)
 PSPermGen       total 21504K, used 5812K [0x00000000bae00000, 0x00000000bc300000, 0x00000000c0000000)
  object space 21504K, 27% used [0x00000000bae00000,0x00000000bb3ad168,0x00000000bc300000)
}

Deoptimization events (10 events):
Event: 22.770 Thread 0x0000000009d84000 Uncommon trap: reason=null_check action=make_not_entrant pc=0x00000000024f5f48 method=com.android.dx.rop.code.LocalItem.equals(Ljava/lang/Object;)Z @ 1
Event: 22.770 Thread 0x0000000009d84000 Uncommon trap: reason=unreached action=reinterpret pc=0x00000000026027c8 method=com.android.dx.ssa.SsaRenamer$BlockRenamer.process()V @ 59
Event: 22.770 Thread 0x0000000009d84000 Uncommon trap: reason=unreached action=reinterpret pc=0x00000000025dc064 method=com.android.dx.dex.code.RopTranslator$LocalVariableAwareTranslationVisitor.addIntroductionIfNecessary(Lcom/android/dx/rop/code/Insn;)V @ 10
Event: 22.776 Thread 0x0000000009d84000 Uncommon trap: reason=bimorphic action=maybe_recompile pc=0x000000000267dce4 method=com.android.dx.cf.code.Merger.mergeType(Lcom/android/dx/rop/type/TypeBearer;Lcom/android/dx/rop/type/TypeBearer;)Lcom/android/dx/rop/type/TypeBearer; @ 21
Event: 22.785 Thread 0x0000000009d84000 Uncommon trap: reason=bimorphic action=maybe_recompile pc=0x0000000002560fd0 method=com.android.dx.ssa.LiteralOpUpgrader.tryReplacingWithConstant(Lcom/android/dx/ssa/NormalSsaInsn;)Z @ 62
Event: 22.798 Thread 0x0000000009d84000 Uncommon trap: reason=bimorphic action=maybe_recompile pc=0x00000000026b9308 method=com.android.dx.cf.code.BytecodeArray.parseInstruction(ILcom/android/dx/cf/code/BytecodeArray$Visitor;)I @ 2484
Event: 22.798 Thread 0x0000000009d84000 Uncommon trap: reason=bimorphic action=maybe_recompile pc=0x00000000026b9308 method=com.android.dx.cf.code.BytecodeArray.parseInstruction(ILcom/android/dx/cf/code/BytecodeArray$Visitor;)I @ 2484
Event: 27.100 Thread 0x00000000021ce800 Uncommon trap: reason=null_check action=make_not_entrant pc=0x00000000025af9c4 method=com.android.dx.dex.file.FieldIdsSection.intern(Lcom/android/dx/rop/cst/CstFieldRef;)Lcom/android/dx/dex/file/FieldIdItem; @ 26
Event: 27.140 Thread 0x00000000021ce800 Uncommon trap: reason=bimorphic action=maybe_recompile pc=0x00000000024fd690 method=com.android.dx.cf.code.BytecodeArray.parseInstruction(ILcom/android/dx/cf/code/BytecodeArray$Visitor;)I @ 1357
Event: 27.141 Thread 0x00000000021ce800 Uncommon trap: reason=bimorphic action=maybe_recompile pc=0x00000000024fd690 method=com.android.dx.cf.code.BytecodeArray.parseInstruction(ILcom/android/dx/cf/code/BytecodeArray$Visitor;)I @ 1357

Internal exceptions (10 events):
Event: 0.902 Thread 0x00000000021ce800 Implicit null exception at 0x00000000024a2c52 to 0x00000000024a2d42
Event: 6.357 Thread 0x00000000021ce800 Threw 0x00000000ec0a6d78 at C:\re\jdk7u79\2331\hotspot\src\share\vm\prims\jvm.cpp:1304
Event: 6.370 Thread 0x00000000021ce800 Threw 0x00000000ec186290 at C:\re\jdk7u79\2331\hotspot\src\share\vm\prims\jvm.cpp:1304
Event: 8.591 Thread 0x0000000009d7a800 Threw 0x00000000ecc8e490 at C:\re\jdk7u79\2331\hotspot\src\share\vm\prims\jvm.cpp:1304
Event: 8.599 Thread 0x0000000009d7a800 Threw 0x00000000ecd47db0 at C:\re\jdk7u79\2331\hotspot\src\share\vm\prims\jvm.cpp:1304
Event: 9.671 Thread 0x0000000009d79000 Implicit null exception at 0x00000000024fc2c8 to 0x00000000024feb2d
Event: 22.458 Thread 0x00000000021ce800 Threw 0x00000000ed09be80 at C:\re\jdk7u79\2331\hotspot\src\share\vm\prims\jvm.cpp:1304
Event: 22.461 Thread 0x0000000009d7a800 Implicit null exception at 0x000000000254c16c to 0x000000000254cb2d
Event: 22.495 Thread 0x00000000021ce800 Threw 0x00000000ed9b1d08 at C:\re\jdk7u79\2331\hotspot\src\share\vm\prims\jvm.cpp:1304
Event: 27.100 Thread 0x00000000021ce800 Implicit null exception at 0x00000000025af2c0 to 0x00000000025af9b5

Events (10 events):
Event: 27.093 Thread 0x0000000008b63800 flushing nmethod 0x00000000025cea10
Event: 27.100 Thread 0x00000000021ce800 Uncommon trap: trap_request=0xfffffff4 fr.pc=0x00000000025af9c4
Event: 27.100 Thread 0x00000000021ce800 DEOPT PACKING pc=0x00000000025af9c4 sp=0x000000000241ea90
Event: 27.100 Thread 0x00000000021ce800 DEOPT UNPACKING pc=0x00000000024575a4 sp=0x000000000241e9e8 mode 2
Event: 27.140 Thread 0x00000000021ce800 Uncommon trap: trap_request=0xffffffc6 fr.pc=0x00000000024fd690
Event: 27.140 Thread 0x00000000021ce800 DEOPT PACKING pc=0x00000000024fd690 sp=0x000000000241e550
Event: 27.140 Thread 0x00000000021ce800 DEOPT UNPACKING pc=0x00000000024575a4 sp=0x000000000241e4e0 mode 2
Event: 27.141 Thread 0x00000000021ce800 Uncommon trap: trap_request=0xffffffc6 fr.pc=0x00000000024fd690
Event: 27.141 Thread 0x00000000021ce800 DEOPT PACKING pc=0x00000000024fd690 sp=0x000000000241e5c0
Event: 27.141 Thread 0x00000000021ce800 DEOPT UNPACKING pc=0x00000000024575a4 sp=0x000000000241e550 mode 2


Dynamic libraries:
0x000000013fe00000 - 0x000000013fe33000 	C:\Program Files\Java\jdk1.7.0_79\bin\java.exe
0x0000000077080000 - 0x0000000077229000 	C:\Windows\SYSTEM32\ntdll.dll
0x0000000076e40000 - 0x0000000076f5f000 	C:\Windows\system32\kernel32.dll
0x000007fefce70000 - 0x000007fefcedc000 	C:\Windows\system32\KERNELBASE.dll
0x000007fefd1f0000 - 0x000007fefd2cb000 	C:\Windows\system32\ADVAPI32.dll
0x000007fefdb60000 - 0x000007fefdbff000 	C:\Windows\system32\msvcrt.dll
0x000007feff290000 - 0x000007feff2af000 	C:\Windows\SYSTEM32\sechost.dll
0x000007fefd9c0000 - 0x000007fefdaed000 	C:\Windows\system32\RPCRT4.dll
0x0000000076f80000 - 0x000000007707a000 	C:\Windows\system32\USER32.dll
0x000007fefdd00000 - 0x000007fefdd67000 	C:\Windows\system32\GDI32.dll
0x000007feff2b0000 - 0x000007feff2be000 	C:\Windows\system32\LPK.dll
0x000007feff2c0000 - 0x000007feff389000 	C:\Windows\system32\USP10.dll
0x000007fefb1f0000 - 0x000007fefb3e4000 	C:\Windows\WinSxS\amd64_microsoft.windows.common-controls_6595b64144ccf1df_6.0.7601.18837_none_fa3b1e3d17594757\COMCTL32.dll
0x000007fefd2d0000 - 0x000007fefd341000 	C:\Windows\system32\SHLWAPI.dll
0x000007fefe200000 - 0x000007fefe22e000 	C:\Windows\system32\IMM32.DLL
0x000007fefdee0000 - 0x000007fefdfe9000 	C:\Windows\system32\MSCTF.dll
0x000007fefcd60000 - 0x000007fefcd92000 	C:\Windows\system32\nvinitx.dll
0x0000000050f10000 - 0x0000000050fe2000 	C:\Program Files\Java\jdk1.7.0_79\jre\bin\msvcr100.dll
0x000000006e6e0000 - 0x000000006eeb5000 	C:\Program Files\Java\jdk1.7.0_79\jre\bin\server\jvm.dll
0x000007fef50d0000 - 0x000007fef50d9000 	C:\Windows\system32\WSOCK32.dll
0x000007fefdb10000 - 0x000007fefdb5d000 	C:\Windows\system32\WS2_32.dll
0x000007fefde50000 - 0x000007fefde58000 	C:\Windows\system32\NSI.dll
0x000007fefb9f0000 - 0x000007fefba2b000 	C:\Windows\system32\WINMM.dll
0x0000000077240000 - 0x0000000077247000 	C:\Windows\system32\PSAPI.DLL
0x0000000068a60000 - 0x0000000068a6f000 	C:\Program Files\Java\jdk1.7.0_79\jre\bin\verify.dll
0x0000000054e10000 - 0x0000000054e38000 	C:\Program Files\Java\jdk1.7.0_79\jre\bin\java.dll
0x00000000689d0000 - 0x00000000689e5000 	C:\Program Files\Java\jdk1.7.0_79\jre\bin\zip.dll
0x00000000551e0000 - 0x00000000551fa000 	C:\Program Files\Java\jdk1.7.0_79\jre\bin\net.dll
0x000007fefc5b0000 - 0x000007fefc605000 	C:\Windows\system32\mswsock.dll
0x000007fefc830000 - 0x000007fefc837000 	C:\Windows\System32\wship6.dll
0x0000000054df0000 - 0x0000000054e01000 	C:\Program Files\Java\jdk1.7.0_79\jre\bin\nio.dll

VM Arguments:
jvm_args: -Xmx1024M -Dfile.encoding=windows-1252 -Duser.country=US -Duser.language=en -Duser.variant 
java_command: com.android.dx.command.Main --dex --num-threads=4 --output C:\Users\rlucas\AndroidStudioProjects\FastRoute\app\build\intermediates\pre-dexed\debug\classes-f93d0cba766002042d3705bcdc72fb5cfa77dd1f.jar C:\Users\rlucas\AndroidStudioProjects\FastRoute\app\build\intermediates\exploded-aar\com.google.android.gms\play-services-analytics\7.8.0\jars\classes.jar
Launcher Type: SUN_STANDARD

Environment Variables:
JAVA_HOME=C:\jdk1.6.0_45
PATH=C:\Windows\system32;C:\Windows;C:\Windows\System32\Wbem;C:\Windows\System32\WindowsPowerShell\v1.0\;C:\Program Files (x86)\Common Files\Roxio Shared\OEM\DLLShared\;C:\Program Files (x86)\Common Files\Roxio Shared\OEM\DLLShared\;C:\Program Files (x86)\Common Files\Roxio Shared\OEM\12.0\DLLShared\;C:\Program Files (x86)\Roxio\OEM\AudioCore\;C:\Program Files\TortoiseSVN\bin;C:\bin\apache-ant-1.8.2\bin;C:\bin\php-5.5.6-Win32-VC11-x64;C:\Program Files (x86)\DAMIANI\Jasob 4.0;C:\Program Files (x86)\VisualSVN Server\bin;C:\Program Files (x86)\Loquendo\LTTS7\bin;C:\apache-ant-1.9.4\bin;C:\jdk1.6.0_45\bin;C:\Program Files (x86)\Genesis Mobile\Jasob 4.1;C:\Program Files (x86)\Microsoft SQL Server\100\Tools\Binn\;C:\Program Files\Microsoft SQL Server\100\Tools\Binn\;C:\Program Files\Microsoft SQL Server\100\DTS\Binn\;C:\Program Files (x86)\Microsoft SQL Server\100\Tools\Binn\VSShell\Common7\IDE\;C:\Program Files (x86)\Microsoft Visual Studio 9.0\Common7\IDE\PrivateAssemblies\;C:\Program Files (x86)\Microsoft SQL Server\100\DTS\Binn\;C:\PROGRA~2\Groovy\GROOVY~1.3\bin;C:\Users\rlucas\apache-maven-3.2.5\bin;C:\Program Files\Apache Software Foundation\Tomcat 6.0\bin;C:\Program Files (x86)\Skype\Phone\;.;;.;
USERNAME=rlucas
OS=Windows_NT
PROCESSOR_IDENTIFIER=Intel64 Family 6 Model 42 Stepping 7, GenuineIntel



---------------  S Y S T E M  ---------------

OS: Windows 7 , 64 bit Build 7601 Service Pack 1

CPU:total 8 (4 cores per cpu, 2 threads per core) family 6 model 42 stepping 7, cmov, cx8, fxsr, mmx, sse, sse2, sse3, ssse3, sse4.1, sse4.2, popcnt, avx, aes, ht, tsc, tscinvbit

Memory: 4k page, physical 8266684k(237732k free), swap 10361996k(5100k free)

vm_info: Java HotSpot(TM) 64-Bit Server VM (24.79-b02) for windows-amd64 JRE (1.7.0_79-b15), built on Apr 10 2015 12:36:16 by "java_re" with unknown MS VC++:1600

time: Tue Sep 29 11:13:08 2015
elapsed time: 27 seconds

