#
# There is insufficient memory for the Java Runtime Environment to continue.
# Native memory allocation (malloc) failed to allocate 121872 bytes for Chunk::new
# Possible reasons:
#   The system is out of physical RAM or swap space
#   In 32 bit mode, the process size limit was hit
# Possible solutions:
#   Reduce memory load on the system
#   Increase physical memory or swap space
#   Check if swap backing store is full
#   Use 64 bit Java on a 64 bit OS
#   Decrease Java heap size (-Xmx/-Xms)
#   Decrease number of Java threads
#   Decrease Java thread stack sizes (-Xss)
#   Set larger code cache with -XX:ReservedCodeCacheSize=
# This output file may be truncated or incomplete.
#
#  Out of Memory Error (allocation.cpp:323), pid=5208, tid=412
#
# JRE version: Java(TM) SE Runtime Environment (7.0_79-b15) (build 1.7.0_79-b15)
# Java VM: Java HotSpot(TM) 64-Bit Server VM (24.79-b02 mixed mode windows-amd64 compressed oops)
# Failed to write core dump. Minidumps are not enabled by default on client versions of Windows
#

---------------  T H R E A D  ---------------

Current thread (0x0000000008d1b800):  JavaThread "C2 CompilerThread0" daemon [_thread_in_native, id=412, stack(0x000000000b190000,0x000000000b290000)]

Stack: [0x000000000b190000,0x000000000b290000]
[error occurred during error reporting (printing stack bounds), id 0xc0000005]


[error occurred during error reporting (printing native stack), id 0xc0000005]


Current CompileTask:
C2:    911   57             com.android.dx.ssa.back.LivenessAnalyzer::handleTailRecursion (94 bytes)


---------------  P R O C E S S  ---------------

Java Threads: ( => current thread )
  0x0000000009fd1800 JavaThread "pool-1-thread-4" [_thread_in_Java, id=9336, stack(0x000000000c2c0000,0x000000000c3c0000)]
  0x0000000009fcc800 JavaThread "pool-1-thread-3" [_thread_in_Java, id=12856, stack(0x000000000c090000,0x000000000c190000)]
  0x0000000009fcc000 JavaThread "pool-1-thread-2" [_thread_in_Java, id=12100, stack(0x000000000b6a0000,0x000000000b7a0000)]
  0x0000000009fd4000 JavaThread "pool-2-thread-1" [_thread_blocked, id=13200, stack(0x000000000b470000,0x000000000b570000)]
  0x0000000009fb6000 JavaThread "pool-1-thread-1" [_thread_in_Java, id=9448, stack(0x000000000be40000,0x000000000bf40000)]
  0x0000000009dba000 JavaThread "Service Thread" daemon [_thread_blocked, id=7876, stack(0x000000000b800000,0x000000000b900000)]
  0x0000000009db4000 JavaThread "C2 CompilerThread1" daemon [_thread_in_native, id=12632, stack(0x000000000b570000,0x000000000b670000)]
=>0x0000000008d1b800 JavaThread "C2 CompilerThread0" daemon [_thread_in_native, id=412, stack(0x000000000b190000,0x000000000b290000)]
  0x0000000008d1a800 JavaThread "Attach Listener" daemon [_thread_blocked, id=11980, stack(0x000000000b340000,0x000000000b440000)]
  0x0000000008d19800 JavaThread "Signal Dispatcher" daemon [_thread_blocked, id=1708, stack(0x000000000af40000,0x000000000b040000)]
  0x0000000002129800 JavaThread "Finalizer" daemon [_thread_blocked, id=5140, stack(0x000000000b080000,0x000000000b180000)]
  0x0000000008d01800 JavaThread "Reference Handler" daemon [_thread_blocked, id=12844, stack(0x000000000ad00000,0x000000000ae00000)]
  0x000000000016e800 JavaThread "main" [_thread_in_Java, id=10304, stack(0x0000000002400000,0x0000000002500000)]

Other Threads:
  0x0000000008cfe800 VMThread [stack: 0x000000000ae30000,0x000000000af30000] [id=8088]
  0x0000000009dca800 WatcherThread [stack: 0x000000000b9d0000,0x000000000bad0000] [id=9140]

VM state:not at safepoint (normal execution)

VM Mutex/Monitor currently owned by a thread: None

Heap
 PSYoungGen      total 38400K, used 14339K [0x00000000eaa80000, 0x00000000ed500000, 0x0000000100000000)
  eden space 33280K, 43% used [0x00000000eaa80000,0x00000000eb880e40,0x00000000ecb00000)
  from space 5120K, 0% used [0x00000000ed000000,0x00000000ed000000,0x00000000ed500000)
  to   space 5120K, 0% used [0x00000000ecb00000,0x00000000ecb00000,0x00000000ed000000)
 ParOldGen       total 86016K, used 0K [0x00000000c0000000, 0x00000000c5400000, 0x00000000eaa80000)
  object space 86016K, 0% used [0x00000000c0000000,0x00000000c0000000,0x00000000c5400000)
 PSPermGen       total 21504K, used 5481K [0x00000000bae00000, 0x00000000bc300000, 0x00000000c0000000)
  object space 21504K, 25% used [0x00000000bae00000,0x00000000bb35a530,0x00000000bc300000)

Card table byte_map: [0x0000000005500000,0x0000000005730000] byte_map_base: 0x0000000004f29000

Polling page: 0x0000000000130000

Code Cache  [0x0000000002500000, 0x0000000002770000, 0x0000000005500000)
 total_blobs=295 nmethods=58 adapters=189 free_code_cache=48663Kb largest_free_block=49812352

Compilation events (10 events):
Event: 0.902 Thread 0x0000000009db4000 nmethod 54 0x000000000257df90 code [0x000000000257e100, 0x000000000257e718]
Event: 0.902 Thread 0x0000000009db4000   56             com.android.dx.ssa.NormalSsaInsn::getOriginalRopInsn (5 bytes)
Event: 0.903 Thread 0x0000000008d1b800 nmethod 55 0x0000000002571a90 code [0x0000000002571c00, 0x0000000002571eb8]
Event: 0.903 Thread 0x0000000009db4000 nmethod 56 0x00000000025774d0 code [0x0000000002577600, 0x0000000002577658]
Event: 0.903 Thread 0x0000000008d1b800   57             com.android.dx.ssa.back.LivenessAnalyzer::handleTailRecursion (94 bytes)
Event: 0.903 Thread 0x0000000009db4000   58             java.util.BitSet::get (69 bytes)
Event: 0.904 Thread 0x0000000009db4000 nmethod 58 0x0000000002577210 code [0x0000000002577340, 0x00000000025773f8]
Event: 0.905 Thread 0x0000000009db4000   59             java.util.BitSet::expandTo (23 bytes)
Event: 0.906 Thread 0x0000000009db4000 nmethod 59 0x0000000002579110 code [0x0000000002579260, 0x0000000002579328]
Event: 0.906 Thread 0x0000000009db4000   60             com.android.dx.ssa.SsaMethod::deleteInsns (239 bytes)

GC Heap History (0 events):
No events

Deoptimization events (2 events):
Event: 0.899 Thread 0x000000000016e800 Uncommon trap: reason=class_check action=maybe_recompile pc=0x000000000257c7fc method=com.android.dx.ssa.NormalSsaInsn.accept(Lcom/android/dx/ssa/SsaInsn$Visitor;)V @ 9
Event: 0.904 Thread 0x000000000016e800 Uncommon trap: reason=null_check action=make_not_entrant pc=0x000000000257e64c method=com.android.dx.rop.code.LocalItem.equals(Ljava/lang/Object;)Z @ 1

Internal exceptions (10 events):
Event: 0.797 Thread 0x0000000009fcc800 Threw 0x00000000eb21d600 at C:\re\jdk7u79\2331\hotspot\src\share\vm\prims\jvm.cpp:1304
Event: 0.810 Thread 0x0000000009fcc800 Threw 0x00000000eb241ff8 at C:\re\jdk7u79\2331\hotspot\src\share\vm\prims\jvm.cpp:1304
Event: 0.828 Thread 0x0000000009fcc800 Threw 0x00000000eb2607e0 at C:\re\jdk7u79\2331\hotspot\src\share\vm\prims\jvm.cpp:1304
Event: 0.830 Thread 0x0000000009fcc800 Threw 0x00000000eb49d288 at C:\re\jdk7u79\2331\hotspot\src\share\vm\prims\jvm.cpp:1304
Event: 0.830 Thread 0x0000000009fcc800 Threw 0x00000000eb49fed8 at C:\re\jdk7u79\2331\hotspot\src\share\vm\prims\jvm.cpp:1304
Event: 0.830 Thread 0x0000000009fcc800 Threw 0x00000000eb4a2b28 at C:\re\jdk7u79\2331\hotspot\src\share\vm\prims\jvm.cpp:1304
Event: 0.831 Thread 0x0000000009fcc800 Threw 0x00000000eb4a5ae8 at C:\re\jdk7u79\2331\hotspot\src\share\vm\prims\jvm.cpp:1304
Event: 0.848 Thread 0x0000000009fcc000 Threw 0x00000000eb010da8 at C:\re\jdk7u79\2331\hotspot\src\share\vm\prims\jvm.cpp:1304
Event: 0.900 Thread 0x000000000016e800 Threw 0x00000000eb61fd50 at C:\re\jdk7u79\2331\hotspot\src\share\vm\prims\jvm.cpp:1304
Event: 0.904 Thread 0x000000000016e800 Implicit null exception at 0x000000000257e2e1 to 0x000000000257e631

Events (10 events):
Event: 0.847 loading class 0x0000000009fc4670
Event: 0.848 loading class 0x0000000009fc4670 done
Event: 0.899 Thread 0x000000000016e800 Uncommon trap: trap_request=0xffffffde fr.pc=0x000000000257c7fc
Event: 0.899 Thread 0x000000000016e800 DEOPT PACKING pc=0x000000000257c7fc sp=0x00000000024fe230
Event: 0.899 Thread 0x000000000016e800 DEOPT UNPACKING pc=0x00000000025375a4 sp=0x00000000024fe1b0 mode 2
Event: 0.900 loading class 0x0000000009fb46c0
Event: 0.900 loading class 0x0000000009fb46c0 done
Event: 0.904 Thread 0x000000000016e800 Uncommon trap: trap_request=0xfffffff4 fr.pc=0x000000000257e64c
Event: 0.904 Thread 0x000000000016e800 DEOPT PACKING pc=0x000000000257e64c sp=0x00000000024fe170
Event: 0.904 Thread 0x000000000016e800 DEOPT UNPACKING pc=0x00000000025375a4 sp=0x00000000024fe0b0 mode 2


Dynamic libraries:
0x000000013f700000 - 0x000000013f733000 	C:\Program Files\Java\jdk1.7.0_79\bin\java.exe
0x0000000076f00000 - 0x00000000770a9000 	C:\Windows\SYSTEM32\ntdll.dll
0x0000000076ce0000 - 0x0000000076dff000 	C:\Windows\system32\kernel32.dll
0x000007fefccd0000 - 0x000007fefcd3c000 	C:\Windows\system32\KERNELBASE.dll
0x000007feff020000 - 0x000007feff0fb000 	C:\Windows\system32\ADVAPI32.dll
0x000007fefee40000 - 0x000007fefeedf000 	C:\Windows\system32\msvcrt.dll
0x000007feff000000 - 0x000007feff01f000 	C:\Windows\SYSTEM32\sechost.dll
0x000007fefe990000 - 0x000007fefeabd000 	C:\Windows\system32\RPCRT4.dll
0x0000000076e00000 - 0x0000000076efa000 	C:\Windows\system32\USER32.dll
0x000007fefe3a0000 - 0x000007fefe407000 	C:\Windows\system32\GDI32.dll
0x000007fefee30000 - 0x000007fefee3e000 	C:\Windows\system32\LPK.dll
0x000007fefde90000 - 0x000007fefdf59000 	C:\Windows\system32\USP10.dll
0x000007fefae40000 - 0x000007fefb034000 	C:\Windows\WinSxS\amd64_microsoft.windows.common-controls_6595b64144ccf1df_6.0.7601.18837_none_fa3b1e3d17594757\COMCTL32.dll
0x000007fefd070000 - 0x000007fefd0e1000 	C:\Windows\system32\SHLWAPI.dll
0x000007fefe890000 - 0x000007fefe8be000 	C:\Windows\system32\IMM32.DLL
0x000007feff100000 - 0x000007feff209000 	C:\Windows\system32\MSCTF.dll
0x000007fefcbe0000 - 0x000007fefcc12000 	C:\Windows\system32\nvinitx.dll
0x0000000067930000 - 0x0000000067a02000 	C:\Program Files\Java\jdk1.7.0_79\jre\bin\msvcr100.dll
0x000000006ecf0000 - 0x000000006f4c5000 	C:\Program Files\Java\jdk1.7.0_79\jre\bin\server\jvm.dll
0x000007fef4f50000 - 0x000007fef4f59000 	C:\Windows\system32\WSOCK32.dll
0x000007fefe8c0000 - 0x000007fefe90d000 	C:\Windows\system32\WS2_32.dll
0x000007fefde80000 - 0x000007fefde88000 	C:\Windows\system32\NSI.dll
0x000007fefb6b0000 - 0x000007fefb6eb000 	C:\Windows\system32\WINMM.dll
0x00000000770d0000 - 0x00000000770d7000 	C:\Windows\system32\PSAPI.DLL
0x0000000074430000 - 0x000000007443f000 	C:\Program Files\Java\jdk1.7.0_79\jre\bin\verify.dll
0x00000000743c0000 - 0x00000000743e8000 	C:\Program Files\Java\jdk1.7.0_79\jre\bin\java.dll
0x0000000074410000 - 0x0000000074425000 	C:\Program Files\Java\jdk1.7.0_79\jre\bin\zip.dll
0x00000000743a0000 - 0x00000000743ba000 	C:\Program Files\Java\jdk1.7.0_79\jre\bin\net.dll
0x000007fefc450000 - 0x000007fefc4a5000 	C:\Windows\system32\mswsock.dll
0x000007fefc440000 - 0x000007fefc447000 	C:\Windows\System32\wship6.dll
0x0000000074380000 - 0x0000000074391000 	C:\Program Files\Java\jdk1.7.0_79\jre\bin\nio.dll

VM Arguments:
jvm_args: -Xmx1024M -Dfile.encoding=windows-1252 -Duser.country=US -Duser.language=en -Duser.variant 
java_command: com.android.dx.command.Main --dex --num-threads=4 --output C:\Users\rlucas\AndroidStudioProjects\FastRoute\app\build\intermediates\pre-dexed\debug\classes-a890d52ccaf2973af019c8416417d86df8dbaa15.jar C:\Users\rlucas\AndroidStudioProjects\FastRoute\app\build\intermediates\exploded-aar\com.google.android.gms\play-services-location\7.8.0\jars\classes.jar
Launcher Type: SUN_STANDARD

Environment Variables:
JAVA_HOME=C:\jdk1.6.0_45
PATH=C:\Windows\system32;C:\Windows;C:\Windows\System32\Wbem;C:\Windows\System32\WindowsPowerShell\v1.0\;C:\Program Files (x86)\Common Files\Roxio Shared\OEM\DLLShared\;C:\Program Files (x86)\Common Files\Roxio Shared\OEM\DLLShared\;C:\Program Files (x86)\Common Files\Roxio Shared\OEM\12.0\DLLShared\;C:\Program Files (x86)\Roxio\OEM\AudioCore\;C:\Program Files\TortoiseSVN\bin;C:\bin\apache-ant-1.8.2\bin;C:\bin\php-5.5.6-Win32-VC11-x64;C:\Program Files (x86)\DAMIANI\Jasob 4.0;C:\Program Files (x86)\VisualSVN Server\bin;C:\Program Files (x86)\Loquendo\LTTS7\bin;C:\apache-ant-1.9.4\bin;C:\jdk1.6.0_45\bin;C:\Program Files (x86)\Genesis Mobile\Jasob 4.1;C:\Program Files (x86)\Microsoft SQL Server\100\Tools\Binn\;C:\Program Files\Microsoft SQL Server\100\Tools\Binn\;C:\Program Files\Microsoft SQL Server\100\DTS\Binn\;C:\Program Files (x86)\Microsoft SQL Server\100\Tools\Binn\VSShell\Common7\IDE\;C:\Program Files (x86)\Microsoft Visual Studio 9.0\Common7\IDE\PrivateAssemblies\;C:\Program Files (x86)\Microsoft SQL Server\100\DTS\Binn\;C:\PROGRA~2\Groovy\GROOVY~1.3\bin;C:\Users\rlucas\apache-maven-3.2.5\bin;C:\Program Files\Apache Software Foundation\Tomcat 6.0\bin;C:\Program Files (x86)\Skype\Phone\;.;;.;;.;;.;
USERNAME=rlucas
OS=Windows_NT
PROCESSOR_IDENTIFIER=Intel64 Family 6 Model 42 Stepping 7, GenuineIntel



---------------  S Y S T E M  ---------------

OS: Windows 7 , 64 bit Build 7601 Service Pack 1

CPU:total 8 (4 cores per cpu, 2 threads per core) family 6 model 42 stepping 7, cmov, cx8, fxsr, mmx, sse, sse2, sse3, ssse3, sse4.1, sse4.2, popcnt, avx, aes, ht, tsc, tscinvbit

Memory: 4k page, physical 8266684k(484984k free), swap 10361996k(4912k free)

vm_info: Java HotSpot(TM) 64-Bit Server VM (24.79-b02) for windows-amd64 JRE (1.7.0_79-b15), built on Apr 10 2015 12:36:16 by "java_re" with unknown MS VC++:1600

time: Fri Sep 18 15:27:31 2015
elapsed time: 0 seconds

