#
# There is insufficient memory for the Java Runtime Environment to continue.
# Native memory allocation (malloc) failed to allocate 119216 bytes for Chunk::new
# Possible reasons:
#   The system is out of physical RAM or swap space
#   In 32 bit mode, the process size limit was hit
# Possible solutions:
#   Reduce memory load on the system
#   Increase physical memory or swap space
#   Check if swap backing store is full
#   Use 64 bit Java on a 64 bit OS
#   Decrease Java heap size (-Xmx/-Xms)
#   Decrease number of Java threads
#   Decrease Java thread stack sizes (-Xss)
#   Set larger code cache with -XX:ReservedCodeCacheSize=
# This output file may be truncated or incomplete.
#
#  Out of Memory Error (allocation.cpp:323), pid=11428, tid=352
#
# JRE version: Java(TM) SE Runtime Environment (7.0_79-b15) (build 1.7.0_79-b15)
# Java VM: Java HotSpot(TM) 64-Bit Server VM (24.79-b02 mixed mode windows-amd64 compressed oops)
# Failed to write core dump. Minidumps are not enabled by default on client versions of Windows
#

---------------  T H R E A D  ---------------

Current thread (0x0000000009c34000):  JavaThread "C2 CompilerThread1" daemon [_thread_in_native, id=352, stack(0x000000000b4f0000,0x000000000b5f0000)]

Stack: [0x000000000b4f0000,0x000000000b5f0000]
[error occurred during error reporting (printing stack bounds), id 0xc0000005]


[error occurred during error reporting (printing native stack), id 0xc0000005]


Current CompileTask:
C2:   2343   91             sun.security.provider.SHA::implCompress (491 bytes)


---------------  P R O C E S S  ---------------

Java Threads: ( => current thread )
  0x0000000009c3a000 JavaThread "Service Thread" daemon [_thread_blocked, id=10800, stack(0x000000000b6f0000,0x000000000b7f0000)]
=>0x0000000009c34000 JavaThread "C2 CompilerThread1" daemon [_thread_in_native, id=352, stack(0x000000000b4f0000,0x000000000b5f0000)]
  0x0000000008cab000 JavaThread "C2 CompilerThread0" daemon [_thread_blocked, id=10732, stack(0x000000000b3a0000,0x000000000b4a0000)]
  0x0000000008caa800 JavaThread "Attach Listener" daemon [_thread_blocked, id=10844, stack(0x000000000afe0000,0x000000000b0e0000)]
  0x0000000008ca9800 JavaThread "Signal Dispatcher" daemon [_thread_blocked, id=8860, stack(0x000000000b100000,0x000000000b200000)]
  0x00000000022cf000 JavaThread "Finalizer" daemon [_thread_blocked, id=7888, stack(0x000000000ab60000,0x000000000ac60000)]
  0x00000000022c8800 JavaThread "Reference Handler" daemon [_thread_blocked, id=7192, stack(0x000000000ae90000,0x000000000af90000)]

Other Threads:
  0x0000000008c8d800 VMThread [stack: 0x000000000ac80000,0x000000000ad80000] [id=9992]
  0x0000000009c3f000 WatcherThread [stack: 0x000000000b840000,0x000000000b940000] [id=7136]

VM state:not at safepoint (normal execution)

VM Mutex/Monitor currently owned by a thread: None

Heap
 PSYoungGen      total 38400K, used 16008K [0x00000000eaa80000, 0x00000000ed500000, 0x0000000100000000)
  eden space 33280K, 48% used [0x00000000eaa80000,0x00000000eba22148,0x00000000ecb00000)
  from space 5120K, 0% used [0x00000000ed000000,0x00000000ed000000,0x00000000ed500000)
  to   space 5120K, 0% used [0x00000000ecb00000,0x00000000ecb00000,0x00000000ed000000)
 ParOldGen       total 86016K, used 0K [0x00000000c0000000, 0x00000000c5400000, 0x00000000eaa80000)
  object space 86016K, 0% used [0x00000000c0000000,0x00000000c0000000,0x00000000c5400000)
 PSPermGen       total 21504K, used 5979K [0x00000000bae00000, 0x00000000bc300000, 0x00000000c0000000)
  object space 21504K, 27% used [0x00000000bae00000,0x00000000bb3d6f28,0x00000000bc300000)

Card table byte_map: [0x0000000005730000,0x0000000005960000] byte_map_base: 0x0000000005159000

Polling page: 0x0000000000140000

Code Cache  [0x0000000002730000, 0x00000000029a0000, 0x0000000005730000)
 total_blobs=334 nmethods=90 adapters=196 free_code_cache=48627Kb largest_free_block=49778304

Compilation events (10 events):
Event: 1.979 Thread 0x0000000009c34000   87             com.android.dx.rop.type.Type::getDescriptor (5 bytes)
Event: 1.979 Thread 0x0000000008cab000 nmethod 86 0x00000000027acf90 code [0x00000000027ad0c0, 0x00000000027ad118]
Event: 1.979 Thread 0x0000000009c34000 nmethod 87 0x00000000027acd90 code [0x00000000027acec0, 0x00000000027acf18]
Event: 2.001 Thread 0x0000000008cab000   88             com.android.dx.rop.cst.CstString::compareTo0 (15 bytes)
Event: 2.002 Thread 0x0000000008cab000 nmethod 88 0x00000000027af850 code [0x00000000027af9a0, 0x00000000027afb18]
Event: 2.016 Thread 0x0000000009c34000   89             com.android.dx.rop.type.Type::compareTo (12 bytes)
Event: 2.017 Thread 0x0000000009c34000 nmethod 89 0x00000000027af290 code [0x00000000027af3c0, 0x00000000027af518]
Event: 2.026 Thread 0x0000000008cab000   90             java.util.Properties$LineReader::readLine (452 bytes)
Event: 2.038 Thread 0x0000000009c34000   91             sun.security.provider.SHA::implCompress (491 bytes)
Event: 2.040 Thread 0x0000000008cab000 nmethod 90 0x00000000027b42d0 code [0x00000000027b4460, 0x00000000027b4c58]

GC Heap History (0 events):
No events

Deoptimization events (0 events):
No events

Internal exceptions (10 events):
Event: 1.980 Thread 0x000000000049e800 Threw 0x00000000eb90cf38 at C:\re\jdk7u79\2331\hotspot\src\share\vm\prims\jvm.cpp:1304
Event: 1.981 Thread 0x000000000049e800 Threw 0x00000000eb90ff98 at C:\re\jdk7u79\2331\hotspot\src\share\vm\prims\jvm.cpp:1304
Event: 2.002 Thread 0x000000000049e800 Threw 0x00000000eb935198 at C:\re\jdk7u79\2331\hotspot\src\share\vm\prims\jvm.cpp:1304
Event: 2.004 Thread 0x000000000049e800 Threw 0x00000000eb940d48 at C:\re\jdk7u79\2331\hotspot\src\share\vm\prims\jvm.cpp:1304
Event: 2.004 Thread 0x000000000049e800 Threw 0x00000000eb9438f8 at C:\re\jdk7u79\2331\hotspot\src\share\vm\prims\jvm.cpp:1304
Event: 2.009 Thread 0x000000000049e800 Threw 0x00000000eb966780 at C:\re\jdk7u79\2331\hotspot\src\share\vm\prims\jvm.cpp:1304
Event: 2.011 Thread 0x000000000049e800 Threw 0x00000000eb976518 at C:\re\jdk7u79\2331\hotspot\src\share\vm\prims\jvm.cpp:1304
Event: 2.012 Thread 0x000000000049e800 Threw 0x00000000eb97b9a8 at C:\re\jdk7u79\2331\hotspot\src\share\vm\prims\jvm.cpp:1304
Event: 2.014 Thread 0x000000000049e800 Threw 0x00000000eb985810 at C:\re\jdk7u79\2331\hotspot\src\share\vm\prims\jvm.cpp:1304
Event: 2.022 Thread 0x000000000049e800 Threw 0x00000000eb988590 at C:\re\jdk7u79\2331\hotspot\src\share\vm\prims\jvm.cpp:1304

Events (10 events):
Event: 2.045 loading class 0x000000000c359330 done
Event: 2.047 loading class 0x0000000009c460d0
Event: 2.047 loading class 0x000000000c359b10
Event: 2.047 loading class 0x000000000c359b10 done
Event: 2.047 loading class 0x0000000009c460d0 done
Event: 2.047 loading class 0x0000000008b05690
Event: 2.047 loading class 0x0000000008b05690 done
Event: 2.055 loading class 0x0000000008ad7410
Event: 2.056 loading class 0x0000000008ad7410 done
Event: 2.060 Thread 0x000000000049e800 Thread exited: 0x000000000049e800


Dynamic libraries:
0x000000013fe00000 - 0x000000013fe33000 	C:\Program Files\Java\jdk1.7.0_79\bin\java.exe
0x0000000077080000 - 0x0000000077229000 	C:\Windows\SYSTEM32\ntdll.dll
0x0000000076e40000 - 0x0000000076f5f000 	C:\Windows\system32\kernel32.dll
0x000007fefce70000 - 0x000007fefcedc000 	C:\Windows\system32\KERNELBASE.dll
0x000007fefd1f0000 - 0x000007fefd2cb000 	C:\Windows\system32\ADVAPI32.dll
0x000007fefdb60000 - 0x000007fefdbff000 	C:\Windows\system32\msvcrt.dll
0x000007feff290000 - 0x000007feff2af000 	C:\Windows\SYSTEM32\sechost.dll
0x000007fefd9c0000 - 0x000007fefdaed000 	C:\Windows\system32\RPCRT4.dll
0x0000000076f80000 - 0x000000007707a000 	C:\Windows\system32\USER32.dll
0x000007fefdd00000 - 0x000007fefdd67000 	C:\Windows\system32\GDI32.dll
0x000007feff2b0000 - 0x000007feff2be000 	C:\Windows\system32\LPK.dll
0x000007feff2c0000 - 0x000007feff389000 	C:\Windows\system32\USP10.dll
0x000007fefb1f0000 - 0x000007fefb3e4000 	C:\Windows\WinSxS\amd64_microsoft.windows.common-controls_6595b64144ccf1df_6.0.7601.18837_none_fa3b1e3d17594757\COMCTL32.dll
0x000007fefd2d0000 - 0x000007fefd341000 	C:\Windows\system32\SHLWAPI.dll
0x000007fefe200000 - 0x000007fefe22e000 	C:\Windows\system32\IMM32.DLL
0x000007fefdee0000 - 0x000007fefdfe9000 	C:\Windows\system32\MSCTF.dll
0x000007fefcd60000 - 0x000007fefcd92000 	C:\Windows\system32\nvinitx.dll
0x0000000050f10000 - 0x0000000050fe2000 	C:\Program Files\Java\jdk1.7.0_79\jre\bin\msvcr100.dll
0x000000006e6e0000 - 0x000000006eeb5000 	C:\Program Files\Java\jdk1.7.0_79\jre\bin\server\jvm.dll
0x000007fef50d0000 - 0x000007fef50d9000 	C:\Windows\system32\WSOCK32.dll
0x000007fefdb10000 - 0x000007fefdb5d000 	C:\Windows\system32\WS2_32.dll
0x000007fefde50000 - 0x000007fefde58000 	C:\Windows\system32\NSI.dll
0x000007fefb9f0000 - 0x000007fefba2b000 	C:\Windows\system32\WINMM.dll
0x0000000077240000 - 0x0000000077247000 	C:\Windows\system32\PSAPI.DLL
0x0000000068a60000 - 0x0000000068a6f000 	C:\Program Files\Java\jdk1.7.0_79\jre\bin\verify.dll
0x0000000054e10000 - 0x0000000054e38000 	C:\Program Files\Java\jdk1.7.0_79\jre\bin\java.dll
0x00000000689d0000 - 0x00000000689e5000 	C:\Program Files\Java\jdk1.7.0_79\jre\bin\zip.dll
0x00000000551e0000 - 0x00000000551fa000 	C:\Program Files\Java\jdk1.7.0_79\jre\bin\net.dll
0x000007fefc5b0000 - 0x000007fefc605000 	C:\Windows\system32\mswsock.dll
0x000007fefc830000 - 0x000007fefc837000 	C:\Windows\System32\wship6.dll
0x0000000054df0000 - 0x0000000054e01000 	C:\Program Files\Java\jdk1.7.0_79\jre\bin\nio.dll

VM Arguments:
jvm_args: -Xmx1024M -Dfile.encoding=windows-1252 -Duser.country=US -Duser.language=en -Duser.variant 
java_command: com.android.dx.command.Main --dex --num-threads=4 --output C:\Users\rlucas\AndroidStudioProjects\FastRoute\app\build\intermediates\pre-dexed\debug\internal_impl-22.2.0-9d32dd7be19e019de3343e88b0773e22726a90f9.jar C:\Users\rlucas\AndroidStudioProjects\FastRoute\app\build\intermediates\exploded-aar\com.android.support\mediarouter-v7\22.2.0\jars\libs\internal_impl-22.2.0.jar
Launcher Type: SUN_STANDARD

Environment Variables:
JAVA_HOME=C:\jdk1.6.0_45
PATH=C:\Windows\system32;C:\Windows;C:\Windows\System32\Wbem;C:\Windows\System32\WindowsPowerShell\v1.0\;C:\Program Files (x86)\Common Files\Roxio Shared\OEM\DLLShared\;C:\Program Files (x86)\Common Files\Roxio Shared\OEM\DLLShared\;C:\Program Files (x86)\Common Files\Roxio Shared\OEM\12.0\DLLShared\;C:\Program Files (x86)\Roxio\OEM\AudioCore\;C:\Program Files\TortoiseSVN\bin;C:\bin\apache-ant-1.8.2\bin;C:\bin\php-5.5.6-Win32-VC11-x64;C:\Program Files (x86)\DAMIANI\Jasob 4.0;C:\Program Files (x86)\VisualSVN Server\bin;C:\Program Files (x86)\Loquendo\LTTS7\bin;C:\apache-ant-1.9.4\bin;C:\jdk1.6.0_45\bin;C:\Program Files (x86)\Genesis Mobile\Jasob 4.1;C:\Program Files (x86)\Microsoft SQL Server\100\Tools\Binn\;C:\Program Files\Microsoft SQL Server\100\Tools\Binn\;C:\Program Files\Microsoft SQL Server\100\DTS\Binn\;C:\Program Files (x86)\Microsoft SQL Server\100\Tools\Binn\VSShell\Common7\IDE\;C:\Program Files (x86)\Microsoft Visual Studio 9.0\Common7\IDE\PrivateAssemblies\;C:\Program Files (x86)\Microsoft SQL Server\100\DTS\Binn\;C:\PROGRA~2\Groovy\GROOVY~1.3\bin;C:\Users\rlucas\apache-maven-3.2.5\bin;C:\Program Files\Apache Software Foundation\Tomcat 6.0\bin;C:\Program Files (x86)\Skype\Phone\;.;;.;
USERNAME=rlucas
OS=Windows_NT
PROCESSOR_IDENTIFIER=Intel64 Family 6 Model 42 Stepping 7, GenuineIntel



---------------  S Y S T E M  ---------------

OS: Windows 7 , 64 bit Build 7601 Service Pack 1

CPU:total 8 (4 cores per cpu, 2 threads per core) family 6 model 42 stepping 7, cmov, cx8, fxsr, mmx, sse, sse2, sse3, ssse3, sse4.1, sse4.2, popcnt, avx, aes, ht, tsc, tscinvbit

Memory: 4k page, physical 8266684k(1125340k free), swap 9677768k(117352k free)

vm_info: Java HotSpot(TM) 64-Bit Server VM (24.79-b02) for windows-amd64 JRE (1.7.0_79-b15), built on Apr 10 2015 12:36:16 by "java_re" with unknown MS VC++:1600

time: Tue Sep 29 11:12:44 2015
elapsed time: 2 seconds

