#
# There is insufficient memory for the Java Runtime Environment to continue.
# Native memory allocation (malloc) failed to allocate 330096 bytes for Chunk::new
# Possible reasons:
#   The system is out of physical RAM or swap space
#   In 32 bit mode, the process size limit was hit
# Possible solutions:
#   Reduce memory load on the system
#   Increase physical memory or swap space
#   Check if swap backing store is full
#   Use 64 bit Java on a 64 bit OS
#   Decrease Java heap size (-Xmx/-Xms)
#   Decrease number of Java threads
#   Decrease Java thread stack sizes (-Xss)
#   Set larger code cache with -XX:ReservedCodeCacheSize=
# This output file may be truncated or incomplete.
#
#  Out of Memory Error (allocation.cpp:323), pid=9224, tid=10052
#
# JRE version: Java(TM) SE Runtime Environment (7.0_79-b15) (build 1.7.0_79-b15)
# Java VM: Java HotSpot(TM) 64-Bit Server VM (24.79-b02 mixed mode windows-amd64 compressed oops)
# Failed to write core dump. Minidumps are not enabled by default on client versions of Windows
#

---------------  T H R E A D  ---------------

Current thread (0x00000000089d6800):  JavaThread "C2 CompilerThread1" daemon [_thread_in_native, id=10052, stack(0x000000000b4f0000,0x000000000b5f0000)]

Stack: [0x000000000b4f0000,0x000000000b5f0000]
[error occurred during error reporting (printing stack bounds), id 0xc0000005]


[error occurred during error reporting (printing native stack), id 0xc0000005]


Current CompileTask:
C2:   2370  216             com.android.dx.ssa.SsaBasicBlock::newFromRop (183 bytes)


---------------  P R O C E S S  ---------------

Java Threads: ( => current thread )
  0x0000000009bfb000 JavaThread "pool-1-thread-4" [_thread_blocked, id=10400, stack(0x000000000c270000,0x000000000c370000)]
  0x0000000009bab800 JavaThread "pool-1-thread-3" [_thread_in_vm, id=11288, stack(0x000000000c0f0000,0x000000000c1f0000)]
  0x0000000009ba9800 JavaThread "pool-1-thread-2" [_thread_in_Java, id=10420, stack(0x000000000bf40000,0x000000000c040000)]
  0x0000000009b49800 JavaThread "pool-2-thread-1" [_thread_blocked, id=10008, stack(0x000000000bdd0000,0x000000000bed0000)]
  0x0000000009b4d800 JavaThread "pool-1-thread-1" [_thread_blocked, id=10584, stack(0x000000000ba00000,0x000000000bb00000)]
  0x00000000089d8000 JavaThread "Service Thread" daemon [_thread_blocked, id=10704, stack(0x000000000b620000,0x000000000b720000)]
=>0x00000000089d6800 JavaThread "C2 CompilerThread1" daemon [_thread_in_native, id=10052, stack(0x000000000b4f0000,0x000000000b5f0000)]
  0x00000000089d2000 JavaThread "C2 CompilerThread0" daemon [_thread_blocked, id=12100, stack(0x000000000b310000,0x000000000b410000)]
  0x00000000089d1000 JavaThread "Attach Listener" daemon [_thread_blocked, id=8684, stack(0x000000000ad90000,0x000000000ae90000)]
  0x00000000089d0800 JavaThread "Signal Dispatcher" daemon [_thread_blocked, id=11160, stack(0x000000000b080000,0x000000000b180000)]
  0x0000000001edf000 JavaThread "Finalizer" daemon [_thread_blocked, id=11520, stack(0x000000000aeb0000,0x000000000afb0000)]
  0x00000000089c1800 JavaThread "Reference Handler" daemon [_thread_blocked, id=11452, stack(0x000000000ac50000,0x000000000ad50000)]
  0x0000000001dde800 JavaThread "main" [_thread_blocked, id=10096, stack(0x0000000002350000,0x0000000002450000)]

Other Threads:
  0x00000000089be000 VMThread [stack: 0x000000000aaa0000,0x000000000aba0000] [id=11024]
  0x00000000089dd800 WatcherThread [stack: 0x000000000b1d0000,0x000000000b2d0000] [id=11384]

VM state:synchronizing (normal execution)

VM Mutex/Monitor currently owned by a thread:  ([mutex/lock_event])
[0x0000000001ddc8d0] Safepoint_lock - owner thread: 0x00000000089be000
[0x0000000001ddc950] Threads_lock - owner thread: 0x00000000089be000
[0x0000000001ddce50] Heap_lock - owner thread: 0x0000000009b4d800

Heap
 PSYoungGen      total 38400K, used 33280K [0x00000000eaa80000, 0x00000000ed500000, 0x0000000100000000)
  eden space 33280K, 100% used [0x00000000eaa80000,0x00000000ecb00000,0x00000000ecb00000)
  from space 5120K, 0% used [0x00000000ed000000,0x00000000ed000000,0x00000000ed500000)
  to   space 5120K, 0% used [0x00000000ecb00000,0x00000000ecb00000,0x00000000ed000000)
 ParOldGen       total 86016K, used 0K [0x00000000c0000000, 0x00000000c5400000, 0x00000000eaa80000)
  object space 86016K, 0% used [0x00000000c0000000,0x00000000c0000000,0x00000000c5400000)
 PSPermGen       total 21504K, used 5731K [0x00000000bae00000, 0x00000000bc300000, 0x00000000c0000000)
  object space 21504K, 26% used [0x00000000bae00000,0x00000000bb398cb8,0x00000000bc300000)

Card table byte_map: [0x0000000005450000,0x0000000005680000] byte_map_base: 0x0000000004e79000

Polling page: 0x0000000000130000

Code Cache  [0x0000000002450000, 0x00000000026c0000, 0x0000000005450000)
 total_blobs=451 nmethods=214 adapters=189 free_code_cache=48316Kb largest_free_block=49448064

Compilation events (10 events):
Event: 1.900 Thread 0x00000000089d6800 nmethod 211 0x0000000002523e90 code [0x0000000002524160, 0x0000000002525798]
Event: 1.900 Thread 0x00000000089d6800  212             com.android.dx.rop.code.Rop::isCallLike (5 bytes)
Event: 1.900 Thread 0x00000000089d6800 nmethod 212 0x000000000250e950 code [0x000000000250ea80, 0x000000000250ead8]
Event: 1.900 Thread 0x00000000089d6800  213             java.util.HashMap::<init> (9 bytes)
Event: 1.901 Thread 0x00000000089d6800 nmethod 213 0x0000000002513510 code [0x0000000002513660, 0x0000000002513718]
Event: 1.901 Thread 0x00000000089d6800  214             java.util.TreeMap::getEntry (84 bytes)
Event: 1.903 Thread 0x00000000089d6800 nmethod 214 0x0000000002513150 code [0x00000000025132a0, 0x00000000025133d8]
Event: 1.903 Thread 0x00000000089d6800  215             com.android.dx.ssa.SsaMethod::buildUseList (112 bytes)
Event: 1.919 Thread 0x00000000089d6800 nmethod 215 0x000000000251ba50 code [0x000000000251bc20, 0x000000000251c5c8]
Event: 1.919 Thread 0x00000000089d6800  216             com.android.dx.ssa.SsaBasicBlock::newFromRop (183 bytes)

GC Heap History (0 events):
No events

Deoptimization events (6 events):
Event: 1.095 Thread 0x0000000009bab800 Uncommon trap: reason=class_check action=maybe_recompile pc=0x00000000024c4d74 method=com.android.dx.ssa.NormalSsaInsn.accept(Lcom/android/dx/ssa/SsaInsn$Visitor;)V @ 9
Event: 1.186 Thread 0x0000000009bfb000 Uncommon trap: reason=class_check action=maybe_recompile pc=0x00000000024c4d74 method=com.android.dx.ssa.NormalSsaInsn.accept(Lcom/android/dx/ssa/SsaInsn$Visitor;)V @ 9
Event: 1.196 Thread 0x0000000009bfb000 Uncommon trap: reason=class_check action=maybe_recompile pc=0x00000000024c4d74 method=com.android.dx.ssa.NormalSsaInsn.accept(Lcom/android/dx/ssa/SsaInsn$Visitor;)V @ 9
Event: 1.203 Thread 0x0000000009bfb000 Uncommon trap: reason=class_check action=maybe_recompile pc=0x00000000024c4d74 method=com.android.dx.ssa.NormalSsaInsn.accept(Lcom/android/dx/ssa/SsaInsn$Visitor;)V @ 9
Event: 1.211 Thread 0x0000000009b4d800 Uncommon trap: reason=null_check action=make_not_entrant pc=0x00000000024cc798 method=com.android.dx.rop.code.LocalItem.equals(Ljava/lang/Object;)Z @ 1
Event: 2.015 Thread 0x0000000009ba9800 Uncommon trap: reason=null_check action=make_not_entrant pc=0x0000000002504e5c method=com.android.dx.rop.code.RegisterSpec.equals(Ljava/lang/Object;)Z @ 1

Internal exceptions (10 events):
Event: 1.070 Thread 0x0000000001dde800 Threw 0x00000000eb5ef7f8 at C:\re\jdk7u79\2331\hotspot\src\share\vm\prims\jvm.cpp:1304
Event: 1.129 Thread 0x0000000001dde800 Threw 0x00000000eb63b5f8 at C:\re\jdk7u79\2331\hotspot\src\share\vm\prims\jvm.cpp:1304
Event: 1.131 Thread 0x0000000001dde800 Threw 0x00000000eb645510 at C:\re\jdk7u79\2331\hotspot\src\share\vm\prims\jvm.cpp:1304
Event: 1.131 Thread 0x0000000001dde800 Threw 0x00000000eb647910 at C:\re\jdk7u79\2331\hotspot\src\share\vm\prims\jvm.cpp:1304
Event: 1.135 Thread 0x0000000001dde800 Threw 0x00000000eb65f088 at C:\re\jdk7u79\2331\hotspot\src\share\vm\prims\jvm.cpp:1304
Event: 1.136 Thread 0x0000000001dde800 Threw 0x00000000eb663e90 at C:\re\jdk7u79\2331\hotspot\src\share\vm\prims\jvm.cpp:1304
Event: 1.146 Thread 0x0000000001dde800 Threw 0x00000000eb68e080 at C:\re\jdk7u79\2331\hotspot\src\share\vm\prims\jvm.cpp:1304
Event: 1.211 Thread 0x0000000009b4d800 Implicit null exception at 0x00000000024cc42d to 0x00000000024cc77d
Event: 1.465 Thread 0x0000000009bab800 Threw 0x00000000ec366ee0 at C:\re\jdk7u79\2331\hotspot\src\share\vm\prims\jvm.cpp:1304
Event: 2.015 Thread 0x0000000009ba9800 Implicit null exception at 0x0000000002504242 to 0x0000000002504e31

Events (10 events):
Event: 1.203 Thread 0x0000000009bfb000 DEOPT PACKING pc=0x00000000024c4d74 sp=0x000000000c36eba0
Event: 1.203 Thread 0x0000000009bfb000 DEOPT UNPACKING pc=0x00000000024875a4 sp=0x000000000c36eaf0 mode 2
Event: 1.211 Thread 0x0000000009b4d800 Uncommon trap: trap_request=0xfffffff4 fr.pc=0x00000000024cc798
Event: 1.211 Thread 0x0000000009b4d800 DEOPT PACKING pc=0x00000000024cc798 sp=0x000000000bafe720
Event: 1.211 Thread 0x0000000009b4d800 DEOPT UNPACKING pc=0x00000000024875a4 sp=0x000000000bafe660 mode 2
Event: 1.465 loading class 0x0000000009be8b10
Event: 1.465 loading class 0x0000000009be8b10 done
Event: 2.015 Thread 0x0000000009ba9800 Uncommon trap: trap_request=0xfffffff4 fr.pc=0x0000000002504e5c
Event: 2.015 Thread 0x0000000009ba9800 DEOPT PACKING pc=0x0000000002504e5c sp=0x000000000c03eb90
Event: 2.015 Executing VM operation: ParallelGCFailedAllocation


Dynamic libraries:
0x000000013fe00000 - 0x000000013fe33000 	C:\Program Files\Java\jdk1.7.0_79\bin\java.exe
0x0000000077080000 - 0x0000000077229000 	C:\Windows\SYSTEM32\ntdll.dll
0x0000000076e40000 - 0x0000000076f5f000 	C:\Windows\system32\kernel32.dll
0x000007fefce70000 - 0x000007fefcedc000 	C:\Windows\system32\KERNELBASE.dll
0x000007fefd1f0000 - 0x000007fefd2cb000 	C:\Windows\system32\ADVAPI32.dll
0x000007fefdb60000 - 0x000007fefdbff000 	C:\Windows\system32\msvcrt.dll
0x000007feff290000 - 0x000007feff2af000 	C:\Windows\SYSTEM32\sechost.dll
0x000007fefd9c0000 - 0x000007fefdaed000 	C:\Windows\system32\RPCRT4.dll
0x0000000076f80000 - 0x000000007707a000 	C:\Windows\system32\USER32.dll
0x000007fefdd00000 - 0x000007fefdd67000 	C:\Windows\system32\GDI32.dll
0x000007feff2b0000 - 0x000007feff2be000 	C:\Windows\system32\LPK.dll
0x000007feff2c0000 - 0x000007feff389000 	C:\Windows\system32\USP10.dll
0x000007fefb1f0000 - 0x000007fefb3e4000 	C:\Windows\WinSxS\amd64_microsoft.windows.common-controls_6595b64144ccf1df_6.0.7601.18837_none_fa3b1e3d17594757\COMCTL32.dll
0x000007fefd2d0000 - 0x000007fefd341000 	C:\Windows\system32\SHLWAPI.dll
0x000007fefe200000 - 0x000007fefe22e000 	C:\Windows\system32\IMM32.DLL
0x000007fefdee0000 - 0x000007fefdfe9000 	C:\Windows\system32\MSCTF.dll
0x000007fefcd60000 - 0x000007fefcd92000 	C:\Windows\system32\nvinitx.dll
0x0000000050f10000 - 0x0000000050fe2000 	C:\Program Files\Java\jdk1.7.0_79\jre\bin\msvcr100.dll
0x000000006e6e0000 - 0x000000006eeb5000 	C:\Program Files\Java\jdk1.7.0_79\jre\bin\server\jvm.dll
0x000007fef50d0000 - 0x000007fef50d9000 	C:\Windows\system32\WSOCK32.dll
0x000007fefdb10000 - 0x000007fefdb5d000 	C:\Windows\system32\WS2_32.dll
0x000007fefde50000 - 0x000007fefde58000 	C:\Windows\system32\NSI.dll
0x000007fefb9f0000 - 0x000007fefba2b000 	C:\Windows\system32\WINMM.dll
0x0000000077240000 - 0x0000000077247000 	C:\Windows\system32\PSAPI.DLL
0x0000000068a60000 - 0x0000000068a6f000 	C:\Program Files\Java\jdk1.7.0_79\jre\bin\verify.dll
0x0000000054e10000 - 0x0000000054e38000 	C:\Program Files\Java\jdk1.7.0_79\jre\bin\java.dll
0x00000000689d0000 - 0x00000000689e5000 	C:\Program Files\Java\jdk1.7.0_79\jre\bin\zip.dll
0x00000000551e0000 - 0x00000000551fa000 	C:\Program Files\Java\jdk1.7.0_79\jre\bin\net.dll
0x000007fefc5b0000 - 0x000007fefc605000 	C:\Windows\system32\mswsock.dll
0x000007fefc830000 - 0x000007fefc837000 	C:\Windows\System32\wship6.dll
0x0000000054df0000 - 0x0000000054e01000 	C:\Program Files\Java\jdk1.7.0_79\jre\bin\nio.dll

VM Arguments:
jvm_args: -Xmx1024M -Dfile.encoding=windows-1252 -Duser.country=US -Duser.language=en -Duser.variant 
java_command: com.android.dx.command.Main --dex --num-threads=4 --output C:\Users\rlucas\AndroidStudioProjects\FastRoute\app\build\intermediates\pre-dexed\debug\classes-89061269eab780b2a1ef2252ba1d4a5a0db822f9.jar C:\Users\rlucas\AndroidStudioProjects\FastRoute\app\build\intermediates\exploded-aar\com.google.android.gms\play-services-plus\7.8.0\jars\classes.jar
Launcher Type: SUN_STANDARD

Environment Variables:
JAVA_HOME=C:\jdk1.6.0_45
PATH=C:\Windows\system32;C:\Windows;C:\Windows\System32\Wbem;C:\Windows\System32\WindowsPowerShell\v1.0\;C:\Program Files (x86)\Common Files\Roxio Shared\OEM\DLLShared\;C:\Program Files (x86)\Common Files\Roxio Shared\OEM\DLLShared\;C:\Program Files (x86)\Common Files\Roxio Shared\OEM\12.0\DLLShared\;C:\Program Files (x86)\Roxio\OEM\AudioCore\;C:\Program Files\TortoiseSVN\bin;C:\bin\apache-ant-1.8.2\bin;C:\bin\php-5.5.6-Win32-VC11-x64;C:\Program Files (x86)\DAMIANI\Jasob 4.0;C:\Program Files (x86)\VisualSVN Server\bin;C:\Program Files (x86)\Loquendo\LTTS7\bin;C:\apache-ant-1.9.4\bin;C:\jdk1.6.0_45\bin;C:\Program Files (x86)\Genesis Mobile\Jasob 4.1;C:\Program Files (x86)\Microsoft SQL Server\100\Tools\Binn\;C:\Program Files\Microsoft SQL Server\100\Tools\Binn\;C:\Program Files\Microsoft SQL Server\100\DTS\Binn\;C:\Program Files (x86)\Microsoft SQL Server\100\Tools\Binn\VSShell\Common7\IDE\;C:\Program Files (x86)\Microsoft Visual Studio 9.0\Common7\IDE\PrivateAssemblies\;C:\Program Files (x86)\Microsoft SQL Server\100\DTS\Binn\;C:\PROGRA~2\Groovy\GROOVY~1.3\bin;C:\Users\rlucas\apache-maven-3.2.5\bin;C:\Program Files\Apache Software Foundation\Tomcat 6.0\bin;C:\Program Files (x86)\Skype\Phone\;.;;.;
USERNAME=rlucas
OS=Windows_NT
PROCESSOR_IDENTIFIER=Intel64 Family 6 Model 42 Stepping 7, GenuineIntel



---------------  S Y S T E M  ---------------

OS: Windows 7 , 64 bit Build 7601 Service Pack 1

CPU:total 8 (4 cores per cpu, 2 threads per core) family 6 model 42 stepping 7, cmov, cx8, fxsr, mmx, sse, sse2, sse3, ssse3, sse4.1, sse4.2, popcnt, avx, aes, ht, tsc, tscinvbit

Memory: 4k page, physical 8266684k(1135252k free), swap 9677768k(117244k free)

vm_info: Java HotSpot(TM) 64-Bit Server VM (24.79-b02) for windows-amd64 JRE (1.7.0_79-b15), built on Apr 10 2015 12:36:16 by "java_re" with unknown MS VC++:1600

time: Tue Sep 29 11:12:44 2015
elapsed time: 2 seconds

