#
# There is insufficient memory for the Java Runtime Environment to continue.
# Native memory allocation (malloc) failed to allocate 49776 bytes for Chunk::new
# Possible reasons:
#   The system is out of physical RAM or swap space
#   In 32 bit mode, the process size limit was hit
# Possible solutions:
#   Reduce memory load on the system
#   Increase physical memory or swap space
#   Check if swap backing store is full
#   Use 64 bit Java on a 64 bit OS
#   Decrease Java heap size (-Xmx/-Xms)
#   Decrease number of Java threads
#   Decrease Java thread stack sizes (-Xss)
#   Set larger code cache with -XX:ReservedCodeCacheSize=
# This output file may be truncated or incomplete.
#
#  Out of Memory Error (allocation.cpp:323), pid=11216, tid=10308
#
# JRE version: Java(TM) SE Runtime Environment (7.0_79-b15) (build 1.7.0_79-b15)
# Java VM: Java HotSpot(TM) 64-Bit Server VM (24.79-b02 mixed mode windows-amd64 compressed oops)
# Failed to write core dump. Minidumps are not enabled by default on client versions of Windows
#

---------------  T H R E A D  ---------------

Current thread (0x0000000009e1f000):  JavaThread "C2 CompilerThread1" daemon [_thread_in_native, id=10308, stack(0x000000000b660000,0x000000000b760000)]

Stack: [0x000000000b660000,0x000000000b760000]
[error occurred during error reporting (printing stack bounds), id 0xc0000005]


Current CompileTask:
C2:  12383  665             com.android.dx.ssa.NormalSsaInsn::changeOneSource (120 bytes)


---------------  P R O C E S S  ---------------

Java Threads: ( => current thread )
  0x0000000009f9a000 JavaThread "pool-1-thread-4" [_thread_blocked, id=10116, stack(0x000000000c450000,0x000000000c550000)]
  0x0000000009f95800 JavaThread "pool-1-thread-3" [_thread_in_Java, id=6884, stack(0x000000000bcb0000,0x000000000bdb0000)]
  0x0000000009f94800 JavaThread "pool-1-thread-2" [_thread_in_Java, id=10448, stack(0x000000000c1b0000,0x000000000c2b0000)]
  0x0000000009f91000 JavaThread "pool-2-thread-1" [_thread_blocked, id=9532, stack(0x000000000c070000,0x000000000c170000)]
  0x0000000009f90000 JavaThread "pool-1-thread-1" [_thread_blocked, id=11084, stack(0x000000000bf70000,0x000000000c070000)]
  0x0000000009e25000 JavaThread "Service Thread" daemon [_thread_blocked, id=11472, stack(0x000000000b870000,0x000000000b970000)]
=>0x0000000009e1f000 JavaThread "C2 CompilerThread1" daemon [_thread_in_native, id=10308, stack(0x000000000b660000,0x000000000b760000)]
  0x0000000009e17800 JavaThread "C2 CompilerThread0" daemon [_thread_in_native, id=10152, stack(0x000000000b530000,0x000000000b630000)]
  0x0000000009e16000 JavaThread "Attach Listener" daemon [_thread_blocked, id=7972, stack(0x000000000b340000,0x000000000b440000)]
  0x0000000009e15000 JavaThread "Signal Dispatcher" daemon [_thread_blocked, id=7564, stack(0x000000000b1a0000,0x000000000b2a0000)]
  0x0000000002169800 JavaThread "Finalizer" daemon [_thread_blocked, id=6084, stack(0x000000000b030000,0x000000000b130000)]
  0x0000000008d61800 JavaThread "Reference Handler" daemon [_thread_blocked, id=9576, stack(0x000000000aed0000,0x000000000afd0000)]
  0x000000000218e800 JavaThread "main" [_thread_in_Java, id=12036, stack(0x0000000002450000,0x0000000002550000)]

Other Threads:
  0x0000000008d5e000 VMThread [stack: 0x000000000adc0000,0x000000000aec0000] [id=10600]
  0x0000000009e2a000 WatcherThread [stack: 0x000000000b770000,0x000000000b870000] [id=10680]

VM state:not at safepoint (normal execution)

VM Mutex/Monitor currently owned by a thread: None

Heap
 PSYoungGen      total 138240K, used 16300K [0x00000000eaa80000, 0x00000000f3680000, 0x0000000100000000)
  eden space 133120K, 8% used [0x00000000eaa80000,0x00000000eb572090,0x00000000f2c80000)
  from space 5120K, 99% used [0x00000000f2c80000,0x00000000f31792e0,0x00000000f3180000)
  to   space 5120K, 0% used [0x00000000f3180000,0x00000000f3180000,0x00000000f3680000)
 ParOldGen       total 86016K, used 47662K [0x00000000c0000000, 0x00000000c5400000, 0x00000000eaa80000)
  object space 86016K, 55% used [0x00000000c0000000,0x00000000c2e8b9f0,0x00000000c5400000)
 PSPermGen       total 21504K, used 5928K [0x00000000bae00000, 0x00000000bc300000, 0x00000000c0000000)
  object space 21504K, 27% used [0x00000000bae00000,0x00000000bb3ca1e8,0x00000000bc300000)

Card table byte_map: [0x0000000005550000,0x0000000005780000] byte_map_base: 0x0000000004f79000

Polling page: 0x0000000000130000

Code Cache  [0x0000000002550000, 0x0000000002830000, 0x0000000005550000)
 total_blobs=896 nmethods=659 adapters=189 free_code_cache=46333Kb largest_free_block=47328256

Compilation events (10 events):
Event: 10.378 Thread 0x0000000009e17800 nmethod 662 0x00000000027f1c90 code [0x00000000027f1e00, 0x00000000027f2158]
Event: 10.409 Thread 0x0000000009e17800  663             java.util.HashMap$HashIterator::<init> (63 bytes)
Event: 10.412 Thread 0x0000000009e17800 nmethod 663 0x00000000027f1910 code [0x00000000027f1a40, 0x00000000027f1bb8]
Event: 10.604 Thread 0x0000000009e1f000 nmethod 661 0x000000000281f210 code [0x0000000002820aa0, 0x0000000002826b68]
Event: 12.369 Thread 0x0000000009e17800  664             com.android.dx.rop.cst.CstType::isCategory2 (2 bytes)
Event: 12.369 Thread 0x0000000009e17800 nmethod 664 0x00000000027f1710 code [0x00000000027f1840, 0x00000000027f1898]
Event: 12.370 Thread 0x0000000009e1f000  665             com.android.dx.ssa.NormalSsaInsn::changeOneSource (120 bytes)
Event: 12.371 Thread 0x0000000009e17800  666             java.util.zip.ZStreamRef::address (5 bytes)
Event: 12.372 Thread 0x0000000009e17800 nmethod 666 0x00000000027f1510 code [0x00000000027f1640, 0x00000000027f1698]
Event: 12.373 Thread 0x0000000009e17800  667   !         com.android.dx.cf.code.BytecodeArray::parseInstruction (2764 bytes)

GC Heap History (10 events):
Event: 1.905 GC heap before
{Heap before GC invocations=1 (full 0):
 PSYoungGen      total 38400K, used 33280K [0x00000000eaa80000, 0x00000000ed500000, 0x0000000100000000)
  eden space 33280K, 100% used [0x00000000eaa80000,0x00000000ecb00000,0x00000000ecb00000)
  from space 5120K, 0% used [0x00000000ed000000,0x00000000ed000000,0x00000000ed500000)
  to   space 5120K, 0% used [0x00000000ecb00000,0x00000000ecb00000,0x00000000ed000000)
 ParOldGen       total 86016K, used 0K [0x00000000c0000000, 0x00000000c5400000, 0x00000000eaa80000)
  object space 86016K, 0% used [0x00000000c0000000,0x00000000c0000000,0x00000000c5400000)
 PSPermGen       total 21504K, used 5711K [0x00000000bae00000, 0x00000000bc300000, 0x00000000c0000000)
  object space 21504K, 26% used [0x00000000bae00000,0x00000000bb393c60,0x00000000bc300000)
Event: 2.189 GC heap after
Heap after GC invocations=1 (full 0):
 PSYoungGen      total 38400K, used 5114K [0x00000000eaa80000, 0x00000000ef580000, 0x0000000100000000)
  eden space 33280K, 0% used [0x00000000eaa80000,0x00000000eaa80000,0x00000000ecb00000)
  from space 5120K, 99% used [0x00000000ecb00000,0x00000000ecffeaa8,0x00000000ed000000)
  to   space 5120K, 0% used [0x00000000ef080000,0x00000000ef080000,0x00000000ef580000)
 ParOldGen       total 86016K, used 1802K [0x00000000c0000000, 0x00000000c5400000, 0x00000000eaa80000)
  object space 86016K, 2% used [0x00000000c0000000,0x00000000c01c2a98,0x00000000c5400000)
 PSPermGen       total 21504K, used 5711K [0x00000000bae00000, 0x00000000bc300000, 0x00000000c0000000)
  object space 21504K, 26% used [0x00000000bae00000,0x00000000bb393c60,0x00000000bc300000)
}
Event: 3.503 GC heap before
{Heap before GC invocations=2 (full 0):
 PSYoungGen      total 38400K, used 38394K [0x00000000eaa80000, 0x00000000ef580000, 0x0000000100000000)
  eden space 33280K, 100% used [0x00000000eaa80000,0x00000000ecb00000,0x00000000ecb00000)
  from space 5120K, 99% used [0x00000000ecb00000,0x00000000ecffeaa8,0x00000000ed000000)
  to   space 5120K, 0% used [0x00000000ef080000,0x00000000ef080000,0x00000000ef580000)
 ParOldGen       total 86016K, used 1802K [0x00000000c0000000, 0x00000000c5400000, 0x00000000eaa80000)
  object space 86016K, 2% used [0x00000000c0000000,0x00000000c01c2a98,0x00000000c5400000)
 PSPermGen       total 21504K, used 5777K [0x00000000bae00000, 0x00000000bc300000, 0x00000000c0000000)
  object space 21504K, 26% used [0x00000000bae00000,0x00000000bb3a4758,0x00000000bc300000)
Event: 3.614 GC heap after
Heap after GC invocations=2 (full 0):
 PSYoungGen      total 71680K, used 5104K [0x00000000eaa80000, 0x00000000ef580000, 0x0000000100000000)
  eden space 66560K, 0% used [0x00000000eaa80000,0x00000000eaa80000,0x00000000eeb80000)
  from space 5120K, 99% used [0x00000000ef080000,0x00000000ef57c038,0x00000000ef580000)
  to   space 5120K, 0% used [0x00000000eeb80000,0x00000000eeb80000,0x00000000ef080000)
 ParOldGen       total 86016K, used 7215K [0x00000000c0000000, 0x00000000c5400000, 0x00000000eaa80000)
  object space 86016K, 8% used [0x00000000c0000000,0x00000000c070bcf0,0x00000000c5400000)
 PSPermGen       total 21504K, used 5777K [0x00000000bae00000, 0x00000000bc300000, 0x00000000c0000000)
  object space 21504K, 26% used [0x00000000bae00000,0x00000000bb3a4758,0x00000000bc300000)
}
Event: 4.708 GC heap before
{Heap before GC invocations=3 (full 0):
 PSYoungGen      total 71680K, used 71664K [0x00000000eaa80000, 0x00000000ef580000, 0x0000000100000000)
  eden space 66560K, 100% used [0x00000000eaa80000,0x00000000eeb80000,0x00000000eeb80000)
  from space 5120K, 99% used [0x00000000ef080000,0x00000000ef57c038,0x00000000ef580000)
  to   space 5120K, 0% used [0x00000000eeb80000,0x00000000eeb80000,0x00000000ef080000)
 ParOldGen       total 86016K, used 7215K [0x00000000c0000000, 0x00000000c5400000, 0x00000000eaa80000)
  object space 86016K, 8% used [0x00000000c0000000,0x00000000c070bcf0,0x00000000c5400000)
 PSPermGen       total 21504K, used 5849K [0x00000000bae00000, 0x00000000bc300000, 0x00000000c0000000)
  object space 21504K, 27% used [0x00000000bae00000,0x00000000bb3b6630,0x00000000bc300000)
Event: 6.249 GC heap after
Heap after GC invocations=3 (full 0):
 PSYoungGen      total 71680K, used 5105K [0x00000000eaa80000, 0x00000000f3680000, 0x0000000100000000)
  eden space 66560K, 0% used [0x00000000eaa80000,0x00000000eaa80000,0x00000000eeb80000)
  from space 5120K, 99% used [0x00000000eeb80000,0x00000000ef07c5a0,0x00000000ef080000)
  to   space 5120K, 0% used [0x00000000f3180000,0x00000000f3180000,0x00000000f3680000)
 ParOldGen       total 86016K, used 17734K [0x00000000c0000000, 0x00000000c5400000, 0x00000000eaa80000)
  object space 86016K, 20% used [0x00000000c0000000,0x00000000c1151ab8,0x00000000c5400000)
 PSPermGen       total 21504K, used 5849K [0x00000000bae00000, 0x00000000bc300000, 0x00000000c0000000)
  object space 21504K, 27% used [0x00000000bae00000,0x00000000bb3b6630,0x00000000bc300000)
}
Event: 8.902 GC heap before
{Heap before GC invocations=4 (full 0):
 PSYoungGen      total 71680K, used 71665K [0x00000000eaa80000, 0x00000000f3680000, 0x0000000100000000)
  eden space 66560K, 100% used [0x00000000eaa80000,0x00000000eeb80000,0x00000000eeb80000)
  from space 5120K, 99% used [0x00000000eeb80000,0x00000000ef07c5a0,0x00000000ef080000)
  to   space 5120K, 0% used [0x00000000f3180000,0x00000000f3180000,0x00000000f3680000)
 ParOldGen       total 86016K, used 17734K [0x00000000c0000000, 0x00000000c5400000, 0x00000000eaa80000)
  object space 86016K, 20% used [0x00000000c0000000,0x00000000c1151ab8,0x00000000c5400000)
 PSPermGen       total 21504K, used 5895K [0x00000000bae00000, 0x00000000bc300000, 0x00000000c0000000)
  object space 21504K, 27% used [0x00000000bae00000,0x00000000bb3c1f90,0x00000000bc300000)
Event: 9.167 GC heap after
Heap after GC invocations=4 (full 0):
 PSYoungGen      total 138240K, used 5089K [0x00000000eaa80000, 0x00000000f3680000, 0x0000000100000000)
  eden space 133120K, 0% used [0x00000000eaa80000,0x00000000eaa80000,0x00000000f2c80000)
  from space 5120K, 99% used [0x00000000f3180000,0x00000000f3678590,0x00000000f3680000)
  to   space 5120K, 0% used [0x00000000f2c80000,0x00000000f2c80000,0x00000000f3180000)
 ParOldGen       total 86016K, used 27401K [0x00000000c0000000, 0x00000000c5400000, 0x00000000eaa80000)
  object space 86016K, 31% used [0x00000000c0000000,0x00000000c1ac25c0,0x00000000c5400000)
 PSPermGen       total 21504K, used 5895K [0x00000000bae00000, 0x00000000bc300000, 0x00000000c0000000)
  object space 21504K, 27% used [0x00000000bae00000,0x00000000bb3c1f90,0x00000000bc300000)
}
Event: 11.032 GC heap before
{Heap before GC invocations=5 (full 0):
 PSYoungGen      total 138240K, used 138209K [0x00000000eaa80000, 0x00000000f3680000, 0x0000000100000000)
  eden space 133120K, 100% used [0x00000000eaa80000,0x00000000f2c80000,0x00000000f2c80000)
  from space 5120K, 99% used [0x00000000f3180000,0x00000000f3678590,0x00000000f3680000)
  to   space 5120K, 0% used [0x00000000f2c80000,0x00000000f2c80000,0x00000000f3180000)
 ParOldGen       total 86016K, used 27402K [0x00000000c0000000, 0x00000000c5400000, 0x00000000eaa80000)
  object space 86016K, 31% used [0x00000000c0000000,0x00000000c1ac2890,0x00000000c5400000)
 PSPermGen       total 21504K, used 5927K [0x00000000bae00000, 0x00000000bc300000, 0x00000000c0000000)
  object space 21504K, 27% used [0x00000000bae00000,0x00000000bb3c9d88,0x00000000bc300000)
Event: 12.349 GC heap after
Heap after GC invocations=5 (full 0):
 PSYoungGen      total 138240K, used 5092K [0x00000000eaa80000, 0x00000000f3680000, 0x0000000100000000)
  eden space 133120K, 0% used [0x00000000eaa80000,0x00000000eaa80000,0x00000000f2c80000)
  from space 5120K, 99% used [0x00000000f2c80000,0x00000000f31792e0,0x00000000f3180000)
  to   space 5120K, 0% used [0x00000000f3180000,0x00000000f3180000,0x00000000f3680000)
 ParOldGen       total 86016K, used 47662K [0x00000000c0000000, 0x00000000c5400000, 0x00000000eaa80000)
  object space 86016K, 55% used [0x00000000c0000000,0x00000000c2e8b9f0,0x00000000c5400000)
 PSPermGen       total 21504K, used 5927K [0x00000000bae00000, 0x00000000bc300000, 0x00000000c0000000)
  object space 21504K, 27% used [0x00000000bae00000,0x00000000bb3c9d88,0x00000000bc300000)
}

Deoptimization events (10 events):
Event: 9.546 Thread 0x0000000009f94800 Uncommon trap: reason=class_check action=maybe_recompile pc=0x000000000261d5e4 method=com.android.dx.ssa.SCCP.simulateBranch(Lcom/android/dx/ssa/SsaInsn;)V @ 145
Event: 9.658 Thread 0x000000000218e800 Uncommon trap: reason=bimorphic action=maybe_recompile pc=0x000000000277b628 method=com.android.dx.cf.code.BytecodeArray.parseInstruction(ILcom/android/dx/cf/code/BytecodeArray$Visitor;)I @ 1597
Event: 9.658 Thread 0x000000000218e800 Uncommon trap: reason=bimorphic action=maybe_recompile pc=0x000000000277c8fc method=com.android.dx.cf.code.BytecodeArray.parseInstruction(ILcom/android/dx/cf/code/BytecodeArray$Visitor;)I @ 1357
Event: 9.658 Thread 0x000000000218e800 Uncommon trap: reason=bimorphic action=maybe_recompile pc=0x000000000277b628 method=com.android.dx.cf.code.BytecodeArray.parseInstruction(ILcom/android/dx/cf/code/BytecodeArray$Visitor;)I @ 1597
Event: 9.658 Thread 0x000000000218e800 Uncommon trap: reason=bimorphic action=maybe_recompile pc=0x000000000277c8fc method=com.android.dx.cf.code.BytecodeArray.parseInstruction(ILcom/android/dx/cf/code/BytecodeArray$Visitor;)I @ 1357
Event: 10.135 Thread 0x0000000009f94800 Uncommon trap: reason=bimorphic action=maybe_recompile pc=0x000000000280e77c method=com.android.dx.cf.code.BytecodeArray.parseInstruction(ILcom/android/dx/cf/code/BytecodeArray$Visitor;)I @ 1161
Event: 10.135 Thread 0x0000000009f94800 Uncommon trap: reason=bimorphic action=maybe_recompile pc=0x000000000280e77c method=com.android.dx.cf.code.BytecodeArray.parseInstruction(ILcom/android/dx/cf/code/BytecodeArray$Visitor;)I @ 1161
Event: 10.147 Thread 0x0000000009f94800 Uncommon trap: reason=class_check action=maybe_recompile pc=0x0000000002668728 method=com.android.dx.cf.code.Ropper.processBlock(Lcom/android/dx/cf/code/ByteBlock;Lcom/android/dx/cf/code/Frame;[I)V @ 777
Event: 11.026 Thread 0x0000000009f90000 Uncommon trap: reason=bimorphic action=maybe_recompile pc=0x00000000028214e0 method=com.android.dx.cf.code.BytecodeArray.parseInstruction(ILcom/android/dx/cf/code/BytecodeArray$Visitor;)I @ 1501
Event: 11.027 Thread 0x0000000009f90000 Uncommon trap: reason=bimorphic action=maybe_recompile pc=0x00000000028214e0 method=com.android.dx.cf.code.BytecodeArray.parseInstruction(ILcom/android/dx/cf/code/BytecodeArray$Visitor;)I @ 1501

Internal exceptions (10 events):
Event: 1.733 Thread 0x0000000009f94800 Implicit null exception at 0x00000000025fee28 to 0x00000000025ffc21
Event: 2.671 Thread 0x000000000218e800 Implicit null exception at 0x0000000002627b5b to 0x0000000002628255
Event: 2.730 Thread 0x0000000009f94800 Threw 0x00000000eb177e88 at C:\re\jdk7u79\2331\hotspot\src\share\vm\prims\jvm.cpp:1304
Event: 2.877 Thread 0x0000000009f94800 Threw 0x00000000ebb12810 at C:\re\jdk7u79\2331\hotspot\src\share\vm\prims\jvm.cpp:1304
Event: 3.018 Thread 0x0000000009f95800 Implicit null exception at 0x00000000025d2149 to 0x00000000025d29f5
Event: 3.832 Thread 0x0000000009f94800 Threw 0x00000000eb975910 at C:\re\jdk7u79\2331\hotspot\src\share\vm\prims\jvm.cpp:1304
Event: 3.934 Thread 0x000000000218e800 Threw 0x00000000ebf7c8b0 at C:\re\jdk7u79\2331\hotspot\src\share\vm\prims\jvm.cpp:1304
Event: 8.516 Thread 0x0000000009f95800 Implicit null exception at 0x000000000272de40 to 0x000000000273259d
Event: 9.190 Thread 0x0000000009f95800 Implicit null exception at 0x00000000027ce70c to 0x00000000027d0355
Event: 9.194 Thread 0x0000000009f90000 Implicit null exception at 0x00000000027ce70c to 0x00000000027d0355

Events (10 events):
Event: 11.026 Thread 0x0000000009f90000 Uncommon trap: trap_request=0xffffffc6 fr.pc=0x00000000028214e0
Event: 11.026 Thread 0x0000000009f90000 DEOPT PACKING pc=0x00000000028214e0 sp=0x000000000c06eb20
Event: 11.026 Thread 0x0000000009f90000 DEOPT UNPACKING pc=0x00000000025875a4 sp=0x000000000c06eac0 mode 2
Event: 11.027 Thread 0x0000000009f90000 Uncommon trap: trap_request=0xffffffc6 fr.pc=0x00000000028214e0
Event: 11.027 Thread 0x0000000009f90000 DEOPT PACKING pc=0x00000000028214e0 sp=0x000000000c06eba0
Event: 11.027 Thread 0x0000000009f90000 DEOPT UNPACKING pc=0x00000000025875a4 sp=0x000000000c06eb40 mode 2
Event: 11.027 Executing VM operation: ParallelGCFailedAllocation
Event: 11.028 Executing VM operation: ParallelGCFailedAllocation done
Event: 11.029 Executing VM operation: ParallelGCSystemGC
Event: 12.349 Executing VM operation: ParallelGCSystemGC done


Dynamic libraries:
0x000000013fe00000 - 0x000000013fe33000 	C:\Program Files\Java\jdk1.7.0_79\bin\java.exe
0x0000000077080000 - 0x0000000077229000 	C:\Windows\SYSTEM32\ntdll.dll
0x0000000076e40000 - 0x0000000076f5f000 	C:\Windows\system32\kernel32.dll
0x000007fefce70000 - 0x000007fefcedc000 	C:\Windows\system32\KERNELBASE.dll
0x000007fefd1f0000 - 0x000007fefd2cb000 	C:\Windows\system32\ADVAPI32.dll
0x000007fefdb60000 - 0x000007fefdbff000 	C:\Windows\system32\msvcrt.dll
0x000007feff290000 - 0x000007feff2af000 	C:\Windows\SYSTEM32\sechost.dll
0x000007fefd9c0000 - 0x000007fefdaed000 	C:\Windows\system32\RPCRT4.dll
0x0000000076f80000 - 0x000000007707a000 	C:\Windows\system32\USER32.dll
0x000007fefdd00000 - 0x000007fefdd67000 	C:\Windows\system32\GDI32.dll
0x000007feff2b0000 - 0x000007feff2be000 	C:\Windows\system32\LPK.dll
0x000007feff2c0000 - 0x000007feff389000 	C:\Windows\system32\USP10.dll
0x000007fefb1f0000 - 0x000007fefb3e4000 	C:\Windows\WinSxS\amd64_microsoft.windows.common-controls_6595b64144ccf1df_6.0.7601.18837_none_fa3b1e3d17594757\COMCTL32.dll
0x000007fefd2d0000 - 0x000007fefd341000 	C:\Windows\system32\SHLWAPI.dll
0x000007fefe200000 - 0x000007fefe22e000 	C:\Windows\system32\IMM32.DLL
0x000007fefdee0000 - 0x000007fefdfe9000 	C:\Windows\system32\MSCTF.dll
0x000007fefcd60000 - 0x000007fefcd92000 	C:\Windows\system32\nvinitx.dll
0x0000000050f10000 - 0x0000000050fe2000 	C:\Program Files\Java\jdk1.7.0_79\jre\bin\msvcr100.dll
0x000000006e6e0000 - 0x000000006eeb5000 	C:\Program Files\Java\jdk1.7.0_79\jre\bin\server\jvm.dll
0x000007fef50d0000 - 0x000007fef50d9000 	C:\Windows\system32\WSOCK32.dll
0x000007fefdb10000 - 0x000007fefdb5d000 	C:\Windows\system32\WS2_32.dll
0x000007fefde50000 - 0x000007fefde58000 	C:\Windows\system32\NSI.dll
0x000007fefb9f0000 - 0x000007fefba2b000 	C:\Windows\system32\WINMM.dll
0x0000000077240000 - 0x0000000077247000 	C:\Windows\system32\PSAPI.DLL
0x0000000068a60000 - 0x0000000068a6f000 	C:\Program Files\Java\jdk1.7.0_79\jre\bin\verify.dll
0x0000000054e10000 - 0x0000000054e38000 	C:\Program Files\Java\jdk1.7.0_79\jre\bin\java.dll
0x00000000689d0000 - 0x00000000689e5000 	C:\Program Files\Java\jdk1.7.0_79\jre\bin\zip.dll
0x00000000551e0000 - 0x00000000551fa000 	C:\Program Files\Java\jdk1.7.0_79\jre\bin\net.dll
0x000007fefc5b0000 - 0x000007fefc605000 	C:\Windows\system32\mswsock.dll
0x000007fefc830000 - 0x000007fefc837000 	C:\Windows\System32\wship6.dll
0x0000000054df0000 - 0x0000000054e01000 	C:\Program Files\Java\jdk1.7.0_79\jre\bin\nio.dll

VM Arguments:
jvm_args: -Xmx1024M -Dfile.encoding=windows-1252 -Duser.country=US -Duser.language=en -Duser.variant 
java_command: com.android.dx.command.Main --dex --num-threads=4 --output C:\Users\rlucas\AndroidStudioProjects\FastRoute\app\build\intermediates\pre-dexed\debug\classes-bedfece2741db15179549737bf5f2037166054d4.jar C:\Users\rlucas\AndroidStudioProjects\FastRoute\app\build\intermediates\exploded-aar\com.google.android.gms\play-services-ads\7.8.0\jars\classes.jar
Launcher Type: SUN_STANDARD

Environment Variables:
JAVA_HOME=C:\jdk1.6.0_45
PATH=C:\Windows\system32;C:\Windows;C:\Windows\System32\Wbem;C:\Windows\System32\WindowsPowerShell\v1.0\;C:\Program Files (x86)\Common Files\Roxio Shared\OEM\DLLShared\;C:\Program Files (x86)\Common Files\Roxio Shared\OEM\DLLShared\;C:\Program Files (x86)\Common Files\Roxio Shared\OEM\12.0\DLLShared\;C:\Program Files (x86)\Roxio\OEM\AudioCore\;C:\Program Files\TortoiseSVN\bin;C:\bin\apache-ant-1.8.2\bin;C:\bin\php-5.5.6-Win32-VC11-x64;C:\Program Files (x86)\DAMIANI\Jasob 4.0;C:\Program Files (x86)\VisualSVN Server\bin;C:\Program Files (x86)\Loquendo\LTTS7\bin;C:\apache-ant-1.9.4\bin;C:\jdk1.6.0_45\bin;C:\Program Files (x86)\Genesis Mobile\Jasob 4.1;C:\Program Files (x86)\Microsoft SQL Server\100\Tools\Binn\;C:\Program Files\Microsoft SQL Server\100\Tools\Binn\;C:\Program Files\Microsoft SQL Server\100\DTS\Binn\;C:\Program Files (x86)\Microsoft SQL Server\100\Tools\Binn\VSShell\Common7\IDE\;C:\Program Files (x86)\Microsoft Visual Studio 9.0\Common7\IDE\PrivateAssemblies\;C:\Program Files (x86)\Microsoft SQL Server\100\DTS\Binn\;C:\PROGRA~2\Groovy\GROOVY~1.3\bin;C:\Users\rlucas\apache-maven-3.2.5\bin;C:\Program Files\Apache Software Foundation\Tomcat 6.0\bin;C:\Program Files (x86)\Skype\Phone\;.;;.;
USERNAME=rlucas
OS=Windows_NT
PROCESSOR_IDENTIFIER=Intel64 Family 6 Model 42 Stepping 7, GenuineIntel



---------------  S Y S T E M  ---------------

OS: Windows 7 , 64 bit Build 7601 Service Pack 1

CPU:total 8 (4 cores per cpu, 2 threads per core) family 6 model 42 stepping 7, cmov, cx8, fxsr, mmx, sse, sse2, sse3, ssse3, sse4.1, sse4.2, popcnt, avx, aes, ht, tsc, tscinvbit

Memory: 4k page, physical 8266684k(239464k free), swap 10361996k(5136k free)

vm_info: Java HotSpot(TM) 64-Bit Server VM (24.79-b02) for windows-amd64 JRE (1.7.0_79-b15), built on Apr 10 2015 12:36:16 by "java_re" with unknown MS VC++:1600

time: Tue Sep 29 11:11:58 2015
elapsed time: 12 seconds

