#
# There is insufficient memory for the Java Runtime Environment to continue.
# Native memory allocation (malloc) failed to allocate 32784 bytes for Chunk::new
# Possible reasons:
#   The system is out of physical RAM or swap space
#   In 32 bit mode, the process size limit was hit
# Possible solutions:
#   Reduce memory load on the system
#   Increase physical memory or swap space
#   Check if swap backing store is full
#   Use 64 bit Java on a 64 bit OS
#   Decrease Java heap size (-Xmx/-Xms)
#   Decrease number of Java threads
#   Decrease Java thread stack sizes (-Xss)
#   Set larger code cache with -XX:ReservedCodeCacheSize=
# This output file may be truncated or incomplete.
#
#  Out of Memory Error (allocation.cpp:323), pid=11704, tid=2100
#
# JRE version: Java(TM) SE Runtime Environment (7.0_79-b15) (build 1.7.0_79-b15)
# Java VM: Java HotSpot(TM) 64-Bit Server VM (24.79-b02 mixed mode windows-amd64 compressed oops)
# Failed to write core dump. Minidumps are not enabled by default on client versions of Windows
#

---------------  T H R E A D  ---------------

Current thread (0x0000000008a31000):  JavaThread "C2 CompilerThread0" daemon [_thread_in_native, id=2100, stack(0x000000000b380000,0x000000000b480000)]

Stack: [0x000000000b380000,0x000000000b480000]
[error occurred during error reporting (printing stack bounds), id 0xc0000005]


Current CompileTask:
C2:   4500  191             com.android.dx.ssa.SCCP::run (298 bytes)


---------------  P R O C E S S  ---------------

Java Threads: ( => current thread )
  0x0000000009d7b800 JavaThread "pool-1-thread-4" [_thread_blocked, id=10720, stack(0x000000000c2f0000,0x000000000c3f0000)]
  0x0000000009d27800 JavaThread "pool-1-thread-3" [_thread_in_Java, id=1200, stack(0x000000000b280000,0x000000000b380000)]
  0x0000000009d04800 JavaThread "pool-1-thread-2" [_thread_blocked, id=9144, stack(0x000000000c040000,0x000000000c140000)]
  0x0000000009cc0000 JavaThread "pool-2-thread-1" [_thread_blocked, id=8008, stack(0x000000000bea0000,0x000000000bfa0000)]
  0x0000000009cc4800 JavaThread "pool-1-thread-1" [_thread_blocked, id=9464, stack(0x000000000bce0000,0x000000000bde0000)]
  0x0000000008a3f800 JavaThread "Service Thread" daemon [_thread_blocked, id=11640, stack(0x000000000b730000,0x000000000b830000)]
  0x0000000008a3c800 JavaThread "C2 CompilerThread1" daemon [_thread_in_native, id=4836, stack(0x000000000b570000,0x000000000b670000)]
=>0x0000000008a31000 JavaThread "C2 CompilerThread0" daemon [_thread_in_native, id=2100, stack(0x000000000b380000,0x000000000b480000)]
  0x0000000008a30000 JavaThread "Attach Listener" daemon [_thread_blocked, id=12164, stack(0x000000000af60000,0x000000000b060000)]
  0x0000000008a2f000 JavaThread "Signal Dispatcher" daemon [_thread_blocked, id=5240, stack(0x000000000b120000,0x000000000b220000)]
  0x0000000002139800 JavaThread "Finalizer" daemon [_thread_blocked, id=9792, stack(0x000000000ac90000,0x000000000ad90000)]
  0x0000000008a21800 JavaThread "Reference Handler" daemon [_thread_blocked, id=5580, stack(0x000000000ae40000,0x000000000af40000)]
  0x0000000001c2e800 JavaThread "main" [_thread_blocked, id=11008, stack(0x0000000002430000,0x0000000002530000)]

Other Threads:
  0x0000000008a1e000 VMThread [stack: 0x000000000ab60000,0x000000000ac60000] [id=11852]
  0x0000000009bf9800 WatcherThread [stack: 0x000000000b880000,0x000000000b980000] [id=6156]

VM state:not at safepoint (normal execution)

VM Mutex/Monitor currently owned by a thread: None

Heap
 PSYoungGen      total 38400K, used 14479K [0x00000000eaa80000, 0x00000000ef580000, 0x0000000100000000)
  eden space 33280K, 28% used [0x00000000eaa80000,0x00000000eb3abed8,0x00000000ecb00000)
  from space 5120K, 99% used [0x00000000ed000000,0x00000000ed4f8028,0x00000000ed500000)
  to   space 5120K, 0% used [0x00000000ecb00000,0x00000000ecb00000,0x00000000ed000000)
 ParOldGen       total 86016K, used 6279K [0x00000000c0000000, 0x00000000c5400000, 0x00000000eaa80000)
  object space 86016K, 7% used [0x00000000c0000000,0x00000000c0621d30,0x00000000c5400000)
 PSPermGen       total 21504K, used 5808K [0x00000000bae00000, 0x00000000bc300000, 0x00000000c0000000)
  object space 21504K, 27% used [0x00000000bae00000,0x00000000bb3ac148,0x00000000bc300000)

Card table byte_map: [0x0000000005530000,0x0000000005760000] byte_map_base: 0x0000000004f59000

Polling page: 0x0000000000330000

Code Cache  [0x0000000002530000, 0x00000000027a0000, 0x0000000005530000)
 total_blobs=461 nmethods=224 adapters=189 free_code_cache=48208Kb largest_free_block=49323392

Compilation events (10 events):
Event: 2.090 Thread 0x0000000008a3c800 nmethod 221 0x0000000002603d90 code [0x0000000002603ec0, 0x0000000002603f18]
Event: 2.090 Thread 0x0000000008a3c800  222             java.util.HashMap::init (1 bytes)
Event: 2.090 Thread 0x0000000008a3c800 nmethod 222 0x0000000002603b90 code [0x0000000002603cc0, 0x0000000002603d18]
Event: 2.090 Thread 0x0000000008a3c800  223             com.android.dx.rop.code.LocalVariableExtractor::processBlock (327 bytes)
Event: 2.139 Thread 0x0000000008a3c800 nmethod 223 0x0000000002612b90 code [0x0000000002612e40, 0x0000000002614400]
Event: 2.139 Thread 0x0000000008a3c800  224             com.android.dx.ssa.SCCP::simulateBlock (54 bytes)
Event: 4.343 Thread 0x0000000008a3c800 nmethod 224 0x000000000261a350 code [0x000000000261a6e0, 0x000000000261c6f8]
Event: 4.344 Thread 0x0000000008a3c800  225             com.android.dx.ssa.SsaBasicBlock::newFromRop (183 bytes)
Event: 4.419 Thread 0x0000000008a3c800 nmethod 225 0x0000000002621e10 code [0x0000000002622100, 0x0000000002623e20]
Event: 4.419 Thread 0x0000000008a3c800  226   !         com.android.dx.cf.code.Ropper::processBlock (1101 bytes)

GC Heap History (4 events):
Event: 1.186 GC heap before
{Heap before GC invocations=1 (full 0):
 PSYoungGen      total 38400K, used 33280K [0x00000000eaa80000, 0x00000000ed500000, 0x0000000100000000)
  eden space 33280K, 100% used [0x00000000eaa80000,0x00000000ecb00000,0x00000000ecb00000)
  from space 5120K, 0% used [0x00000000ed000000,0x00000000ed000000,0x00000000ed500000)
  to   space 5120K, 0% used [0x00000000ecb00000,0x00000000ecb00000,0x00000000ed000000)
 ParOldGen       total 86016K, used 0K [0x00000000c0000000, 0x00000000c5400000, 0x00000000eaa80000)
  object space 86016K, 0% used [0x00000000c0000000,0x00000000c0000000,0x00000000c5400000)
 PSPermGen       total 21504K, used 5737K [0x00000000bae00000, 0x00000000bc300000, 0x00000000c0000000)
  object space 21504K, 26% used [0x00000000bae00000,0x00000000bb39a550,0x00000000bc300000)
Event: 1.614 GC heap after
Heap after GC invocations=1 (full 0):
 PSYoungGen      total 38400K, used 5098K [0x00000000eaa80000, 0x00000000ed500000, 0x0000000100000000)
  eden space 33280K, 0% used [0x00000000eaa80000,0x00000000eaa80000,0x00000000ecb00000)
  from space 5120K, 99% used [0x00000000ecb00000,0x00000000ecffaab8,0x00000000ed000000)
  to   space 5120K, 0% used [0x00000000ed000000,0x00000000ed000000,0x00000000ed500000)
 ParOldGen       total 86016K, used 1706K [0x00000000c0000000, 0x00000000c5400000, 0x00000000eaa80000)
  object space 86016K, 1% used [0x00000000c0000000,0x00000000c01aa968,0x00000000c5400000)
 PSPermGen       total 21504K, used 5737K [0x00000000bae00000, 0x00000000bc300000, 0x00000000c0000000)
  object space 21504K, 26% used [0x00000000bae00000,0x00000000bb39a550,0x00000000bc300000)
}
Event: 2.318 GC heap before
{Heap before GC invocations=2 (full 0):
 PSYoungGen      total 38400K, used 38378K [0x00000000eaa80000, 0x00000000ed500000, 0x0000000100000000)
  eden space 33280K, 100% used [0x00000000eaa80000,0x00000000ecb00000,0x00000000ecb00000)
  from space 5120K, 99% used [0x00000000ecb00000,0x00000000ecffaab8,0x00000000ed000000)
  to   space 5120K, 0% used [0x00000000ed000000,0x00000000ed000000,0x00000000ed500000)
 ParOldGen       total 86016K, used 1706K [0x00000000c0000000, 0x00000000c5400000, 0x00000000eaa80000)
  object space 86016K, 1% used [0x00000000c0000000,0x00000000c01aa968,0x00000000c5400000)
 PSPermGen       total 21504K, used 5804K [0x00000000bae00000, 0x00000000bc300000, 0x00000000c0000000)
  object space 21504K, 26% used [0x00000000bae00000,0x00000000bb3ab1c0,0x00000000bc300000)
Event: 4.314 GC heap after
Heap after GC invocations=2 (full 0):
 PSYoungGen      total 38400K, used 5088K [0x00000000eaa80000, 0x00000000ef580000, 0x0000000100000000)
  eden space 33280K, 0% used [0x00000000eaa80000,0x00000000eaa80000,0x00000000ecb00000)
  from space 5120K, 99% used [0x00000000ed000000,0x00000000ed4f8028,0x00000000ed500000)
  to   space 5120K, 0% used [0x00000000ecb00000,0x00000000ecb00000,0x00000000ed000000)
 ParOldGen       total 86016K, used 6279K [0x00000000c0000000, 0x00000000c5400000, 0x00000000eaa80000)
  object space 86016K, 7% used [0x00000000c0000000,0x00000000c0621d30,0x00000000c5400000)
 PSPermGen       total 21504K, used 5804K [0x00000000bae00000, 0x00000000bc300000, 0x00000000c0000000)
  object space 21504K, 26% used [0x00000000bae00000,0x00000000bb3ab1c0,0x00000000bc300000)
}

Deoptimization events (4 events):
Event: 0.454 Thread 0x0000000009d27800 Uncommon trap: reason=null_check action=make_not_entrant pc=0x00000000025ad8d0 method=com.android.dx.rop.code.LocalItem.equals(Ljava/lang/Object;)Z @ 1
Event: 0.456 Thread 0x0000000009d27800 Uncommon trap: reason=class_check action=maybe_recompile pc=0x00000000025a4f58 method=com.android.dx.ssa.NormalSsaInsn.accept(Lcom/android/dx/ssa/SsaInsn$Visitor;)V @ 9
Event: 0.484 Thread 0x0000000009d27800 Uncommon trap: reason=class_check action=maybe_recompile pc=0x00000000025a4f58 method=com.android.dx.ssa.NormalSsaInsn.accept(Lcom/android/dx/ssa/SsaInsn$Visitor;)V @ 9
Event: 2.212 Thread 0x0000000009d04800 Uncommon trap: reason=null_check action=make_not_entrant pc=0x00000000025c0d50 method=com.android.dx.rop.type.Type.equals(Ljava/lang/Object;)Z @ 8

Internal exceptions (10 events):
Event: 0.388 Thread 0x0000000001c2e800 Threw 0x00000000eb3382e8 at C:\re\jdk7u79\2331\hotspot\src\share\vm\prims\jvm.cpp:1304
Event: 0.454 Thread 0x0000000009d27800 Implicit null exception at 0x00000000025ad573 to 0x00000000025ad8b5
Event: 0.515 Thread 0x0000000009d04800 Threw 0x00000000eb4e96b8 at C:\re\jdk7u79\2331\hotspot\src\share\vm\prims\jvm.cpp:1304
Event: 0.719 Thread 0x0000000001c2e800 Threw 0x00000000ec28fd20 at C:\re\jdk7u79\2331\hotspot\src\share\vm\prims\jvm.cpp:1304
Event: 0.743 Thread 0x0000000001c2e800 Threw 0x00000000ec407218 at C:\re\jdk7u79\2331\hotspot\src\share\vm\prims\jvm.cpp:1304
Event: 0.745 Thread 0x0000000001c2e800 Threw 0x00000000ec41b4c8 at C:\re\jdk7u79\2331\hotspot\src\share\vm\prims\jvm.cpp:1304
Event: 0.747 Thread 0x0000000001c2e800 Threw 0x00000000ec4253e0 at C:\re\jdk7u79\2331\hotspot\src\share\vm\prims\jvm.cpp:1304
Event: 0.747 Thread 0x0000000001c2e800 Threw 0x00000000ec4277e0 at C:\re\jdk7u79\2331\hotspot\src\share\vm\prims\jvm.cpp:1304
Event: 2.212 Thread 0x0000000009d04800 Implicit null exception at 0x00000000025c0c52 to 0x00000000025c0d42
Event: 2.214 Thread 0x0000000001c2e800 Threw 0x00000000eca9ca20 at C:\re\jdk7u79\2331\hotspot\src\share\vm\prims\jvm.cpp:1304

Events (10 events):
Event: 0.747 loading class 0x0000000009e78ff0 done
Event: 0.908 Executing VM operation: ParallelGCFailedAllocation
Event: 1.614 Executing VM operation: ParallelGCFailedAllocation done
Event: 2.212 Thread 0x0000000009d04800 Uncommon trap: trap_request=0xfffffff4 fr.pc=0x00000000025c0d50
Event: 2.212 Thread 0x0000000009d04800 DEOPT PACKING pc=0x00000000025c0d50 sp=0x000000000c13eac0
Event: 2.212 Thread 0x0000000009d04800 DEOPT UNPACKING pc=0x00000000025675a4 sp=0x000000000c13ea58 mode 2
Event: 2.214 loading class 0x0000000009cc26c0
Event: 2.214 loading class 0x0000000009cc26c0 done
Event: 2.216 Executing VM operation: ParallelGCFailedAllocation
Event: 4.315 Executing VM operation: ParallelGCFailedAllocation done


Dynamic libraries:
0x000000013fe00000 - 0x000000013fe33000 	C:\Program Files\Java\jdk1.7.0_79\bin\java.exe
0x0000000077080000 - 0x0000000077229000 	C:\Windows\SYSTEM32\ntdll.dll
0x0000000076e40000 - 0x0000000076f5f000 	C:\Windows\system32\kernel32.dll
0x000007fefce70000 - 0x000007fefcedc000 	C:\Windows\system32\KERNELBASE.dll
0x000007fefd1f0000 - 0x000007fefd2cb000 	C:\Windows\system32\ADVAPI32.dll
0x000007fefdb60000 - 0x000007fefdbff000 	C:\Windows\system32\msvcrt.dll
0x000007feff290000 - 0x000007feff2af000 	C:\Windows\SYSTEM32\sechost.dll
0x000007fefd9c0000 - 0x000007fefdaed000 	C:\Windows\system32\RPCRT4.dll
0x0000000076f80000 - 0x000000007707a000 	C:\Windows\system32\USER32.dll
0x000007fefdd00000 - 0x000007fefdd67000 	C:\Windows\system32\GDI32.dll
0x000007feff2b0000 - 0x000007feff2be000 	C:\Windows\system32\LPK.dll
0x000007feff2c0000 - 0x000007feff389000 	C:\Windows\system32\USP10.dll
0x000007fefb1f0000 - 0x000007fefb3e4000 	C:\Windows\WinSxS\amd64_microsoft.windows.common-controls_6595b64144ccf1df_6.0.7601.18837_none_fa3b1e3d17594757\COMCTL32.dll
0x000007fefd2d0000 - 0x000007fefd341000 	C:\Windows\system32\SHLWAPI.dll
0x000007fefe200000 - 0x000007fefe22e000 	C:\Windows\system32\IMM32.DLL
0x000007fefdee0000 - 0x000007fefdfe9000 	C:\Windows\system32\MSCTF.dll
0x000007fefcd60000 - 0x000007fefcd92000 	C:\Windows\system32\nvinitx.dll
0x0000000050f10000 - 0x0000000050fe2000 	C:\Program Files\Java\jdk1.7.0_79\jre\bin\msvcr100.dll
0x000000006e6e0000 - 0x000000006eeb5000 	C:\Program Files\Java\jdk1.7.0_79\jre\bin\server\jvm.dll
0x000007fef50d0000 - 0x000007fef50d9000 	C:\Windows\system32\WSOCK32.dll
0x000007fefdb10000 - 0x000007fefdb5d000 	C:\Windows\system32\WS2_32.dll
0x000007fefde50000 - 0x000007fefde58000 	C:\Windows\system32\NSI.dll
0x000007fefb9f0000 - 0x000007fefba2b000 	C:\Windows\system32\WINMM.dll
0x0000000077240000 - 0x0000000077247000 	C:\Windows\system32\PSAPI.DLL
0x0000000068a60000 - 0x0000000068a6f000 	C:\Program Files\Java\jdk1.7.0_79\jre\bin\verify.dll
0x0000000054e10000 - 0x0000000054e38000 	C:\Program Files\Java\jdk1.7.0_79\jre\bin\java.dll
0x00000000689d0000 - 0x00000000689e5000 	C:\Program Files\Java\jdk1.7.0_79\jre\bin\zip.dll
0x00000000551e0000 - 0x00000000551fa000 	C:\Program Files\Java\jdk1.7.0_79\jre\bin\net.dll
0x000007fefc5b0000 - 0x000007fefc605000 	C:\Windows\system32\mswsock.dll
0x000007fefc830000 - 0x000007fefc837000 	C:\Windows\System32\wship6.dll
0x0000000054df0000 - 0x0000000054e01000 	C:\Program Files\Java\jdk1.7.0_79\jre\bin\nio.dll

VM Arguments:
jvm_args: -Xmx1024M -Dfile.encoding=windows-1252 -Duser.country=US -Duser.language=en -Duser.variant 
java_command: com.android.dx.command.Main --dex --num-threads=4 --output C:\Users\rlucas\AndroidStudioProjects\FastRoute\app\build\intermediates\pre-dexed\debug\classes-b9c79230139b069a0cb1f14ba89aea5b1e4d0cbc.jar C:\Users\rlucas\AndroidStudioProjects\FastRoute\app\build\intermediates\exploded-aar\com.google.android.gms\play-services-wallet\7.8.0\jars\classes.jar
Launcher Type: SUN_STANDARD

Environment Variables:
JAVA_HOME=C:\jdk1.6.0_45
PATH=C:\Windows\system32;C:\Windows;C:\Windows\System32\Wbem;C:\Windows\System32\WindowsPowerShell\v1.0\;C:\Program Files (x86)\Common Files\Roxio Shared\OEM\DLLShared\;C:\Program Files (x86)\Common Files\Roxio Shared\OEM\DLLShared\;C:\Program Files (x86)\Common Files\Roxio Shared\OEM\12.0\DLLShared\;C:\Program Files (x86)\Roxio\OEM\AudioCore\;C:\Program Files\TortoiseSVN\bin;C:\bin\apache-ant-1.8.2\bin;C:\bin\php-5.5.6-Win32-VC11-x64;C:\Program Files (x86)\DAMIANI\Jasob 4.0;C:\Program Files (x86)\VisualSVN Server\bin;C:\Program Files (x86)\Loquendo\LTTS7\bin;C:\apache-ant-1.9.4\bin;C:\jdk1.6.0_45\bin;C:\Program Files (x86)\Genesis Mobile\Jasob 4.1;C:\Program Files (x86)\Microsoft SQL Server\100\Tools\Binn\;C:\Program Files\Microsoft SQL Server\100\Tools\Binn\;C:\Program Files\Microsoft SQL Server\100\DTS\Binn\;C:\Program Files (x86)\Microsoft SQL Server\100\Tools\Binn\VSShell\Common7\IDE\;C:\Program Files (x86)\Microsoft Visual Studio 9.0\Common7\IDE\PrivateAssemblies\;C:\Program Files (x86)\Microsoft SQL Server\100\DTS\Binn\;C:\PROGRA~2\Groovy\GROOVY~1.3\bin;C:\Users\rlucas\apache-maven-3.2.5\bin;C:\Program Files\Apache Software Foundation\Tomcat 6.0\bin;C:\Program Files (x86)\Skype\Phone\;.;;.;
USERNAME=rlucas
OS=Windows_NT
PROCESSOR_IDENTIFIER=Intel64 Family 6 Model 42 Stepping 7, GenuineIntel



---------------  S Y S T E M  ---------------

OS: Windows 7 , 64 bit Build 7601 Service Pack 1

CPU:total 8 (4 cores per cpu, 2 threads per core) family 6 model 42 stepping 7, cmov, cx8, fxsr, mmx, sse, sse2, sse3, ssse3, sse4.1, sse4.2, popcnt, avx, aes, ht, tsc, tscinvbit

Memory: 4k page, physical 8266684k(239488k free), swap 10361996k(5136k free)

vm_info: Java HotSpot(TM) 64-Bit Server VM (24.79-b02) for windows-amd64 JRE (1.7.0_79-b15), built on Apr 10 2015 12:36:16 by "java_re" with unknown MS VC++:1600

time: Tue Sep 29 11:11:58 2015
elapsed time: 4 seconds

