#
# There is insufficient memory for the Java Runtime Environment to continue.
# Native memory allocation (malloc) failed to allocate 50736 bytes for Chunk::new
# Possible reasons:
#   The system is out of physical RAM or swap space
#   In 32 bit mode, the process size limit was hit
# Possible solutions:
#   Reduce memory load on the system
#   Increase physical memory or swap space
#   Check if swap backing store is full
#   Use 64 bit Java on a 64 bit OS
#   Decrease Java heap size (-Xmx/-Xms)
#   Decrease number of Java threads
#   Decrease Java thread stack sizes (-Xss)
#   Set larger code cache with -XX:ReservedCodeCacheSize=
# This output file may be truncated or incomplete.
#
#  Out of Memory Error (allocation.cpp:323), pid=8148, tid=8372
#
# JRE version: Java(TM) SE Runtime Environment (7.0_79-b15) (build 1.7.0_79-b15)
# Java VM: Java HotSpot(TM) 64-Bit Server VM (24.79-b02 mixed mode windows-amd64 compressed oops)
# Failed to write core dump. Minidumps are not enabled by default on client versions of Windows
#

---------------  T H R E A D  ---------------

Current thread (0x000000000997b800):  JavaThread "C2 CompilerThread1" daemon [_thread_in_native, id=8372, stack(0x000000000b100000,0x000000000b200000)]

Stack: [0x000000000b100000,0x000000000b200000]
[error occurred during error reporting (printing stack bounds), id 0xc0000005]


[error occurred during error reporting (printing native stack), id 0xc0000005]


Current CompileTask:
C2:    954    4             java.lang.String::replace (127 bytes)


---------------  P R O C E S S  ---------------

Java Threads: ( => current thread )
  0x000000000997d000 JavaThread "Service Thread" daemon [_thread_blocked, id=2296, stack(0x000000000b370000,0x000000000b470000)]
=>0x000000000997b800 JavaThread "C2 CompilerThread1" daemon [_thread_in_native, id=8372, stack(0x000000000b100000,0x000000000b200000)]
  0x00000000088d3000 JavaThread "C2 CompilerThread0" daemon [_thread_blocked, id=12788, stack(0x000000000afb0000,0x000000000b0b0000)]
  0x00000000088d2000 JavaThread "Attach Listener" daemon [_thread_blocked, id=7848, stack(0x000000000a9a0000,0x000000000aaa0000)]
  0x00000000088d1800 JavaThread "Signal Dispatcher" daemon [_thread_blocked, id=3560, stack(0x000000000ae40000,0x000000000af40000)]
  0x000000000218f000 JavaThread "Finalizer" daemon [_thread_blocked, id=12324, stack(0x000000000ac60000,0x000000000ad60000)]
  0x0000000002188800 JavaThread "Reference Handler" daemon [_thread_blocked, id=10968, stack(0x000000000ab10000,0x000000000ac10000)]
  0x0000000001d4e800 JavaThread "main" [_thread_in_Java, id=2572, stack(0x0000000002430000,0x0000000002530000)]

Other Threads:
  0x00000000088bd800 VMThread [stack: 0x000000000a880000,0x000000000a980000] [id=7176]
  0x000000000998a000 WatcherThread [stack: 0x000000000b580000,0x000000000b680000] [id=11104]

VM state:not at safepoint (normal execution)

VM Mutex/Monitor currently owned by a thread: None

Heap
 PSYoungGen      total 38400K, used 2023K [0x00000000eaa80000, 0x00000000ed500000, 0x0000000100000000)
  eden space 33280K, 6% used [0x00000000eaa80000,0x00000000eac79db8,0x00000000ecb00000)
  from space 5120K, 0% used [0x00000000ed000000,0x00000000ed000000,0x00000000ed500000)
  to   space 5120K, 0% used [0x00000000ecb00000,0x00000000ecb00000,0x00000000ed000000)
 ParOldGen       total 86016K, used 0K [0x00000000c0000000, 0x00000000c5400000, 0x00000000eaa80000)
  object space 86016K, 0% used [0x00000000c0000000,0x00000000c0000000,0x00000000c5400000)
 PSPermGen       total 21504K, used 3700K [0x00000000bae00000, 0x00000000bc300000, 0x00000000c0000000)
  object space 21504K, 17% used [0x00000000bae00000,0x00000000bb19d360,0x00000000bc300000)

Card table byte_map: [0x0000000005530000,0x0000000005760000] byte_map_base: 0x0000000004f59000

Polling page: 0x0000000000330000

Code Cache  [0x0000000002530000, 0x00000000027a0000, 0x0000000005530000)
 total_blobs=219 nmethods=3 adapters=169 free_code_cache=48749Kb largest_free_block=49919040

Compilation events (7 events):
Event: 0.390 Thread 0x00000000088d3000    1             java.lang.String::indexOf (70 bytes)
Event: 0.397 Thread 0x00000000088d3000 nmethod 1 0x0000000002590e10 code [0x0000000002590f60, 0x00000000025910e8]
Event: 0.426 Thread 0x000000000997b800    2             java.lang.String::hashCode (55 bytes)
Event: 0.428 Thread 0x000000000997b800 nmethod 2 0x0000000002590ad0 code [0x0000000002590c00, 0x0000000002590d58]
Event: 0.462 Thread 0x00000000088d3000    3             java.lang.String::lastIndexOf (52 bytes)
Event: 0.465 Thread 0x00000000088d3000 nmethod 3 0x00000000025904d0 code [0x0000000002590620, 0x0000000002590788]
Event: 0.945 Thread 0x000000000997b800    4             java.lang.String::replace (127 bytes)

GC Heap History (0 events):
No events

Deoptimization events (0 events):
No events

Internal exceptions (10 events):
Event: 0.941 Thread 0x0000000001d4e800 Threw 0x00000000eac244b0 at C:\re\jdk7u79\2331\hotspot\src\share\vm\prims\jvm.cpp:1304
Event: 0.941 Thread 0x0000000001d4e800 Threw 0x00000000eac27148 at C:\re\jdk7u79\2331\hotspot\src\share\vm\prims\jvm.cpp:1304
Event: 0.942 Thread 0x0000000001d4e800 Threw 0x00000000eac2a4a0 at C:\re\jdk7u79\2331\hotspot\src\share\vm\prims\jvm.cpp:1304
Event: 0.942 Thread 0x0000000001d4e800 Threw 0x00000000eac2c4e0 at C:\re\jdk7u79\2331\hotspot\src\share\vm\prims\jvm.cpp:1304
Event: 0.943 Thread 0x0000000001d4e800 Threw 0x00000000eac2f9d8 at C:\re\jdk7u79\2331\hotspot\src\share\vm\prims\jvm.cpp:1304
Event: 0.943 Thread 0x0000000001d4e800 Threw 0x00000000eac321a0 at C:\re\jdk7u79\2331\hotspot\src\share\vm\prims\jvm.cpp:1304
Event: 0.944 Thread 0x0000000001d4e800 Threw 0x00000000eac35520 at C:\re\jdk7u79\2331\hotspot\src\share\vm\prims\jvm.cpp:1304
Event: 0.944 Thread 0x0000000001d4e800 Threw 0x00000000eac38768 at C:\re\jdk7u79\2331\hotspot\src\share\vm\prims\jvm.cpp:1304
Event: 0.945 Thread 0x0000000001d4e800 Threw 0x00000000eac3b1e0 at C:\re\jdk7u79\2331\hotspot\src\share\vm\prims\jvm.cpp:1304
Event: 0.946 Thread 0x0000000001d4e800 Threw 0x00000000eac3d998 at C:\re\jdk7u79\2331\hotspot\src\share\vm\prims\jvm.cpp:1304

Events (10 events):
Event: 0.943 loading class 0x00000000099b9850
Event: 0.943 loading class 0x00000000099b9850 done
Event: 0.944 loading class 0x0000000009a27620
Event: 0.944 loading class 0x0000000009a27620 done
Event: 0.944 loading class 0x0000000009a39f70
Event: 0.944 loading class 0x0000000009a39f70 done
Event: 0.945 loading class 0x0000000009a39ff0
Event: 0.945 loading class 0x0000000009a39ff0 done
Event: 0.946 loading class 0x00000000099b44e0
Event: 0.946 loading class 0x00000000099b44e0 done


Dynamic libraries:
0x000000013f700000 - 0x000000013f733000 	C:\Program Files\Java\jdk1.7.0_79\bin\java.exe
0x0000000076f00000 - 0x00000000770a9000 	C:\Windows\SYSTEM32\ntdll.dll
0x0000000076ce0000 - 0x0000000076dff000 	C:\Windows\system32\kernel32.dll
0x000007fefccd0000 - 0x000007fefcd3c000 	C:\Windows\system32\KERNELBASE.dll
0x000007feff020000 - 0x000007feff0fb000 	C:\Windows\system32\ADVAPI32.dll
0x000007fefee40000 - 0x000007fefeedf000 	C:\Windows\system32\msvcrt.dll
0x000007feff000000 - 0x000007feff01f000 	C:\Windows\SYSTEM32\sechost.dll
0x000007fefe990000 - 0x000007fefeabd000 	C:\Windows\system32\RPCRT4.dll
0x0000000076e00000 - 0x0000000076efa000 	C:\Windows\system32\USER32.dll
0x000007fefe3a0000 - 0x000007fefe407000 	C:\Windows\system32\GDI32.dll
0x000007fefee30000 - 0x000007fefee3e000 	C:\Windows\system32\LPK.dll
0x000007fefde90000 - 0x000007fefdf59000 	C:\Windows\system32\USP10.dll
0x000007fefae40000 - 0x000007fefb034000 	C:\Windows\WinSxS\amd64_microsoft.windows.common-controls_6595b64144ccf1df_6.0.7601.18837_none_fa3b1e3d17594757\COMCTL32.dll
0x000007fefd070000 - 0x000007fefd0e1000 	C:\Windows\system32\SHLWAPI.dll
0x000007fefe890000 - 0x000007fefe8be000 	C:\Windows\system32\IMM32.DLL
0x000007feff100000 - 0x000007feff209000 	C:\Windows\system32\MSCTF.dll
0x000007fefcbe0000 - 0x000007fefcc12000 	C:\Windows\system32\nvinitx.dll
0x0000000067930000 - 0x0000000067a02000 	C:\Program Files\Java\jdk1.7.0_79\jre\bin\msvcr100.dll
0x000000006ecf0000 - 0x000000006f4c5000 	C:\Program Files\Java\jdk1.7.0_79\jre\bin\server\jvm.dll
0x000007fef4f50000 - 0x000007fef4f59000 	C:\Windows\system32\WSOCK32.dll
0x000007fefe8c0000 - 0x000007fefe90d000 	C:\Windows\system32\WS2_32.dll
0x000007fefde80000 - 0x000007fefde88000 	C:\Windows\system32\NSI.dll
0x000007fefb6b0000 - 0x000007fefb6eb000 	C:\Windows\system32\WINMM.dll
0x00000000770d0000 - 0x00000000770d7000 	C:\Windows\system32\PSAPI.DLL
0x0000000074430000 - 0x000000007443f000 	C:\Program Files\Java\jdk1.7.0_79\jre\bin\verify.dll
0x00000000743c0000 - 0x00000000743e8000 	C:\Program Files\Java\jdk1.7.0_79\jre\bin\java.dll
0x0000000074410000 - 0x0000000074425000 	C:\Program Files\Java\jdk1.7.0_79\jre\bin\zip.dll
0x00000000743a0000 - 0x00000000743ba000 	C:\Program Files\Java\jdk1.7.0_79\jre\bin\net.dll
0x000007fefc450000 - 0x000007fefc4a5000 	C:\Windows\system32\mswsock.dll
0x000007fefc440000 - 0x000007fefc447000 	C:\Windows\System32\wship6.dll
0x0000000074380000 - 0x0000000074391000 	C:\Program Files\Java\jdk1.7.0_79\jre\bin\nio.dll

VM Arguments:
jvm_args: -Xmx1024M -Dfile.encoding=windows-1252 -Duser.country=US -Duser.language=en -Duser.variant 
java_command: com.android.dx.command.Main --dex --num-threads=4 --output C:\Users\rlucas\AndroidStudioProjects\FastRoute\app\build\intermediates\pre-dexed\debug\classes-5fd448fb56ab93dbdf96a59dd508237913b6b241.jar C:\Users\rlucas\AndroidStudioProjects\FastRoute\app\build\intermediates\exploded-aar\com.android.support\mediarouter-v7\22.2.0\jars\classes.jar
Launcher Type: SUN_STANDARD

Environment Variables:
JAVA_HOME=C:\jdk1.6.0_45
PATH=C:\Windows\system32;C:\Windows;C:\Windows\System32\Wbem;C:\Windows\System32\WindowsPowerShell\v1.0\;C:\Program Files (x86)\Common Files\Roxio Shared\OEM\DLLShared\;C:\Program Files (x86)\Common Files\Roxio Shared\OEM\DLLShared\;C:\Program Files (x86)\Common Files\Roxio Shared\OEM\12.0\DLLShared\;C:\Program Files (x86)\Roxio\OEM\AudioCore\;C:\Program Files\TortoiseSVN\bin;C:\bin\apache-ant-1.8.2\bin;C:\bin\php-5.5.6-Win32-VC11-x64;C:\Program Files (x86)\DAMIANI\Jasob 4.0;C:\Program Files (x86)\VisualSVN Server\bin;C:\Program Files (x86)\Loquendo\LTTS7\bin;C:\apache-ant-1.9.4\bin;C:\jdk1.6.0_45\bin;C:\Program Files (x86)\Genesis Mobile\Jasob 4.1;C:\Program Files (x86)\Microsoft SQL Server\100\Tools\Binn\;C:\Program Files\Microsoft SQL Server\100\Tools\Binn\;C:\Program Files\Microsoft SQL Server\100\DTS\Binn\;C:\Program Files (x86)\Microsoft SQL Server\100\Tools\Binn\VSShell\Common7\IDE\;C:\Program Files (x86)\Microsoft Visual Studio 9.0\Common7\IDE\PrivateAssemblies\;C:\Program Files (x86)\Microsoft SQL Server\100\DTS\Binn\;C:\PROGRA~2\Groovy\GROOVY~1.3\bin;C:\Users\rlucas\apache-maven-3.2.5\bin;C:\Program Files\Apache Software Foundation\Tomcat 6.0\bin;C:\Program Files (x86)\Skype\Phone\;.;;.;;.;;.;
USERNAME=rlucas
OS=Windows_NT
PROCESSOR_IDENTIFIER=Intel64 Family 6 Model 42 Stepping 7, GenuineIntel



---------------  S Y S T E M  ---------------

OS: Windows 7 , 64 bit Build 7601 Service Pack 1

CPU:total 8 (4 cores per cpu, 2 threads per core) family 6 model 42 stepping 7, cmov, cx8, fxsr, mmx, sse, sse2, sse3, ssse3, sse4.1, sse4.2, popcnt, avx, aes, ht, tsc, tscinvbit

Memory: 4k page, physical 8266684k(486588k free), swap 10361996k(4700k free)

vm_info: Java HotSpot(TM) 64-Bit Server VM (24.79-b02) for windows-amd64 JRE (1.7.0_79-b15), built on Apr 10 2015 12:36:16 by "java_re" with unknown MS VC++:1600

time: Fri Sep 18 15:27:31 2015
elapsed time: 0 seconds

