#
# There is insufficient memory for the Java Runtime Environment to continue.
# Native memory allocation (malloc) failed to allocate 78704 bytes for Chunk::new
# Possible reasons:
#   The system is out of physical RAM or swap space
#   In 32 bit mode, the process size limit was hit
# Possible solutions:
#   Reduce memory load on the system
#   Increase physical memory or swap space
#   Check if swap backing store is full
#   Use 64 bit Java on a 64 bit OS
#   Decrease Java heap size (-Xmx/-Xms)
#   Decrease number of Java threads
#   Decrease Java thread stack sizes (-Xss)
#   Set larger code cache with -XX:ReservedCodeCacheSize=
# This output file may be truncated or incomplete.
#
#  Out of Memory Error (allocation.cpp:323), pid=11608, tid=9692
#
# JRE version: Java(TM) SE Runtime Environment (7.0_79-b15) (build 1.7.0_79-b15)
# Java VM: Java HotSpot(TM) 64-Bit Server VM (24.79-b02 mixed mode windows-amd64 compressed oops)
# Failed to write core dump. Minidumps are not enabled by default on client versions of Windows
#

---------------  T H R E A D  ---------------

Current thread (0x0000000008af7800):  JavaThread "C2 CompilerThread1" daemon [_thread_in_native, id=9692, stack(0x000000000b5d0000,0x000000000b6d0000)]

Stack: [0x000000000b5d0000,0x000000000b6d0000]
[error occurred during error reporting (printing stack bounds), id 0xc0000005]


Current CompileTask:
C2:   3455  216             com.android.dx.ssa.SCCP::run (298 bytes)


---------------  P R O C E S S  ---------------

Java Threads: ( => current thread )
  0x0000000009db2800 JavaThread "pool-1-thread-4" [_thread_in_Java, id=412, stack(0x000000000c2b0000,0x000000000c3b0000)]
  0x0000000009d97800 JavaThread "pool-1-thread-3" [_thread_in_Java, id=12416, stack(0x000000000c1a0000,0x000000000c2a0000)]
  0x0000000009d95800 JavaThread "pool-1-thread-2" [_thread_blocked, id=9980, stack(0x000000000b850000,0x000000000b950000)]
  0x0000000009dfe800 JavaThread "pool-2-thread-1" [_thread_blocked, id=12544, stack(0x000000000bfb0000,0x000000000c0b0000)]
  0x0000000009d8f800 JavaThread "pool-1-thread-1" [_thread_blocked, id=8264, stack(0x000000000be10000,0x000000000bf10000)]
  0x0000000009b9d000 JavaThread "Service Thread" daemon [_thread_blocked, id=12464, stack(0x000000000b720000,0x000000000b820000)]
=>0x0000000008af7800 JavaThread "C2 CompilerThread1" daemon [_thread_in_native, id=9692, stack(0x000000000b5d0000,0x000000000b6d0000)]
  0x0000000008af3000 JavaThread "C2 CompilerThread0" daemon [_thread_in_native, id=11912, stack(0x000000000b3d0000,0x000000000b4d0000)]
  0x0000000008af2800 JavaThread "Attach Listener" daemon [_thread_blocked, id=10220, stack(0x000000000b190000,0x000000000b290000)]
  0x0000000008af1800 JavaThread "Signal Dispatcher" daemon [_thread_blocked, id=11836, stack(0x000000000ae80000,0x000000000af80000)]
  0x0000000008ae1800 JavaThread "Finalizer" daemon [_thread_blocked, id=11184, stack(0x000000000af80000,0x000000000b080000)]
  0x00000000021f9800 JavaThread "Reference Handler" daemon [_thread_blocked, id=3620, stack(0x000000000acf0000,0x000000000adf0000)]
  0x00000000022ee800 JavaThread "main" [_thread_in_Java, id=7792, stack(0x00000000022f0000,0x00000000023f0000)]

Other Threads:
  0x0000000008ade000 VMThread [stack: 0x000000000aad0000,0x000000000abd0000] [id=8728]
  0x0000000009ba6800 WatcherThread [stack: 0x000000000b960000,0x000000000ba60000] [id=5720]

VM state:not at safepoint (normal execution)

VM Mutex/Monitor currently owned by a thread: None

Heap
 PSYoungGen      total 38400K, used 15735K [0x00000000eaa80000, 0x00000000ef580000, 0x0000000100000000)
  eden space 33280K, 31% used [0x00000000eaa80000,0x00000000eb4defd0,0x00000000ecb00000)
  from space 5120K, 99% used [0x00000000ecb00000,0x00000000ecffedb0,0x00000000ed000000)
  to   space 5120K, 0% used [0x00000000ef080000,0x00000000ef080000,0x00000000ef580000)
 ParOldGen       total 86016K, used 6084K [0x00000000c0000000, 0x00000000c5400000, 0x00000000eaa80000)
  object space 86016K, 7% used [0x00000000c0000000,0x00000000c05f10c8,0x00000000c5400000)
 PSPermGen       total 21504K, used 5695K [0x00000000bae00000, 0x00000000bc300000, 0x00000000c0000000)
  object space 21504K, 26% used [0x00000000bae00000,0x00000000bb38fff0,0x00000000bc300000)

Card table byte_map: [0x0000000005490000,0x00000000056c0000] byte_map_base: 0x0000000004eb9000

Polling page: 0x0000000000430000

Code Cache  [0x0000000002490000, 0x0000000002700000, 0x0000000005490000)
 total_blobs=453 nmethods=216 adapters=189 free_code_cache=48143Kb largest_free_block=49257152

Compilation events (10 events):
Event: 3.244 Thread 0x0000000008af7800 nmethod 211 0x00000000025753d0 code [0x0000000002575500, 0x0000000002575558]
Event: 3.244 Thread 0x0000000008af7800  212             com.android.dx.ssa.SCCP::simulateBranch (666 bytes)
Event: 3.325 Thread 0x0000000008af3000 nmethod 170 0x0000000002587990 code [0x0000000002587ca0, 0x0000000002589cd0]
Event: 3.325 Thread 0x0000000008af3000  213             com.android.dx.ssa.SCCP::simulateStmt (481 bytes)
Event: 3.361 Thread 0x0000000008af7800 nmethod 212 0x000000000258c7d0 code [0x000000000258caa0, 0x000000000258e7c0]
Event: 3.361 Thread 0x0000000008af7800  214             java.lang.Object::equals (11 bytes)
Event: 3.362 Thread 0x0000000008af7800 nmethod 214 0x00000000025746d0 code [0x0000000002574800, 0x0000000002574858]
Event: 3.362 Thread 0x0000000008af7800  215             com.android.dx.rop.code.BasicBlock::getPrimarySuccessor (5 bytes)
Event: 3.362 Thread 0x0000000008af7800 nmethod 215 0x00000000025744d0 code [0x0000000002574600, 0x0000000002574658]
Event: 3.362 Thread 0x0000000008af7800  216             com.android.dx.ssa.SCCP::run (298 bytes)

GC Heap History (2 events):
Event: 2.177 GC heap before
{Heap before GC invocations=1 (full 0):
 PSYoungGen      total 38400K, used 33280K [0x00000000eaa80000, 0x00000000ed500000, 0x0000000100000000)
  eden space 33280K, 100% used [0x00000000eaa80000,0x00000000ecb00000,0x00000000ecb00000)
  from space 5120K, 0% used [0x00000000ed000000,0x00000000ed000000,0x00000000ed500000)
  to   space 5120K, 0% used [0x00000000ecb00000,0x00000000ecb00000,0x00000000ed000000)
 ParOldGen       total 86016K, used 0K [0x00000000c0000000, 0x00000000c5400000, 0x00000000eaa80000)
  object space 86016K, 0% used [0x00000000c0000000,0x00000000c0000000,0x00000000c5400000)
 PSPermGen       total 21504K, used 5683K [0x00000000bae00000, 0x00000000bc300000, 0x00000000c0000000)
  object space 21504K, 26% used [0x00000000bae00000,0x00000000bb38cfb8,0x00000000bc300000)
Event: 2.564 GC heap after
Heap after GC invocations=1 (full 0):
 PSYoungGen      total 38400K, used 5115K [0x00000000eaa80000, 0x00000000ef580000, 0x0000000100000000)
  eden space 33280K, 0% used [0x00000000eaa80000,0x00000000eaa80000,0x00000000ecb00000)
  from space 5120K, 99% used [0x00000000ecb00000,0x00000000ecffedb0,0x00000000ed000000)
  to   space 5120K, 0% used [0x00000000ef080000,0x00000000ef080000,0x00000000ef580000)
 ParOldGen       total 86016K, used 6084K [0x00000000c0000000, 0x00000000c5400000, 0x00000000eaa80000)
  object space 86016K, 7% used [0x00000000c0000000,0x00000000c05f10c8,0x00000000c5400000)
 PSPermGen       total 21504K, used 5683K [0x00000000bae00000, 0x00000000bc300000, 0x00000000c0000000)
  object space 21504K, 26% used [0x00000000bae00000,0x00000000bb38cfb8,0x00000000bc300000)
}

Deoptimization events (10 events):
Event: 1.661 Thread 0x00000000022ee800 Uncommon trap: reason=class_check action=maybe_recompile pc=0x0000000002506274 method=com.android.dx.ssa.NormalSsaInsn.accept(Lcom/android/dx/ssa/SsaInsn$Visitor;)V @ 9
Event: 1.789 Thread 0x0000000009d95800 Uncommon trap: reason=unreached action=reinterpret pc=0x0000000002511f54 method=com.android.dx.rop.code.RegisterSpec.equals(ILcom/android/dx/rop/type/TypeBearer;Lcom/android/dx/rop/code/LocalItem;)Z @ 24
Event: 1.801 Thread 0x0000000009d95800 Uncommon trap: reason=unreached action=reinterpret pc=0x000000000251ec40 method=com.android.dx.rop.code.RegisterSpec.equals(ILcom/android/dx/rop/type/TypeBearer;Lcom/android/dx/rop/code/LocalItem;)Z @ 24
Event: 1.884 Thread 0x0000000009d8f800 Uncommon trap: reason=unreached action=reinterpret pc=0x00000000025182d0 method=com.android.dx.rop.code.RegisterSpec.equals(ILcom/android/dx/rop/type/TypeBearer;Lcom/android/dx/rop/code/LocalItem;)Z @ 24
Event: 1.884 Thread 0x0000000009d8f800 Uncommon trap: reason=unreached action=reinterpret pc=0x00000000025140a0 method=com.android.dx.rop.code.RegisterSpec.equals(ILcom/android/dx/rop/type/TypeBearer;Lcom/android/dx/rop/code/LocalItem;)Z @ 24
Event: 2.010 Thread 0x0000000009d97800 Uncommon trap: reason=unreached action=reinterpret pc=0x00000000025390a4 method=com.android.dx.ssa.LocalVariableExtractor.processBlock(I)V @ 194
Event: 2.014 Thread 0x0000000009d97800 Uncommon trap: reason=class_check action=maybe_recompile pc=0x000000000253d928 method=com.android.dx.cf.code.BytecodeArray.parseInstruction(ILcom/android/dx/cf/code/BytecodeArray$Visitor;)I @ 971
Event: 2.014 Thread 0x0000000009d97800 Uncommon trap: reason=class_check action=maybe_recompile pc=0x000000000253d978 method=com.android.dx.cf.code.BytecodeArray.parseInstruction(ILcom/android/dx/cf/code/BytecodeArray$Visitor;)I @ 987
Event: 2.014 Thread 0x0000000009d97800 Uncommon trap: reason=class_check action=maybe_recompile pc=0x000000000253d928 method=com.android.dx.cf.code.BytecodeArray.parseInstruction(ILcom/android/dx/cf/code/BytecodeArray$Visitor;)I @ 971
Event: 2.014 Thread 0x0000000009d97800 Uncommon trap: reason=class_check action=maybe_recompile pc=0x000000000253d978 method=com.android.dx.cf.code.BytecodeArray.parseInstruction(ILcom/android/dx/cf/code/BytecodeArray$Visitor;)I @ 987

Internal exceptions (10 events):
Event: 1.375 Thread 0x0000000009db2800 Threw 0x00000000eb01d158 at C:\re\jdk7u79\2331\hotspot\src\share\vm\prims\jvm.cpp:1304
Event: 1.376 Thread 0x0000000009db2800 Threw 0x00000000eb022570 at C:\re\jdk7u79\2331\hotspot\src\share\vm\prims\jvm.cpp:1304
Event: 1.377 Thread 0x0000000009db2800 Threw 0x00000000eb025358 at C:\re\jdk7u79\2331\hotspot\src\share\vm\prims\jvm.cpp:1304
Event: 1.400 Thread 0x00000000022ee800 Threw 0x00000000eb37d280 at C:\re\jdk7u79\2331\hotspot\src\share\vm\prims\jvm.cpp:1304
Event: 1.403 Thread 0x00000000022ee800 Threw 0x00000000eb383b88 at C:\re\jdk7u79\2331\hotspot\src\share\vm\prims\jvm.cpp:1304
Event: 1.409 Thread 0x00000000022ee800 Threw 0x00000000eb3982a8 at C:\re\jdk7u79\2331\hotspot\src\share\vm\prims\jvm.cpp:1304
Event: 1.413 Thread 0x00000000022ee800 Threw 0x00000000eb3e6108 at C:\re\jdk7u79\2331\hotspot\src\share\vm\prims\jvm.cpp:1304
Event: 1.431 Thread 0x00000000022ee800 Threw 0x00000000eb419d00 at C:\re\jdk7u79\2331\hotspot\src\share\vm\prims\jvm.cpp:1304
Event: 1.448 Thread 0x0000000009d95800 Threw 0x00000000eb19a3a8 at C:\re\jdk7u79\2331\hotspot\src\share\vm\prims\jvm.cpp:1304
Event: 1.571 Thread 0x00000000022ee800 Threw 0x00000000eb750ff0 at C:\re\jdk7u79\2331\hotspot\src\share\vm\prims\jvm.cpp:1304

Events (10 events):
Event: 2.014 Thread 0x0000000009d97800 DEOPT PACKING pc=0x000000000253d978 sp=0x000000000c29eeb0
Event: 2.014 Thread 0x0000000009d97800 DEOPT UNPACKING pc=0x00000000024c75a4 sp=0x000000000c29ee20 mode 2
Event: 2.014 Thread 0x0000000009d97800 Uncommon trap: trap_request=0xffffffde fr.pc=0x000000000253d928
Event: 2.014 Thread 0x0000000009d97800 DEOPT PACKING pc=0x000000000253d928 sp=0x000000000c29eeb0
Event: 2.014 Thread 0x0000000009d97800 DEOPT UNPACKING pc=0x00000000024c75a4 sp=0x000000000c29ee20 mode 2
Event: 2.014 Thread 0x0000000009d97800 Uncommon trap: trap_request=0xffffffde fr.pc=0x000000000253d978
Event: 2.014 Thread 0x0000000009d97800 DEOPT PACKING pc=0x000000000253d978 sp=0x000000000c29eeb0
Event: 2.015 Thread 0x0000000009d97800 DEOPT UNPACKING pc=0x00000000024c75a4 sp=0x000000000c29ee20 mode 2
Event: 2.132 Executing VM operation: ParallelGCFailedAllocation
Event: 2.564 Executing VM operation: ParallelGCFailedAllocation done


Dynamic libraries:
0x000000013f700000 - 0x000000013f733000 	C:\Program Files\Java\jdk1.7.0_79\bin\java.exe
0x0000000076f00000 - 0x00000000770a9000 	C:\Windows\SYSTEM32\ntdll.dll
0x0000000076ce0000 - 0x0000000076dff000 	C:\Windows\system32\kernel32.dll
0x000007fefccd0000 - 0x000007fefcd3c000 	C:\Windows\system32\KERNELBASE.dll
0x000007feff020000 - 0x000007feff0fb000 	C:\Windows\system32\ADVAPI32.dll
0x000007fefee40000 - 0x000007fefeedf000 	C:\Windows\system32\msvcrt.dll
0x000007feff000000 - 0x000007feff01f000 	C:\Windows\SYSTEM32\sechost.dll
0x000007fefe990000 - 0x000007fefeabd000 	C:\Windows\system32\RPCRT4.dll
0x0000000076e00000 - 0x0000000076efa000 	C:\Windows\system32\USER32.dll
0x000007fefe3a0000 - 0x000007fefe407000 	C:\Windows\system32\GDI32.dll
0x000007fefee30000 - 0x000007fefee3e000 	C:\Windows\system32\LPK.dll
0x000007fefde90000 - 0x000007fefdf59000 	C:\Windows\system32\USP10.dll
0x000007fefae40000 - 0x000007fefb034000 	C:\Windows\WinSxS\amd64_microsoft.windows.common-controls_6595b64144ccf1df_6.0.7601.18837_none_fa3b1e3d17594757\COMCTL32.dll
0x000007fefd070000 - 0x000007fefd0e1000 	C:\Windows\system32\SHLWAPI.dll
0x000007fefe890000 - 0x000007fefe8be000 	C:\Windows\system32\IMM32.DLL
0x000007feff100000 - 0x000007feff209000 	C:\Windows\system32\MSCTF.dll
0x000007fefcbe0000 - 0x000007fefcc12000 	C:\Windows\system32\nvinitx.dll
0x0000000067930000 - 0x0000000067a02000 	C:\Program Files\Java\jdk1.7.0_79\jre\bin\msvcr100.dll
0x000000006ecf0000 - 0x000000006f4c5000 	C:\Program Files\Java\jdk1.7.0_79\jre\bin\server\jvm.dll
0x000007fef4f50000 - 0x000007fef4f59000 	C:\Windows\system32\WSOCK32.dll
0x000007fefe8c0000 - 0x000007fefe90d000 	C:\Windows\system32\WS2_32.dll
0x000007fefde80000 - 0x000007fefde88000 	C:\Windows\system32\NSI.dll
0x000007fefb6b0000 - 0x000007fefb6eb000 	C:\Windows\system32\WINMM.dll
0x00000000770d0000 - 0x00000000770d7000 	C:\Windows\system32\PSAPI.DLL
0x0000000074430000 - 0x000000007443f000 	C:\Program Files\Java\jdk1.7.0_79\jre\bin\verify.dll
0x00000000743c0000 - 0x00000000743e8000 	C:\Program Files\Java\jdk1.7.0_79\jre\bin\java.dll
0x0000000074410000 - 0x0000000074425000 	C:\Program Files\Java\jdk1.7.0_79\jre\bin\zip.dll
0x00000000743a0000 - 0x00000000743ba000 	C:\Program Files\Java\jdk1.7.0_79\jre\bin\net.dll
0x000007fefc450000 - 0x000007fefc4a5000 	C:\Windows\system32\mswsock.dll
0x000007fefc440000 - 0x000007fefc447000 	C:\Windows\System32\wship6.dll
0x0000000074380000 - 0x0000000074391000 	C:\Program Files\Java\jdk1.7.0_79\jre\bin\nio.dll

VM Arguments:
jvm_args: -Xmx1024M -Dfile.encoding=windows-1252 -Duser.country=US -Duser.language=en -Duser.variant 
java_command: com.android.dx.command.Main --dex --num-threads=4 --output C:\Users\rlucas\AndroidStudioProjects\FastRoute\app\build\intermediates\pre-dexed\debug\classes-f93d0cba766002042d3705bcdc72fb5cfa77dd1f.jar C:\Users\rlucas\AndroidStudioProjects\FastRoute\app\build\intermediates\exploded-aar\com.google.android.gms\play-services-analytics\7.8.0\jars\classes.jar
Launcher Type: SUN_STANDARD

Environment Variables:
JAVA_HOME=C:\jdk1.6.0_45
PATH=C:\Windows\system32;C:\Windows;C:\Windows\System32\Wbem;C:\Windows\System32\WindowsPowerShell\v1.0\;C:\Program Files (x86)\Common Files\Roxio Shared\OEM\DLLShared\;C:\Program Files (x86)\Common Files\Roxio Shared\OEM\DLLShared\;C:\Program Files (x86)\Common Files\Roxio Shared\OEM\12.0\DLLShared\;C:\Program Files (x86)\Roxio\OEM\AudioCore\;C:\Program Files\TortoiseSVN\bin;C:\bin\apache-ant-1.8.2\bin;C:\bin\php-5.5.6-Win32-VC11-x64;C:\Program Files (x86)\DAMIANI\Jasob 4.0;C:\Program Files (x86)\VisualSVN Server\bin;C:\Program Files (x86)\Loquendo\LTTS7\bin;C:\apache-ant-1.9.4\bin;C:\jdk1.6.0_45\bin;C:\Program Files (x86)\Genesis Mobile\Jasob 4.1;C:\Program Files (x86)\Microsoft SQL Server\100\Tools\Binn\;C:\Program Files\Microsoft SQL Server\100\Tools\Binn\;C:\Program Files\Microsoft SQL Server\100\DTS\Binn\;C:\Program Files (x86)\Microsoft SQL Server\100\Tools\Binn\VSShell\Common7\IDE\;C:\Program Files (x86)\Microsoft Visual Studio 9.0\Common7\IDE\PrivateAssemblies\;C:\Program Files (x86)\Microsoft SQL Server\100\DTS\Binn\;C:\PROGRA~2\Groovy\GROOVY~1.3\bin;C:\Users\rlucas\apache-maven-3.2.5\bin;C:\Program Files\Apache Software Foundation\Tomcat 6.0\bin;C:\Program Files (x86)\Skype\Phone\;.;;.;;.;
USERNAME=rlucas
OS=Windows_NT
PROCESSOR_IDENTIFIER=Intel64 Family 6 Model 42 Stepping 7, GenuineIntel



---------------  S Y S T E M  ---------------

OS: Windows 7 , 64 bit Build 7601 Service Pack 1

CPU:total 8 (4 cores per cpu, 2 threads per core) family 6 model 42 stepping 7, cmov, cx8, fxsr, mmx, sse, sse2, sse3, ssse3, sse4.1, sse4.2, popcnt, avx, aes, ht, tsc, tscinvbit

Memory: 4k page, physical 8266684k(480768k free), swap 10186648k(16860k free)

vm_info: Java HotSpot(TM) 64-Bit Server VM (24.79-b02) for windows-amd64 JRE (1.7.0_79-b15), built on Apr 10 2015 12:36:16 by "java_re" with unknown MS VC++:1600

time: Fri Sep 18 15:28:36 2015
elapsed time: 3 seconds

