#
# There is insufficient memory for the Java Runtime Environment to continue.
# Native memory allocation (malloc) failed to allocate 168576 bytes for Chunk::new
# Possible reasons:
#   The system is out of physical RAM or swap space
#   In 32 bit mode, the process size limit was hit
# Possible solutions:
#   Reduce memory load on the system
#   Increase physical memory or swap space
#   Check if swap backing store is full
#   Use 64 bit Java on a 64 bit OS
#   Decrease Java heap size (-Xmx/-Xms)
#   Decrease number of Java threads
#   Decrease Java thread stack sizes (-Xss)
#   Set larger code cache with -XX:ReservedCodeCacheSize=
# This output file may be truncated or incomplete.
#
#  Out of Memory Error (allocation.cpp:323), pid=5836, tid=6952
#
# JRE version: Java(TM) SE Runtime Environment (7.0_79-b15) (build 1.7.0_79-b15)
# Java VM: Java HotSpot(TM) 64-Bit Server VM (24.79-b02 mixed mode windows-amd64 compressed oops)
# Failed to write core dump. Minidumps are not enabled by default on client versions of Windows
#

---------------  T H R E A D  ---------------

Current thread (0x0000000008f13000):  JavaThread "C2 CompilerThread0" daemon [_thread_in_native, id=6952, stack(0x000000000b550000,0x000000000b650000)]

Stack: [0x000000000b550000,0x000000000b650000]
[error occurred during error reporting (printing stack bounds), id 0xc0000005]


[error occurred during error reporting (printing native stack), id 0xc0000005]


Current CompileTask:
C2:   2330  198             com.android.dx.ssa.SCCP::run (298 bytes)


---------------  P R O C E S S  ---------------

Java Threads: ( => current thread )
  0x0000000009ee3800 JavaThread "pool-1-thread-4" [_thread_blocked, id=9136, stack(0x000000000b2c0000,0x000000000b3c0000)]
  0x0000000009ed6000 JavaThread "pool-1-thread-3" [_thread_blocked, id=10540, stack(0x000000000c340000,0x000000000c440000)]
  0x0000000009ed5000 JavaThread "pool-1-thread-2" [_thread_in_vm, id=10684, stack(0x000000000c110000,0x000000000c210000)]
  0x0000000009eca800 JavaThread "pool-2-thread-1" [_thread_blocked, id=10996, stack(0x000000000bf80000,0x000000000c080000)]
  0x0000000009ece800 JavaThread "pool-1-thread-1" [_thread_blocked, id=668, stack(0x000000000bd80000,0x000000000be80000)]
  0x0000000008f19800 JavaThread "Service Thread" daemon [_thread_blocked, id=10160, stack(0x000000000b820000,0x000000000b920000)]
  0x0000000008f17800 JavaThread "C2 CompilerThread1" daemon [_thread_in_vm, id=7636, stack(0x000000000b650000,0x000000000b750000)]
=>0x0000000008f13000 JavaThread "C2 CompilerThread0" daemon [_thread_in_native, id=6952, stack(0x000000000b550000,0x000000000b650000)]
  0x0000000008f12000 JavaThread "Attach Listener" daemon [_thread_blocked, id=10248, stack(0x000000000b3d0000,0x000000000b4d0000)]
  0x0000000008f11800 JavaThread "Signal Dispatcher" daemon [_thread_blocked, id=10216, stack(0x000000000afc0000,0x000000000b0c0000)]
  0x0000000008f01800 JavaThread "Finalizer" daemon [_thread_blocked, id=10912, stack(0x000000000b150000,0x000000000b250000)]
  0x0000000002319800 JavaThread "Reference Handler" daemon [_thread_blocked, id=9124, stack(0x000000000ae80000,0x000000000af80000)]
  0x000000000221e800 JavaThread "main" [_thread_in_vm, id=11020, stack(0x0000000002620000,0x0000000002720000)]

Other Threads:
  0x0000000008efe000 VMThread [stack: 0x000000000acd0000,0x000000000add0000] [id=4068]
  0x0000000008f1e800 WatcherThread [stack: 0x000000000b950000,0x000000000ba50000] [id=10276]

VM state:not at safepoint (normal execution)

VM Mutex/Monitor currently owned by a thread:  ([mutex/lock_event])
[0x0000000002219090] CodeCache_lock - owner thread: 0x0000000008f17800
[0x000000000221d3d0] Compile_lock - owner thread: 0x0000000008f17800
[0x000000000221d4d0] MethodCompileQueue_lock - owner thread: 0x0000000008f17800

Heap
 PSYoungGen      total 38400K, used 28651K [0x00000000eaa80000, 0x00000000ed500000, 0x0000000100000000)
  eden space 33280K, 86% used [0x00000000eaa80000,0x00000000ec67ae48,0x00000000ecb00000)
  from space 5120K, 0% used [0x00000000ed000000,0x00000000ed000000,0x00000000ed500000)
  to   space 5120K, 0% used [0x00000000ecb00000,0x00000000ecb00000,0x00000000ed000000)
 ParOldGen       total 86016K, used 0K [0x00000000c0000000, 0x00000000c5400000, 0x00000000eaa80000)
  object space 86016K, 0% used [0x00000000c0000000,0x00000000c0000000,0x00000000c5400000)
 PSPermGen       total 21504K, used 5704K [0x00000000bae00000, 0x00000000bc300000, 0x00000000c0000000)
  object space 21504K, 26% used [0x00000000bae00000,0x00000000bb3923a8,0x00000000bc300000)

Card table byte_map: [0x0000000005720000,0x0000000005950000] byte_map_base: 0x0000000005149000

Polling page: 0x0000000000130000

Code Cache  [0x0000000002720000, 0x0000000002990000, 0x0000000005720000)
 total_blobs=444 nmethods=204 adapters=189 free_code_cache=48334Kb largest_free_block=49474368

Compilation events (10 events):
Event: 1.937 Thread 0x0000000008f17800 nmethod 201 0x00000000027c5290 code [0x00000000027c53c0, 0x00000000027c5418]
Event: 1.956 Thread 0x0000000008f17800  202             com.android.dx.ssa.SsaRenamer::access$000 (5 bytes)
Event: 1.957 Thread 0x0000000008f17800 nmethod 202 0x00000000027dd850 code [0x00000000027dd980, 0x00000000027dd9d8]
Event: 1.966 Thread 0x0000000008f17800  203             java.lang.Float::isNaN (12 bytes)
Event: 1.968 Thread 0x0000000008f17800 nmethod 203 0x00000000027dd650 code [0x00000000027dd780, 0x00000000027dd7d8]
Event: 1.968 Thread 0x0000000008f17800  204             java.util.HashMap::<init> (119 bytes)
Event: 1.970 Thread 0x0000000008f17800 nmethod 204 0x00000000027dd350 code [0x00000000027dd4a0, 0x00000000027dd598]
Event: 1.970 Thread 0x0000000008f17800  205             java.util.HashMap::init (1 bytes)
Event: 1.970 Thread 0x0000000008f17800 nmethod 205 0x00000000027dd150 code [0x00000000027dd280, 0x00000000027dd2d8]
Event: 1.970 Thread 0x0000000008f17800  206   !         com.android.dx.util.IntList::set (53 bytes)

GC Heap History (0 events):
No events

Deoptimization events (1 events):
Event: 0.926 Thread 0x0000000009ed5000 Uncommon trap: reason=null_check action=make_not_entrant pc=0x000000000279db90 method=com.android.dx.rop.code.LocalItem.equals(Ljava/lang/Object;)Z @ 1

Internal exceptions (10 events):
Event: 0.409 Thread 0x0000000009ed6000 Threw 0x00000000eb159ac0 at C:\re\jdk7u79\2331\hotspot\src\share\vm\prims\jvm.cpp:1304
Event: 0.412 Thread 0x0000000009ed6000 Threw 0x00000000eb15fae8 at C:\re\jdk7u79\2331\hotspot\src\share\vm\prims\jvm.cpp:1304
Event: 0.413 Thread 0x0000000009ed6000 Threw 0x00000000eb163fc8 at C:\re\jdk7u79\2331\hotspot\src\share\vm\prims\jvm.cpp:1304
Event: 0.421 Thread 0x0000000009ed6000 Threw 0x00000000eb17c618 at C:\re\jdk7u79\2331\hotspot\src\share\vm\prims\jvm.cpp:1304
Event: 0.441 Thread 0x0000000009ed5000 Threw 0x00000000eb289bd0 at C:\re\jdk7u79\2331\hotspot\src\share\vm\prims\jvm.cpp:1304
Event: 0.481 Thread 0x0000000009ece800 Threw 0x00000000eb1fdb10 at C:\re\jdk7u79\2331\hotspot\src\share\vm\prims\jvm.cpp:1304
Event: 0.806 Thread 0x0000000009ece800 Threw 0x00000000eb24a938 at C:\re\jdk7u79\2331\hotspot\src\share\vm\prims\jvm.cpp:1304
Event: 0.878 Thread 0x0000000009ece800 Threw 0x00000000eb925560 at C:\re\jdk7u79\2331\hotspot\src\share\vm\prims\jvm.cpp:1304
Event: 0.926 Thread 0x0000000009ed5000 Implicit null exception at 0x000000000279d83d to 0x000000000279db75
Event: 1.374 Thread 0x000000000221e800 Threw 0x00000000eb77b708 at C:\re\jdk7u79\2331\hotspot\src\share\vm\prims\jvm.cpp:1304

Events (10 events):
Event: 0.878 loading class 0x0000000009eea540 done
Event: 0.879 loading class 0x0000000008d51130
Event: 0.879 loading class 0x0000000008d51130 done
Event: 0.879 loading class 0x0000000008d51100
Event: 0.879 loading class 0x0000000008d51100 done
Event: 0.926 Thread 0x0000000009ed5000 Uncommon trap: trap_request=0xfffffff4 fr.pc=0x000000000279db90
Event: 0.926 Thread 0x0000000009ed5000 DEOPT PACKING pc=0x000000000279db90 sp=0x000000000c20ea40
Event: 0.926 Thread 0x0000000009ed5000 DEOPT UNPACKING pc=0x00000000027575a4 sp=0x000000000c20e980 mode 2
Event: 1.374 loading class 0x0000000008f18df0
Event: 1.374 loading class 0x0000000008f18df0 done


Dynamic libraries:
0x000000013fe00000 - 0x000000013fe33000 	C:\Program Files\Java\jdk1.7.0_79\bin\java.exe
0x0000000077080000 - 0x0000000077229000 	C:\Windows\SYSTEM32\ntdll.dll
0x0000000076e40000 - 0x0000000076f5f000 	C:\Windows\system32\kernel32.dll
0x000007fefce70000 - 0x000007fefcedc000 	C:\Windows\system32\KERNELBASE.dll
0x000007fefd1f0000 - 0x000007fefd2cb000 	C:\Windows\system32\ADVAPI32.dll
0x000007fefdb60000 - 0x000007fefdbff000 	C:\Windows\system32\msvcrt.dll
0x000007feff290000 - 0x000007feff2af000 	C:\Windows\SYSTEM32\sechost.dll
0x000007fefd9c0000 - 0x000007fefdaed000 	C:\Windows\system32\RPCRT4.dll
0x0000000076f80000 - 0x000000007707a000 	C:\Windows\system32\USER32.dll
0x000007fefdd00000 - 0x000007fefdd67000 	C:\Windows\system32\GDI32.dll
0x000007feff2b0000 - 0x000007feff2be000 	C:\Windows\system32\LPK.dll
0x000007feff2c0000 - 0x000007feff389000 	C:\Windows\system32\USP10.dll
0x000007fefb1f0000 - 0x000007fefb3e4000 	C:\Windows\WinSxS\amd64_microsoft.windows.common-controls_6595b64144ccf1df_6.0.7601.18837_none_fa3b1e3d17594757\COMCTL32.dll
0x000007fefd2d0000 - 0x000007fefd341000 	C:\Windows\system32\SHLWAPI.dll
0x000007fefe200000 - 0x000007fefe22e000 	C:\Windows\system32\IMM32.DLL
0x000007fefdee0000 - 0x000007fefdfe9000 	C:\Windows\system32\MSCTF.dll
0x000007fefcd60000 - 0x000007fefcd92000 	C:\Windows\system32\nvinitx.dll
0x0000000050f10000 - 0x0000000050fe2000 	C:\Program Files\Java\jdk1.7.0_79\jre\bin\msvcr100.dll
0x000000006e6e0000 - 0x000000006eeb5000 	C:\Program Files\Java\jdk1.7.0_79\jre\bin\server\jvm.dll
0x000007fef50d0000 - 0x000007fef50d9000 	C:\Windows\system32\WSOCK32.dll
0x000007fefdb10000 - 0x000007fefdb5d000 	C:\Windows\system32\WS2_32.dll
0x000007fefde50000 - 0x000007fefde58000 	C:\Windows\system32\NSI.dll
0x000007fefb9f0000 - 0x000007fefba2b000 	C:\Windows\system32\WINMM.dll
0x0000000077240000 - 0x0000000077247000 	C:\Windows\system32\PSAPI.DLL
0x0000000068a60000 - 0x0000000068a6f000 	C:\Program Files\Java\jdk1.7.0_79\jre\bin\verify.dll
0x0000000054e10000 - 0x0000000054e38000 	C:\Program Files\Java\jdk1.7.0_79\jre\bin\java.dll
0x00000000689d0000 - 0x00000000689e5000 	C:\Program Files\Java\jdk1.7.0_79\jre\bin\zip.dll
0x00000000551e0000 - 0x00000000551fa000 	C:\Program Files\Java\jdk1.7.0_79\jre\bin\net.dll
0x000007fefc5b0000 - 0x000007fefc605000 	C:\Windows\system32\mswsock.dll
0x000007fefc830000 - 0x000007fefc837000 	C:\Windows\System32\wship6.dll
0x0000000054df0000 - 0x0000000054e01000 	C:\Program Files\Java\jdk1.7.0_79\jre\bin\nio.dll

VM Arguments:
jvm_args: -Xmx1024M -Dfile.encoding=windows-1252 -Duser.country=US -Duser.language=en -Duser.variant 
java_command: com.android.dx.command.Main --dex --num-threads=4 --output C:\Users\rlucas\AndroidStudioProjects\FastRoute\app\build\intermediates\pre-dexed\debug\classes-4b5f8489e3d1e713c1655abd9843c9d92a13819c.jar C:\Users\rlucas\AndroidStudioProjects\FastRoute\app\build\intermediates\exploded-aar\com.google.android.gms\play-services-appindexing\7.8.0\jars\classes.jar
Launcher Type: SUN_STANDARD

Environment Variables:
JAVA_HOME=C:\jdk1.6.0_45
PATH=C:\Windows\system32;C:\Windows;C:\Windows\System32\Wbem;C:\Windows\System32\WindowsPowerShell\v1.0\;C:\Program Files (x86)\Common Files\Roxio Shared\OEM\DLLShared\;C:\Program Files (x86)\Common Files\Roxio Shared\OEM\DLLShared\;C:\Program Files (x86)\Common Files\Roxio Shared\OEM\12.0\DLLShared\;C:\Program Files (x86)\Roxio\OEM\AudioCore\;C:\Program Files\TortoiseSVN\bin;C:\bin\apache-ant-1.8.2\bin;C:\bin\php-5.5.6-Win32-VC11-x64;C:\Program Files (x86)\DAMIANI\Jasob 4.0;C:\Program Files (x86)\VisualSVN Server\bin;C:\Program Files (x86)\Loquendo\LTTS7\bin;C:\apache-ant-1.9.4\bin;C:\jdk1.6.0_45\bin;C:\Program Files (x86)\Genesis Mobile\Jasob 4.1;C:\Program Files (x86)\Microsoft SQL Server\100\Tools\Binn\;C:\Program Files\Microsoft SQL Server\100\Tools\Binn\;C:\Program Files\Microsoft SQL Server\100\DTS\Binn\;C:\Program Files (x86)\Microsoft SQL Server\100\Tools\Binn\VSShell\Common7\IDE\;C:\Program Files (x86)\Microsoft Visual Studio 9.0\Common7\IDE\PrivateAssemblies\;C:\Program Files (x86)\Microsoft SQL Server\100\DTS\Binn\;C:\PROGRA~2\Groovy\GROOVY~1.3\bin;C:\Users\rlucas\apache-maven-3.2.5\bin;C:\Program Files\Apache Software Foundation\Tomcat 6.0\bin;C:\Program Files (x86)\Skype\Phone\;.;;.;
USERNAME=rlucas
OS=Windows_NT
PROCESSOR_IDENTIFIER=Intel64 Family 6 Model 42 Stepping 7, GenuineIntel



---------------  S Y S T E M  ---------------

OS: Windows 7 , 64 bit Build 7601 Service Pack 1

CPU:total 8 (4 cores per cpu, 2 threads per core) family 6 model 42 stepping 7, cmov, cx8, fxsr, mmx, sse, sse2, sse3, ssse3, sse4.1, sse4.2, popcnt, avx, aes, ht, tsc, tscinvbit

Memory: 4k page, physical 8266684k(1124524k free), swap 9677768k(119128k free)

vm_info: Java HotSpot(TM) 64-Bit Server VM (24.79-b02) for windows-amd64 JRE (1.7.0_79-b15), built on Apr 10 2015 12:36:16 by "java_re" with unknown MS VC++:1600

time: Tue Sep 29 11:12:44 2015
elapsed time: 2 seconds

