#
# There is insufficient memory for the Java Runtime Environment to continue.
# Native memory allocation (malloc) failed to allocate 1102496 bytes for Chunk::new
# Possible reasons:
#   The system is out of physical RAM or swap space
#   In 32 bit mode, the process size limit was hit
# Possible solutions:
#   Reduce memory load on the system
#   Increase physical memory or swap space
#   Check if swap backing store is full
#   Use 64 bit Java on a 64 bit OS
#   Decrease Java heap size (-Xmx/-Xms)
#   Decrease number of Java threads
#   Decrease Java thread stack sizes (-Xss)
#   Set larger code cache with -XX:ReservedCodeCacheSize=
# This output file may be truncated or incomplete.
#
#  Out of Memory Error (allocation.cpp:323), pid=12540, tid=13100
#
# JRE version: Java(TM) SE Runtime Environment (7.0_79-b15) (build 1.7.0_79-b15)
# Java VM: Java HotSpot(TM) 64-Bit Server VM (24.79-b02 mixed mode windows-amd64 compressed oops)
# Failed to write core dump. Minidumps are not enabled by default on client versions of Windows
#

---------------  T H R E A D  ---------------

Current thread (0x0000000008b4d800):  JavaThread "C2 CompilerThread1" daemon [_thread_in_native, id=13100, stack(0x000000000b100000,0x000000000b200000)]

Stack: [0x000000000b100000,0x000000000b200000]
[error occurred during error reporting (printing stack bounds), id 0xc0000005]


[error occurred during error reporting (printing native stack), id 0xc0000005]


Current CompileTask:
C2:   1612  222             com.android.dx.ssa.SCCP::run (298 bytes)


---------------  P R O C E S S  ---------------

Java Threads: ( => current thread )
  0x0000000008e14000 JavaThread "pool-1-thread-4" [_thread_in_Java, id=8404, stack(0x000000000bf70000,0x000000000c070000)]
  0x0000000008e24000 JavaThread "pool-1-thread-3" [_thread_blocked, id=428, stack(0x000000000b350000,0x000000000b450000)]
  0x0000000008e1c800 JavaThread "pool-1-thread-2" [_thread_blocked, id=6388, stack(0x000000000be60000,0x000000000bf60000)]
  0x0000000008cd3000 JavaThread "pool-2-thread-1" [_thread_blocked, id=9668, stack(0x000000000bc20000,0x000000000bd20000)]
  0x0000000008df2800 JavaThread "pool-1-thread-1" [_thread_blocked, id=5808, stack(0x000000000bb20000,0x000000000bc20000)]
  0x0000000008c01000 JavaThread "Service Thread" daemon [_thread_blocked, id=7760, stack(0x000000000b4b0000,0x000000000b5b0000)]
=>0x0000000008b4d800 JavaThread "C2 CompilerThread1" daemon [_thread_in_native, id=13100, stack(0x000000000b100000,0x000000000b200000)]
  0x0000000008b49800 JavaThread "C2 CompilerThread0" daemon [_thread_in_native, id=8688, stack(0x000000000b250000,0x000000000b350000)]
  0x0000000008b48000 JavaThread "Attach Listener" daemon [_thread_blocked, id=11788, stack(0x000000000af60000,0x000000000b060000)]
  0x0000000008b47000 JavaThread "Signal Dispatcher" daemon [_thread_blocked, id=12796, stack(0x000000000ac50000,0x000000000ad50000)]
  0x0000000002158000 JavaThread "Finalizer" daemon [_thread_blocked, id=10236, stack(0x000000000adb0000,0x000000000aeb0000)]
  0x0000000002157800 JavaThread "Reference Handler" daemon [_thread_blocked, id=11492, stack(0x000000000a9f0000,0x000000000aaf0000)]
  0x0000000001d2e800 JavaThread "main" [_thread_blocked, id=7548, stack(0x0000000002320000,0x0000000002420000)]

Other Threads:
  0x0000000008b2e000 VMThread [stack: 0x000000000ab10000,0x000000000ac10000] [id=6120]
  0x0000000008c0a000 WatcherThread [stack: 0x000000000b630000,0x000000000b730000] [id=10560]

VM state:not at safepoint (normal execution)

VM Mutex/Monitor currently owned by a thread: None

Heap
 PSYoungGen      total 38400K, used 12042K [0x00000000eaa80000, 0x00000000ef580000, 0x0000000100000000)
  eden space 33280K, 20% used [0x00000000eaa80000,0x00000000eb148e60,0x00000000ecb00000)
  from space 5120K, 99% used [0x00000000ecb00000,0x00000000ecff9c68,0x00000000ed000000)
  to   space 5120K, 0% used [0x00000000ef080000,0x00000000ef080000,0x00000000ef580000)
 ParOldGen       total 86016K, used 1831K [0x00000000c0000000, 0x00000000c5400000, 0x00000000eaa80000)
  object space 86016K, 2% used [0x00000000c0000000,0x00000000c01c9c68,0x00000000c5400000)
 PSPermGen       total 21504K, used 5719K [0x00000000bae00000, 0x00000000bc300000, 0x00000000c0000000)
  object space 21504K, 26% used [0x00000000bae00000,0x00000000bb395c00,0x00000000bc300000)

Card table byte_map: [0x0000000005420000,0x0000000005650000] byte_map_base: 0x0000000004e49000

Polling page: 0x0000000000430000

Code Cache  [0x0000000002420000, 0x0000000002690000, 0x0000000005420000)
 total_blobs=469 nmethods=232 adapters=189 free_code_cache=48263Kb largest_free_block=49391488

Compilation events (10 events):
Event: 1.520 Thread 0x0000000008b49800 nmethod 229 0x00000000024e4110 code [0x00000000024e4260, 0x00000000024e4488]
Event: 1.520 Thread 0x0000000008b49800  230             java.lang.String::getChars (62 bytes)
Event: 1.521 Thread 0x0000000008b49800 nmethod 230 0x00000000024f5610 code [0x00000000024f5760, 0x00000000024f5878]
Event: 1.521 Thread 0x0000000008b49800  231             com.android.dx.rop.code.Rop::isCallLike (5 bytes)
Event: 1.522 Thread 0x0000000008b49800 nmethod 231 0x00000000024e3ed0 code [0x00000000024e4000, 0x00000000024e4058]
Event: 1.522 Thread 0x0000000008b49800  232             java.lang.AbstractStringBuilder::append (48 bytes)
Event: 1.527 Thread 0x0000000008b49800 nmethod 232 0x00000000024f6cd0 code [0x00000000024f6e20, 0x00000000024f71f8]
Event: 1.527 Thread 0x0000000008b49800  233             com.android.dx.ssa.SsaBasicBlock::newFromRop (183 bytes)
Event: 1.576 Thread 0x0000000008b49800 nmethod 233 0x0000000002502850 code [0x0000000002502ae0, 0x0000000002504020]
Event: 1.576 Thread 0x0000000008b49800  234             com.android.dx.ssa.SCCP::simulateBlock (54 bytes)

GC Heap History (2 events):
Event: 1.337 GC heap before
{Heap before GC invocations=1 (full 0):
 PSYoungGen      total 38400K, used 33280K [0x00000000eaa80000, 0x00000000ed500000, 0x0000000100000000)
  eden space 33280K, 100% used [0x00000000eaa80000,0x00000000ecb00000,0x00000000ecb00000)
  from space 5120K, 0% used [0x00000000ed000000,0x00000000ed000000,0x00000000ed500000)
  to   space 5120K, 0% used [0x00000000ecb00000,0x00000000ecb00000,0x00000000ed000000)
 ParOldGen       total 86016K, used 0K [0x00000000c0000000, 0x00000000c5400000, 0x00000000eaa80000)
  object space 86016K, 0% used [0x00000000c0000000,0x00000000c0000000,0x00000000c5400000)
 PSPermGen       total 21504K, used 5705K [0x00000000bae00000, 0x00000000bc300000, 0x00000000c0000000)
  object space 21504K, 26% used [0x00000000bae00000,0x00000000bb392408,0x00000000bc300000)
Event: 1.370 GC heap after
Heap after GC invocations=1 (full 0):
 PSYoungGen      total 38400K, used 5095K [0x00000000eaa80000, 0x00000000ef580000, 0x0000000100000000)
  eden space 33280K, 0% used [0x00000000eaa80000,0x00000000eaa80000,0x00000000ecb00000)
  from space 5120K, 99% used [0x00000000ecb00000,0x00000000ecff9c68,0x00000000ed000000)
  to   space 5120K, 0% used [0x00000000ef080000,0x00000000ef080000,0x00000000ef580000)
 ParOldGen       total 86016K, used 1831K [0x00000000c0000000, 0x00000000c5400000, 0x00000000eaa80000)
  object space 86016K, 2% used [0x00000000c0000000,0x00000000c01c9c68,0x00000000c5400000)
 PSPermGen       total 21504K, used 5705K [0x00000000bae00000, 0x00000000bc300000, 0x00000000c0000000)
  object space 21504K, 26% used [0x00000000bae00000,0x00000000bb392408,0x00000000bc300000)
}

Deoptimization events (6 events):
Event: 0.793 Thread 0x0000000008df2800 Uncommon trap: reason=class_check action=maybe_recompile pc=0x000000000249bd5c method=com.android.dx.ssa.NormalSsaInsn.accept(Lcom/android/dx/ssa/SsaInsn$Visitor;)V @ 9
Event: 0.802 Thread 0x0000000008df2800 Uncommon trap: reason=class_check action=maybe_recompile pc=0x000000000249bd5c method=com.android.dx.ssa.NormalSsaInsn.accept(Lcom/android/dx/ssa/SsaInsn$Visitor;)V @ 9
Event: 0.802 Thread 0x0000000008df2800 Uncommon trap: reason=class_check action=maybe_recompile pc=0x000000000249bd5c method=com.android.dx.ssa.NormalSsaInsn.accept(Lcom/android/dx/ssa/SsaInsn$Visitor;)V @ 9
Event: 0.830 Thread 0x0000000008e24000 Uncommon trap: reason=null_check action=make_not_entrant pc=0x000000000249eb78 method=com.android.dx.rop.code.LocalItem.equals(Ljava/lang/Object;)Z @ 1
Event: 0.844 Thread 0x0000000001d2e800 Uncommon trap: reason=class_check action=maybe_recompile pc=0x000000000249bd5c method=com.android.dx.ssa.NormalSsaInsn.accept(Lcom/android/dx/ssa/SsaInsn$Visitor;)V @ 9
Event: 1.095 Thread 0x0000000001d2e800 Uncommon trap: reason=null_check action=make_not_entrant pc=0x00000000024cb8d8 method=com.android.dx.rop.type.Type.putIntern(Lcom/android/dx/rop/type/Type;)Lcom/android/dx/rop/type/Type; @ 18

Internal exceptions (10 events):
Event: 0.561 Thread 0x0000000008df2800 Threw 0x00000000eb3bff00 at C:\re\jdk7u79\2331\hotspot\src\share\vm\prims\jvm.cpp:1304
Event: 0.563 Thread 0x0000000008df2800 Threw 0x00000000eb3c43e0 at C:\re\jdk7u79\2331\hotspot\src\share\vm\prims\jvm.cpp:1304
Event: 0.564 Thread 0x0000000008df2800 Threw 0x00000000eb3ca120 at C:\re\jdk7u79\2331\hotspot\src\share\vm\prims\jvm.cpp:1304
Event: 0.582 Thread 0x0000000001d2e800 Threw 0x00000000eb5175b0 at C:\re\jdk7u79\2331\hotspot\src\share\vm\prims\jvm.cpp:1304
Event: 0.591 Thread 0x0000000001d2e800 Threw 0x00000000eb531938 at C:\re\jdk7u79\2331\hotspot\src\share\vm\prims\jvm.cpp:1304
Event: 0.604 Thread 0x0000000008e1c800 Threw 0x00000000eb0d8e20 at C:\re\jdk7u79\2331\hotspot\src\share\vm\prims\jvm.cpp:1304
Event: 0.830 Thread 0x0000000008e24000 Implicit null exception at 0x000000000249e801 to 0x000000000249eb5d
Event: 1.095 Thread 0x0000000001d2e800 Implicit null exception at 0x00000000024cb1e3 to 0x00000000024cb8cd
Event: 1.114 Thread 0x0000000001d2e800 Threw 0x00000000ec1be110 at C:\re\jdk7u79\2331\hotspot\src\share\vm\prims\jvm.cpp:1304
Event: 1.305 Thread 0x0000000008df2800 Threw 0x00000000ec62be08 at C:\re\jdk7u79\2331\hotspot\src\share\vm\prims\jvm.cpp:1304

Events (10 events):
Event: 0.844 Thread 0x0000000001d2e800 DEOPT UNPACKING pc=0x00000000024575a4 sp=0x000000000241e380 mode 2
Event: 1.095 Thread 0x0000000001d2e800 Uncommon trap: trap_request=0xfffffff4 fr.pc=0x00000000024cb8d8
Event: 1.095 Thread 0x0000000001d2e800 DEOPT PACKING pc=0x00000000024cb8d8 sp=0x000000000241e9f0
Event: 1.095 Thread 0x0000000001d2e800 DEOPT UNPACKING pc=0x00000000024575a4 sp=0x000000000241e910 mode 2
Event: 1.114 loading class 0x0000000008c00750
Event: 1.114 loading class 0x0000000008c00750 done
Event: 1.305 loading class 0x0000000008cd1e20
Event: 1.305 loading class 0x0000000008cd1e20 done
Event: 1.335 Executing VM operation: ParallelGCFailedAllocation
Event: 1.370 Executing VM operation: ParallelGCFailedAllocation done


Dynamic libraries:
0x000000013f700000 - 0x000000013f733000 	C:\Program Files\Java\jdk1.7.0_79\bin\java.exe
0x0000000076f00000 - 0x00000000770a9000 	C:\Windows\SYSTEM32\ntdll.dll
0x0000000076ce0000 - 0x0000000076dff000 	C:\Windows\system32\kernel32.dll
0x000007fefccd0000 - 0x000007fefcd3c000 	C:\Windows\system32\KERNELBASE.dll
0x000007feff020000 - 0x000007feff0fb000 	C:\Windows\system32\ADVAPI32.dll
0x000007fefee40000 - 0x000007fefeedf000 	C:\Windows\system32\msvcrt.dll
0x000007feff000000 - 0x000007feff01f000 	C:\Windows\SYSTEM32\sechost.dll
0x000007fefe990000 - 0x000007fefeabd000 	C:\Windows\system32\RPCRT4.dll
0x0000000076e00000 - 0x0000000076efa000 	C:\Windows\system32\USER32.dll
0x000007fefe3a0000 - 0x000007fefe407000 	C:\Windows\system32\GDI32.dll
0x000007fefee30000 - 0x000007fefee3e000 	C:\Windows\system32\LPK.dll
0x000007fefde90000 - 0x000007fefdf59000 	C:\Windows\system32\USP10.dll
0x000007fefae40000 - 0x000007fefb034000 	C:\Windows\WinSxS\amd64_microsoft.windows.common-controls_6595b64144ccf1df_6.0.7601.18837_none_fa3b1e3d17594757\COMCTL32.dll
0x000007fefd070000 - 0x000007fefd0e1000 	C:\Windows\system32\SHLWAPI.dll
0x000007fefe890000 - 0x000007fefe8be000 	C:\Windows\system32\IMM32.DLL
0x000007feff100000 - 0x000007feff209000 	C:\Windows\system32\MSCTF.dll
0x000007fefcbe0000 - 0x000007fefcc12000 	C:\Windows\system32\nvinitx.dll
0x0000000067930000 - 0x0000000067a02000 	C:\Program Files\Java\jdk1.7.0_79\jre\bin\msvcr100.dll
0x000000006ecf0000 - 0x000000006f4c5000 	C:\Program Files\Java\jdk1.7.0_79\jre\bin\server\jvm.dll
0x000007fef4f50000 - 0x000007fef4f59000 	C:\Windows\system32\WSOCK32.dll
0x000007fefe8c0000 - 0x000007fefe90d000 	C:\Windows\system32\WS2_32.dll
0x000007fefde80000 - 0x000007fefde88000 	C:\Windows\system32\NSI.dll
0x000007fefb6b0000 - 0x000007fefb6eb000 	C:\Windows\system32\WINMM.dll
0x00000000770d0000 - 0x00000000770d7000 	C:\Windows\system32\PSAPI.DLL
0x0000000074430000 - 0x000000007443f000 	C:\Program Files\Java\jdk1.7.0_79\jre\bin\verify.dll
0x00000000743c0000 - 0x00000000743e8000 	C:\Program Files\Java\jdk1.7.0_79\jre\bin\java.dll
0x0000000074410000 - 0x0000000074425000 	C:\Program Files\Java\jdk1.7.0_79\jre\bin\zip.dll
0x00000000743a0000 - 0x00000000743ba000 	C:\Program Files\Java\jdk1.7.0_79\jre\bin\net.dll
0x000007fefc450000 - 0x000007fefc4a5000 	C:\Windows\system32\mswsock.dll
0x000007fefc440000 - 0x000007fefc447000 	C:\Windows\System32\wship6.dll
0x0000000074380000 - 0x0000000074391000 	C:\Program Files\Java\jdk1.7.0_79\jre\bin\nio.dll

VM Arguments:
jvm_args: -Xmx1024M -Dfile.encoding=windows-1252 -Duser.country=US -Duser.language=en -Duser.variant 
java_command: com.android.dx.command.Main --dex --num-threads=4 --output C:\Users\rlucas\AndroidStudioProjects\FastRoute\app\build\intermediates\pre-dexed\debug\classes-98a9c618faf987aede08c3e15a81ecd153df35c0.jar C:\Users\rlucas\AndroidStudioProjects\FastRoute\app\build\intermediates\exploded-aar\com.google.android.gms\play-services-fitness\7.8.0\jars\classes.jar
Launcher Type: SUN_STANDARD

Environment Variables:
JAVA_HOME=C:\jdk1.6.0_45
PATH=C:\Windows\system32;C:\Windows;C:\Windows\System32\Wbem;C:\Windows\System32\WindowsPowerShell\v1.0\;C:\Program Files (x86)\Common Files\Roxio Shared\OEM\DLLShared\;C:\Program Files (x86)\Common Files\Roxio Shared\OEM\DLLShared\;C:\Program Files (x86)\Common Files\Roxio Shared\OEM\12.0\DLLShared\;C:\Program Files (x86)\Roxio\OEM\AudioCore\;C:\Program Files\TortoiseSVN\bin;C:\bin\apache-ant-1.8.2\bin;C:\bin\php-5.5.6-Win32-VC11-x64;C:\Program Files (x86)\DAMIANI\Jasob 4.0;C:\Program Files (x86)\VisualSVN Server\bin;C:\Program Files (x86)\Loquendo\LTTS7\bin;C:\apache-ant-1.9.4\bin;C:\jdk1.6.0_45\bin;C:\Program Files (x86)\Genesis Mobile\Jasob 4.1;C:\Program Files (x86)\Microsoft SQL Server\100\Tools\Binn\;C:\Program Files\Microsoft SQL Server\100\Tools\Binn\;C:\Program Files\Microsoft SQL Server\100\DTS\Binn\;C:\Program Files (x86)\Microsoft SQL Server\100\Tools\Binn\VSShell\Common7\IDE\;C:\Program Files (x86)\Microsoft Visual Studio 9.0\Common7\IDE\PrivateAssemblies\;C:\Program Files (x86)\Microsoft SQL Server\100\DTS\Binn\;C:\PROGRA~2\Groovy\GROOVY~1.3\bin;C:\Users\rlucas\apache-maven-3.2.5\bin;C:\Program Files\Apache Software Foundation\Tomcat 6.0\bin;C:\Program Files (x86)\Skype\Phone\;.;;.;;.;
USERNAME=rlucas
OS=Windows_NT
PROCESSOR_IDENTIFIER=Intel64 Family 6 Model 42 Stepping 7, GenuineIntel



---------------  S Y S T E M  ---------------

OS: Windows 7 , 64 bit Build 7601 Service Pack 1

CPU:total 8 (4 cores per cpu, 2 threads per core) family 6 model 42 stepping 7, cmov, cx8, fxsr, mmx, sse, sse2, sse3, ssse3, sse4.1, sse4.2, popcnt, avx, aes, ht, tsc, tscinvbit

Memory: 4k page, physical 8266684k(71816k free), swap 10070448k(21236k free)

vm_info: Java HotSpot(TM) 64-Bit Server VM (24.79-b02) for windows-amd64 JRE (1.7.0_79-b15), built on Apr 10 2015 12:36:16 by "java_re" with unknown MS VC++:1600

time: Fri Sep 18 15:26:01 2015
elapsed time: 1 seconds

