#
# There is insufficient memory for the Java Runtime Environment to continue.
# Native memory allocation (malloc) failed to allocate 1821616 bytes for Chunk::new
# Possible reasons:
#   The system is out of physical RAM or swap space
#   In 32 bit mode, the process size limit was hit
# Possible solutions:
#   Reduce memory load on the system
#   Increase physical memory or swap space
#   Check if swap backing store is full
#   Use 64 bit Java on a 64 bit OS
#   Decrease Java heap size (-Xmx/-Xms)
#   Decrease number of Java threads
#   Decrease Java thread stack sizes (-Xss)
#   Set larger code cache with -XX:ReservedCodeCacheSize=
# This output file may be truncated or incomplete.
#
#  Out of Memory Error (allocation.cpp:323), pid=11604, tid=1496
#
# JRE version: Java(TM) SE Runtime Environment (7.0_79-b15) (build 1.7.0_79-b15)
# Java VM: Java HotSpot(TM) 64-Bit Server VM (24.79-b02 mixed mode windows-amd64 compressed oops)
# Failed to write core dump. Minidumps are not enabled by default on client versions of Windows
#

---------------  T H R E A D  ---------------

Current thread (0x0000000009aa4000):  JavaThread "C2 CompilerThread1" daemon [_thread_in_native, id=1496, stack(0x000000000b120000,0x000000000b220000)]

Stack: [0x000000000b120000,0x000000000b220000]
[error occurred during error reporting (printing stack bounds), id 0xc0000005]

Native frames: (J=compiled Java code, j=interpreted, Vv=VM code, C=native code)
C  0x000000000cbd99e0


Current CompileTask:
C2:   4439  356   !         com.android.dx.cf.cst.ConstantPoolParser::parse0 (731 bytes)


---------------  P R O C E S S  ---------------

Java Threads: ( => current thread )
  0x0000000009aae000 JavaThread "Service Thread" daemon [_thread_blocked, id=9520, stack(0x000000000b490000,0x000000000b590000)]
=>0x0000000009aa4000 JavaThread "C2 CompilerThread1" daemon [_thread_in_native, id=1496, stack(0x000000000b120000,0x000000000b220000)]
  0x0000000008b1b800 JavaThread "C2 CompilerThread0" daemon [_thread_in_native, id=5736, stack(0x000000000b2f0000,0x000000000b3f0000)]
  0x0000000008b1a000 JavaThread "Attach Listener" daemon [_thread_blocked, id=2576, stack(0x000000000b020000,0x000000000b120000)]
  0x0000000008b19800 JavaThread "Signal Dispatcher" daemon [_thread_blocked, id=12832, stack(0x000000000ae50000,0x000000000af50000)]
  0x00000000021df000 JavaThread "Finalizer" daemon [_thread_blocked, id=13240, stack(0x000000000ad20000,0x000000000ae20000)]
  0x0000000008b01800 JavaThread "Reference Handler" daemon [_thread_blocked, id=11124, stack(0x000000000abf0000,0x000000000acf0000)]
  0x00000000021ee800 JavaThread "main" [_thread_in_vm, id=11648, stack(0x0000000002530000,0x0000000002630000)]

Other Threads:
  0x0000000008afe000 VMThread [stack: 0x000000000aac0000,0x000000000abc0000] [id=9628]
  0x0000000009aba800 WatcherThread [stack: 0x000000000b640000,0x000000000b740000] [id=12596]

VM state:not at safepoint (normal execution)

VM Mutex/Monitor currently owned by a thread: None

Heap
 PSYoungGen      total 71680K, used 33117K [0x00000000eaa80000, 0x00000000f3680000, 0x0000000100000000)
  eden space 66560K, 42% used [0x00000000eaa80000,0x00000000ec5dae00,0x00000000eeb80000)
  from space 5120K, 99% used [0x00000000eeb80000,0x00000000ef07c6d0,0x00000000ef080000)
  to   space 5120K, 0% used [0x00000000f3180000,0x00000000f3180000,0x00000000f3680000)
 ParOldGen       total 86016K, used 15283K [0x00000000c0000000, 0x00000000c5400000, 0x00000000eaa80000)
  object space 86016K, 17% used [0x00000000c0000000,0x00000000c0eecc80,0x00000000c5400000)
 PSPermGen       total 21504K, used 5923K [0x00000000bae00000, 0x00000000bc300000, 0x00000000c0000000)
  object space 21504K, 27% used [0x00000000bae00000,0x00000000bb3c8fa0,0x00000000bc300000)

Card table byte_map: [0x0000000005630000,0x0000000005860000] byte_map_base: 0x0000000005059000

Polling page: 0x0000000000230000

Code Cache  [0x0000000002630000, 0x00000000028a0000, 0x0000000005630000)
 total_blobs=596 nmethods=359 adapters=189 free_code_cache=47453Kb largest_free_block=48544256

Compilation events (10 events):
Event: 4.232 Thread 0x0000000009aa4000 nmethod 355 0x00000000027a2e90 code [0x00000000027a2fe0, 0x00000000027a3158]
Event: 4.232 Thread 0x0000000009aa4000  356   !         com.android.dx.cf.cst.ConstantPoolParser::parse0 (731 bytes)
Event: 4.237 Thread 0x0000000008b1b800 nmethod 349 0x00000000027d96d0 code [0x00000000027d9900, 0x00000000027da328]
Event: 4.238 Thread 0x0000000008b1b800  357             com.android.dx.ssa.PhiTypeResolver::run (179 bytes)
Event: 4.323 Thread 0x0000000008b1b800 nmethod 357 0x00000000027de990 code [0x00000000027ded00, 0x00000000027e0d08]
Event: 4.323 Thread 0x0000000008b1b800  358             com.android.dx.cf.code.ByteBlock::<init> (181 bytes)
Event: 4.326 Thread 0x0000000008b1b800 nmethod 358 0x00000000027a2950 code [0x00000000027a2aa0, 0x00000000027a2cb8]
Event: 4.327 Thread 0x0000000008b1b800  359             com.android.dx.cf.code.ExecutionStack::size (5 bytes)
Event: 4.327 Thread 0x0000000008b1b800 nmethod 359 0x00000000027a2690 code [0x00000000027a27c0, 0x00000000027a2818]
Event: 4.327 Thread 0x0000000008b1b800  360             com.android.dx.ssa.back.FirstFitLocalCombiningAllocator::handleNormalUnassociated (99 bytes)

GC Heap History (6 events):
Event: 1.213 GC heap before
{Heap before GC invocations=1 (full 0):
 PSYoungGen      total 38400K, used 33280K [0x00000000eaa80000, 0x00000000ed500000, 0x0000000100000000)
  eden space 33280K, 100% used [0x00000000eaa80000,0x00000000ecb00000,0x00000000ecb00000)
  from space 5120K, 0% used [0x00000000ed000000,0x00000000ed000000,0x00000000ed500000)
  to   space 5120K, 0% used [0x00000000ecb00000,0x00000000ecb00000,0x00000000ed000000)
 ParOldGen       total 86016K, used 0K [0x00000000c0000000, 0x00000000c5400000, 0x00000000eaa80000)
  object space 86016K, 0% used [0x00000000c0000000,0x00000000c0000000,0x00000000c5400000)
 PSPermGen       total 21504K, used 5700K [0x00000000bae00000, 0x00000000bc300000, 0x00000000c0000000)
  object space 21504K, 26% used [0x00000000bae00000,0x00000000bb3912a0,0x00000000bc300000)
Event: 1.440 GC heap after
Heap after GC invocations=1 (full 0):
 PSYoungGen      total 38400K, used 5110K [0x00000000eaa80000, 0x00000000ef580000, 0x0000000100000000)
  eden space 33280K, 0% used [0x00000000eaa80000,0x00000000eaa80000,0x00000000ecb00000)
  from space 5120K, 99% used [0x00000000ecb00000,0x00000000ecffdbc8,0x00000000ed000000)
  to   space 5120K, 0% used [0x00000000ef080000,0x00000000ef080000,0x00000000ef580000)
 ParOldGen       total 86016K, used 1194K [0x00000000c0000000, 0x00000000c5400000, 0x00000000eaa80000)
  object space 86016K, 1% used [0x00000000c0000000,0x00000000c012a830,0x00000000c5400000)
 PSPermGen       total 21504K, used 5700K [0x00000000bae00000, 0x00000000bc300000, 0x00000000c0000000)
  object space 21504K, 26% used [0x00000000bae00000,0x00000000bb3912a0,0x00000000bc300000)
}
Event: 2.383 GC heap before
{Heap before GC invocations=2 (full 0):
 PSYoungGen      total 38400K, used 38390K [0x00000000eaa80000, 0x00000000ef580000, 0x0000000100000000)
  eden space 33280K, 100% used [0x00000000eaa80000,0x00000000ecb00000,0x00000000ecb00000)
  from space 5120K, 99% used [0x00000000ecb00000,0x00000000ecffdbc8,0x00000000ed000000)
  to   space 5120K, 0% used [0x00000000ef080000,0x00000000ef080000,0x00000000ef580000)
 ParOldGen       total 86016K, used 1194K [0x00000000c0000000, 0x00000000c5400000, 0x00000000eaa80000)
  object space 86016K, 1% used [0x00000000c0000000,0x00000000c012a830,0x00000000c5400000)
 PSPermGen       total 21504K, used 5791K [0x00000000bae00000, 0x00000000bc300000, 0x00000000c0000000)
  object space 21504K, 26% used [0x00000000bae00000,0x00000000bb3a7e08,0x00000000bc300000)
Event: 2.438 GC heap after
Heap after GC invocations=2 (full 0):
 PSYoungGen      total 71680K, used 5116K [0x00000000eaa80000, 0x00000000ef580000, 0x0000000100000000)
  eden space 66560K, 0% used [0x00000000eaa80000,0x00000000eaa80000,0x00000000eeb80000)
  from space 5120K, 99% used [0x00000000ef080000,0x00000000ef57f160,0x00000000ef580000)
  to   space 5120K, 0% used [0x00000000eeb80000,0x00000000eeb80000,0x00000000ef080000)
 ParOldGen       total 86016K, used 5594K [0x00000000c0000000, 0x00000000c5400000, 0x00000000eaa80000)
  object space 86016K, 6% used [0x00000000c0000000,0x00000000c0576b20,0x00000000c5400000)
 PSPermGen       total 21504K, used 5791K [0x00000000bae00000, 0x00000000bc300000, 0x00000000c0000000)
  object space 21504K, 26% used [0x00000000bae00000,0x00000000bb3a7e08,0x00000000bc300000)
}
Event: 3.603 GC heap before
{Heap before GC invocations=3 (full 0):
 PSYoungGen      total 71680K, used 71676K [0x00000000eaa80000, 0x00000000ef580000, 0x0000000100000000)
  eden space 66560K, 100% used [0x00000000eaa80000,0x00000000eeb80000,0x00000000eeb80000)
  from space 5120K, 99% used [0x00000000ef080000,0x00000000ef57f160,0x00000000ef580000)
  to   space 5120K, 0% used [0x00000000eeb80000,0x00000000eeb80000,0x00000000ef080000)
 ParOldGen       total 86016K, used 5594K [0x00000000c0000000, 0x00000000c5400000, 0x00000000eaa80000)
  object space 86016K, 6% used [0x00000000c0000000,0x00000000c0576b20,0x00000000c5400000)
 PSPermGen       total 21504K, used 5849K [0x00000000bae00000, 0x00000000bc300000, 0x00000000c0000000)
  object space 21504K, 27% used [0x00000000bae00000,0x00000000bb3b67a0,0x00000000bc300000)
Event: 3.888 GC heap after
Heap after GC invocations=3 (full 0):
 PSYoungGen      total 71680K, used 5105K [0x00000000eaa80000, 0x00000000f3680000, 0x0000000100000000)
  eden space 66560K, 0% used [0x00000000eaa80000,0x00000000eaa80000,0x00000000eeb80000)
  from space 5120K, 99% used [0x00000000eeb80000,0x00000000ef07c6d0,0x00000000ef080000)
  to   space 5120K, 0% used [0x00000000f3180000,0x00000000f3180000,0x00000000f3680000)
 ParOldGen       total 86016K, used 15283K [0x00000000c0000000, 0x00000000c5400000, 0x00000000eaa80000)
  object space 86016K, 17% used [0x00000000c0000000,0x00000000c0eecc80,0x00000000c5400000)
 PSPermGen       total 21504K, used 5849K [0x00000000bae00000, 0x00000000bc300000, 0x00000000c0000000)
  object space 21504K, 27% used [0x00000000bae00000,0x00000000bb3b67a0,0x00000000bc300000)
}

Deoptimization events (10 events):
Event: 3.109 Thread 0x0000000009cc5800 Uncommon trap: reason=class_check action=maybe_recompile pc=0x0000000002708c70 method=java.util.HashMap.put(Ljava/lang/Object;Ljava/lang/Object;)Ljava/lang/Object; @ 83
Event: 3.114 Thread 0x0000000009ccf800 Uncommon trap: reason=class_check action=maybe_recompile pc=0x00000000026be23c method=com.android.dx.ssa.NormalSsaInsn.accept(Lcom/android/dx/ssa/SsaInsn$Visitor;)V @ 9
Event: 3.191 Thread 0x0000000009cce000 Uncommon trap: reason=bimorphic action=maybe_recompile pc=0x00000000027981ec method=com.android.dx.ssa.SCCP.simulatePhi(Lcom/android/dx/ssa/PhiInsn;)V @ 124
Event: 3.191 Thread 0x0000000009cce000 Uncommon trap: reason=bimorphic action=maybe_recompile pc=0x00000000027981ec method=com.android.dx.ssa.SCCP.simulatePhi(Lcom/android/dx/ssa/PhiInsn;)V @ 124
Event: 3.192 Thread 0x0000000009cce000 Uncommon trap: reason=bimorphic action=maybe_recompile pc=0x00000000027981ec method=com.android.dx.ssa.SCCP.simulatePhi(Lcom/android/dx/ssa/PhiInsn;)V @ 124
Event: 3.192 Thread 0x0000000009cce000 Uncommon trap: reason=bimorphic action=maybe_recompile pc=0x00000000027981ec method=com.android.dx.ssa.SCCP.simulatePhi(Lcom/android/dx/ssa/PhiInsn;)V @ 124
Event: 3.325 Thread 0x0000000009cce000 Uncommon trap: reason=bimorphic action=maybe_recompile pc=0x000000000279f044 method=com.android.dx.ssa.SCCP.setLatticeValueTo(IILcom/android/dx/rop/cst/Constant;)Z @ 43
Event: 3.328 Thread 0x0000000009cce000 Uncommon trap: reason=class_check action=maybe_recompile pc=0x00000000026be23c method=com.android.dx.ssa.NormalSsaInsn.accept(Lcom/android/dx/ssa/SsaInsn$Visitor;)V @ 9
Event: 3.340 Thread 0x0000000009ccf800 Uncommon trap: reason=class_check action=maybe_recompile pc=0x00000000026be23c method=com.android.dx.ssa.NormalSsaInsn.accept(Lcom/android/dx/ssa/SsaInsn$Visitor;)V @ 9
Event: 3.363 Thread 0x0000000009ccf800 Uncommon trap: reason=bimorphic action=maybe_recompile pc=0x000000000279f044 method=com.android.dx.ssa.SCCP.setLatticeValueTo(IILcom/android/dx/rop/cst/Constant;)Z @ 43

Internal exceptions (10 events):
Event: 1.209 Thread 0x0000000009ccf800 Threw 0x00000000eca93f58 at C:\re\jdk7u79\2331\hotspot\src\share\vm\prims\jvm.cpp:1304
Event: 1.514 Thread 0x0000000009cc5800 Implicit null exception at 0x00000000026f1795 to 0x00000000026f2b15
Event: 1.727 Thread 0x0000000009cc5800 Threw 0x00000000eb6ddb38 at C:\re\jdk7u79\2331\hotspot\src\share\vm\prims\jvm.cpp:1304
Event: 1.830 Thread 0x00000000021ee800 Implicit null exception at 0x000000000270fd5b to 0x0000000002710455
Event: 2.912 Thread 0x0000000009ccf800 Implicit null exception at 0x0000000002774230 to 0x00000000027788b1
Event: 3.134 Thread 0x00000000021ee800 Threw 0x00000000eccd9d90 at C:\re\jdk7u79\2331\hotspot\src\share\vm\prims\jvm.cpp:1304
Event: 3.207 Thread 0x0000000009ccf800 Threw 0x00000000ed549610 at C:\re\jdk7u79\2331\hotspot\src\share\vm\prims\jvm.cpp:1304
Event: 3.397 Thread 0x0000000009ccf800 Threw 0x00000000ee5c8670 at C:\re\jdk7u79\2331\hotspot\src\share\vm\prims\jvm.cpp:1304
Event: 4.351 Thread 0x00000000021ee800 Threw 0x00000000ebc7f530 at C:\re\jdk7u79\2331\hotspot\src\share\vm\prims\jvm.cpp:1304
Event: 4.386 Thread 0x00000000021ee800 Threw 0x00000000ec555e78 at C:\re\jdk7u79\2331\hotspot\src\share\vm\prims\jvm.cpp:1304

Events (10 events):
Event: 4.344 loading class 0x0000000009b4a440 done
Event: 4.344 loading class 0x0000000009abdf50 done
Event: 4.344 loading class 0x0000000009abdf20
Event: 4.344 loading class 0x0000000009abdf20 done
Event: 4.346 loading class 0x0000000008957040
Event: 4.346 loading class 0x0000000008957040 done
Event: 4.351 loading class 0x0000000009cb4d00
Event: 4.351 loading class 0x0000000009cb4d00 done
Event: 4.386 loading class 0x0000000009cbf0e0
Event: 4.386 loading class 0x0000000009cbf0e0 done


Dynamic libraries:
0x000000013f700000 - 0x000000013f733000 	C:\Program Files\Java\jdk1.7.0_79\bin\java.exe
0x0000000076f00000 - 0x00000000770a9000 	C:\Windows\SYSTEM32\ntdll.dll
0x0000000076ce0000 - 0x0000000076dff000 	C:\Windows\system32\kernel32.dll
0x000007fefccd0000 - 0x000007fefcd3c000 	C:\Windows\system32\KERNELBASE.dll
0x000007feff020000 - 0x000007feff0fb000 	C:\Windows\system32\ADVAPI32.dll
0x000007fefee40000 - 0x000007fefeedf000 	C:\Windows\system32\msvcrt.dll
0x000007feff000000 - 0x000007feff01f000 	C:\Windows\SYSTEM32\sechost.dll
0x000007fefe990000 - 0x000007fefeabd000 	C:\Windows\system32\RPCRT4.dll
0x0000000076e00000 - 0x0000000076efa000 	C:\Windows\system32\USER32.dll
0x000007fefe3a0000 - 0x000007fefe407000 	C:\Windows\system32\GDI32.dll
0x000007fefee30000 - 0x000007fefee3e000 	C:\Windows\system32\LPK.dll
0x000007fefde90000 - 0x000007fefdf59000 	C:\Windows\system32\USP10.dll
0x000007fefae40000 - 0x000007fefb034000 	C:\Windows\WinSxS\amd64_microsoft.windows.common-controls_6595b64144ccf1df_6.0.7601.18837_none_fa3b1e3d17594757\COMCTL32.dll
0x000007fefd070000 - 0x000007fefd0e1000 	C:\Windows\system32\SHLWAPI.dll
0x000007fefe890000 - 0x000007fefe8be000 	C:\Windows\system32\IMM32.DLL
0x000007feff100000 - 0x000007feff209000 	C:\Windows\system32\MSCTF.dll
0x000007fefcbe0000 - 0x000007fefcc12000 	C:\Windows\system32\nvinitx.dll
0x0000000067930000 - 0x0000000067a02000 	C:\Program Files\Java\jdk1.7.0_79\jre\bin\msvcr100.dll
0x000000006ecf0000 - 0x000000006f4c5000 	C:\Program Files\Java\jdk1.7.0_79\jre\bin\server\jvm.dll
0x000007fef4f50000 - 0x000007fef4f59000 	C:\Windows\system32\WSOCK32.dll
0x000007fefe8c0000 - 0x000007fefe90d000 	C:\Windows\system32\WS2_32.dll
0x000007fefde80000 - 0x000007fefde88000 	C:\Windows\system32\NSI.dll
0x000007fefb6b0000 - 0x000007fefb6eb000 	C:\Windows\system32\WINMM.dll
0x00000000770d0000 - 0x00000000770d7000 	C:\Windows\system32\PSAPI.DLL
0x0000000074430000 - 0x000000007443f000 	C:\Program Files\Java\jdk1.7.0_79\jre\bin\verify.dll
0x00000000743c0000 - 0x00000000743e8000 	C:\Program Files\Java\jdk1.7.0_79\jre\bin\java.dll
0x0000000074410000 - 0x0000000074425000 	C:\Program Files\Java\jdk1.7.0_79\jre\bin\zip.dll
0x00000000743a0000 - 0x00000000743ba000 	C:\Program Files\Java\jdk1.7.0_79\jre\bin\net.dll
0x000007fefc450000 - 0x000007fefc4a5000 	C:\Windows\system32\mswsock.dll
0x000007fefc440000 - 0x000007fefc447000 	C:\Windows\System32\wship6.dll
0x0000000074380000 - 0x0000000074391000 	C:\Program Files\Java\jdk1.7.0_79\jre\bin\nio.dll
0x000007fef0880000 - 0x000007fef09a5000 	C:\Windows\system32\dbghelp.dll

VM Arguments:
jvm_args: -Xmx1024M -Dfile.encoding=windows-1252 -Duser.country=US -Duser.language=en -Duser.variant 
java_command: com.android.dx.command.Main --dex --num-threads=4 --output C:\Users\rlucas\AndroidStudioProjects\FastRoute\app\build\intermediates\pre-dexed\debug\classes-8ab82f0e0f6b08750a943078bd8202d474c0485a.jar C:\Users\rlucas\AndroidStudioProjects\FastRoute\app\build\intermediates\exploded-aar\com.google.android.gms\play-services-maps\7.8.0\jars\classes.jar
Launcher Type: SUN_STANDARD

Environment Variables:
JAVA_HOME=C:\jdk1.6.0_45
PATH=C:\Windows\system32;C:\Windows;C:\Windows\System32\Wbem;C:\Windows\System32\WindowsPowerShell\v1.0\;C:\Program Files (x86)\Common Files\Roxio Shared\OEM\DLLShared\;C:\Program Files (x86)\Common Files\Roxio Shared\OEM\DLLShared\;C:\Program Files (x86)\Common Files\Roxio Shared\OEM\12.0\DLLShared\;C:\Program Files (x86)\Roxio\OEM\AudioCore\;C:\Program Files\TortoiseSVN\bin;C:\bin\apache-ant-1.8.2\bin;C:\bin\php-5.5.6-Win32-VC11-x64;C:\Program Files (x86)\DAMIANI\Jasob 4.0;C:\Program Files (x86)\VisualSVN Server\bin;C:\Program Files (x86)\Loquendo\LTTS7\bin;C:\apache-ant-1.9.4\bin;C:\jdk1.6.0_45\bin;C:\Program Files (x86)\Genesis Mobile\Jasob 4.1;C:\Program Files (x86)\Microsoft SQL Server\100\Tools\Binn\;C:\Program Files\Microsoft SQL Server\100\Tools\Binn\;C:\Program Files\Microsoft SQL Server\100\DTS\Binn\;C:\Program Files (x86)\Microsoft SQL Server\100\Tools\Binn\VSShell\Common7\IDE\;C:\Program Files (x86)\Microsoft Visual Studio 9.0\Common7\IDE\PrivateAssemblies\;C:\Program Files (x86)\Microsoft SQL Server\100\DTS\Binn\;C:\PROGRA~2\Groovy\GROOVY~1.3\bin;C:\Users\rlucas\apache-maven-3.2.5\bin;C:\Program Files\Apache Software Foundation\Tomcat 6.0\bin;C:\Program Files (x86)\Skype\Phone\;.;;.;;.;
USERNAME=rlucas
OS=Windows_NT
PROCESSOR_IDENTIFIER=Intel64 Family 6 Model 42 Stepping 7, GenuineIntel



---------------  S Y S T E M  ---------------

OS: Windows 7 , 64 bit Build 7601 Service Pack 1

CPU:total 8 (4 cores per cpu, 2 threads per core) family 6 model 42 stepping 7, cmov, cx8, fxsr, mmx, sse, sse2, sse3, ssse3, sse4.1, sse4.2, popcnt, avx, aes, ht, tsc, tscinvbit

Memory: 4k page, physical 8266684k(16040k free), swap 10166664k(247296k free)

vm_info: Java HotSpot(TM) 64-Bit Server VM (24.79-b02) for windows-amd64 JRE (1.7.0_79-b15), built on Apr 10 2015 12:36:16 by "java_re" with unknown MS VC++:1600

time: Fri Sep 18 15:26:04 2015
elapsed time: 4 seconds

