#
# There is insufficient memory for the Java Runtime Environment to continue.
# Native memory allocation (malloc) failed to allocate 32784 bytes for Chunk::new
# Possible reasons:
#   The system is out of physical RAM or swap space
#   In 32 bit mode, the process size limit was hit
# Possible solutions:
#   Reduce memory load on the system
#   Increase physical memory or swap space
#   Check if swap backing store is full
#   Use 64 bit Java on a 64 bit OS
#   Decrease Java heap size (-Xmx/-Xms)
#   Decrease number of Java threads
#   Decrease Java thread stack sizes (-Xss)
#   Set larger code cache with -XX:ReservedCodeCacheSize=
# This output file may be truncated or incomplete.
#
#  Out of Memory Error (allocation.cpp:323), pid=9052, tid=10856
#
# JRE version: Java(TM) SE Runtime Environment (7.0_79-b15) (build 1.7.0_79-b15)
# Java VM: Java HotSpot(TM) 64-Bit Server VM (24.79-b02 mixed mode windows-amd64 compressed oops)
# Failed to write core dump. Minidumps are not enabled by default on client versions of Windows
#

---------------  T H R E A D  ---------------

Current thread (0x0000000009b14000):  JavaThread "C2 CompilerThread1" daemon [_thread_in_native, id=10856, stack(0x000000000b380000,0x000000000b480000)]

Stack: [0x000000000b380000,0x000000000b480000]
[error occurred during error reporting (printing stack bounds), id 0xc0000005]


[error occurred during error reporting (printing native stack), id 0xc0000005]


Current CompileTask:
C2:   2321  135             sun.security.provider.SHA::implCompress (491 bytes)


---------------  P R O C E S S  ---------------

Java Threads: ( => current thread )
  0x0000000009b1d800 JavaThread "Service Thread" daemon [_thread_blocked, id=10896, stack(0x000000000b640000,0x000000000b740000)]
=>0x0000000009b14000 JavaThread "C2 CompilerThread1" daemon [_thread_in_native, id=10856, stack(0x000000000b380000,0x000000000b480000)]
  0x0000000008b83000 JavaThread "C2 CompilerThread0" daemon [_thread_blocked, id=11396, stack(0x000000000b230000,0x000000000b330000)]
  0x0000000008b82000 JavaThread "Attach Listener" daemon [_thread_blocked, id=5172, stack(0x000000000af10000,0x000000000b010000)]
  0x0000000008b81800 JavaThread "Signal Dispatcher" daemon [_thread_blocked, id=11116, stack(0x000000000b040000,0x000000000b140000)]
  0x0000000008b71800 JavaThread "Finalizer" daemon [_thread_blocked, id=6556, stack(0x000000000ad60000,0x000000000ae60000)]
  0x00000000021d9800 JavaThread "Reference Handler" daemon [_thread_blocked, id=11588, stack(0x000000000ac10000,0x000000000ad10000)]
  0x00000000022ae800 JavaThread "main" [_thread_in_vm, id=11424, stack(0x00000000025f0000,0x00000000026f0000)]

Other Threads:
  0x0000000008b6e000 VMThread [stack: 0x000000000aad0000,0x000000000abd0000] [id=7736]
  0x0000000009b2a000 WatcherThread [stack: 0x000000000b500000,0x000000000b600000] [id=12016]

VM state:not at safepoint (normal execution)

VM Mutex/Monitor currently owned by a thread: None

Heap
 PSYoungGen      total 38400K, used 19327K [0x00000000eaa80000, 0x00000000ed500000, 0x0000000100000000)
  eden space 33280K, 58% used [0x00000000eaa80000,0x00000000ebd5fe90,0x00000000ecb00000)
  from space 5120K, 0% used [0x00000000ed000000,0x00000000ed000000,0x00000000ed500000)
  to   space 5120K, 0% used [0x00000000ecb00000,0x00000000ecb00000,0x00000000ed000000)
 ParOldGen       total 86016K, used 0K [0x00000000c0000000, 0x00000000c5400000, 0x00000000eaa80000)
  object space 86016K, 0% used [0x00000000c0000000,0x00000000c0000000,0x00000000c5400000)
 PSPermGen       total 21504K, used 6019K [0x00000000bae00000, 0x00000000bc300000, 0x00000000c0000000)
  object space 21504K, 27% used [0x00000000bae00000,0x00000000bb3e0cd8,0x00000000bc300000)

Card table byte_map: [0x00000000056f0000,0x0000000005920000] byte_map_base: 0x0000000005119000

Polling page: 0x0000000000130000

Code Cache  [0x00000000026f0000, 0x0000000002960000, 0x00000000056f0000)
 total_blobs=377 nmethods=134 adapters=195 free_code_cache=48542Kb largest_free_block=49680768

Compilation events (10 events):
Event: 2.023 Thread 0x0000000009b14000  131             com.android.dx.rop.type.Type::compareTo (12 bytes)
Event: 2.023 Thread 0x0000000008b83000 nmethod 130 0x000000000277fd50 code [0x000000000277fe80, 0x000000000277fed8]
Event: 2.023 Thread 0x0000000009b14000 nmethod 131 0x0000000002784090 code [0x00000000027841c0, 0x0000000002784318]
Event: 2.032 Thread 0x0000000008b83000  132             com.android.dx.rop.cst.CstType::compareTo0 (25 bytes)
Event: 2.032 Thread 0x0000000009b14000  133             com.android.dx.rop.cst.CstMemberRef::compareTo0 (49 bytes)
Event: 2.033 Thread 0x0000000008b83000 nmethod 132 0x00000000027839d0 code [0x0000000002783b20, 0x0000000002783cb8]
Event: 2.035 Thread 0x0000000009b14000 nmethod 133 0x00000000027879d0 code [0x0000000002787b20, 0x0000000002787e18]
Event: 2.075 Thread 0x0000000008b83000  134             java.util.Properties$LineReader::readLine (452 bytes)
Event: 2.082 Thread 0x0000000009b14000  135             sun.security.provider.SHA::implCompress (491 bytes)
Event: 2.084 Thread 0x0000000008b83000 nmethod 134 0x0000000002785310 code [0x00000000027854a0, 0x0000000002785c98]

GC Heap History (0 events):
No events

Deoptimization events (5 events):
Event: 0.680 Thread 0x0000000009d1b800 Uncommon trap: reason=class_check action=maybe_recompile pc=0x0000000002765158 method=com.android.dx.ssa.NormalSsaInsn.accept(Lcom/android/dx/ssa/SsaInsn$Visitor;)V @ 9
Event: 1.052 Thread 0x0000000009be5000 Uncommon trap: reason=class_check action=maybe_recompile pc=0x0000000002765158 method=com.android.dx.ssa.NormalSsaInsn.accept(Lcom/android/dx/ssa/SsaInsn$Visitor;)V @ 9
Event: 1.052 Thread 0x0000000009be5000 Uncommon trap: reason=class_check action=maybe_recompile pc=0x0000000002765158 method=com.android.dx.ssa.NormalSsaInsn.accept(Lcom/android/dx/ssa/SsaInsn$Visitor;)V @ 9
Event: 1.057 Thread 0x0000000009be5000 Uncommon trap: reason=class_check action=maybe_recompile pc=0x0000000002765158 method=com.android.dx.ssa.NormalSsaInsn.accept(Lcom/android/dx/ssa/SsaInsn$Visitor;)V @ 9
Event: 1.157 Thread 0x0000000009d1b800 Uncommon trap: reason=null_check action=make_not_entrant pc=0x000000000276da7c method=com.android.dx.rop.code.LocalItem.equals(Ljava/lang/Object;)Z @ 1

Internal exceptions (10 events):
Event: 2.016 Thread 0x00000000022ae800 Threw 0x00000000ebc73da0 at C:\re\jdk7u79\2331\hotspot\src\share\vm\prims\jvm.cpp:1304
Event: 2.017 Thread 0x00000000022ae800 Threw 0x00000000ebc771e8 at C:\re\jdk7u79\2331\hotspot\src\share\vm\prims\jvm.cpp:1304
Event: 2.025 Thread 0x00000000022ae800 Threw 0x00000000ebc89418 at C:\re\jdk7u79\2331\hotspot\src\share\vm\prims\jvm.cpp:1304
Event: 2.027 Thread 0x00000000022ae800 Threw 0x00000000ebc94fb8 at C:\re\jdk7u79\2331\hotspot\src\share\vm\prims\jvm.cpp:1304
Event: 2.027 Thread 0x00000000022ae800 Threw 0x00000000ebc97b58 at C:\re\jdk7u79\2331\hotspot\src\share\vm\prims\jvm.cpp:1304
Event: 2.029 Thread 0x00000000022ae800 Threw 0x00000000ebca34c8 at C:\re\jdk7u79\2331\hotspot\src\share\vm\prims\jvm.cpp:1304
Event: 2.042 Thread 0x00000000022ae800 Threw 0x00000000ebcbb6e0 at C:\re\jdk7u79\2331\hotspot\src\share\vm\prims\jvm.cpp:1304
Event: 2.043 Thread 0x00000000022ae800 Threw 0x00000000ebcc0b70 at C:\re\jdk7u79\2331\hotspot\src\share\vm\prims\jvm.cpp:1304
Event: 2.044 Thread 0x00000000022ae800 Threw 0x00000000ebccb748 at C:\re\jdk7u79\2331\hotspot\src\share\vm\prims\jvm.cpp:1304
Event: 2.071 Thread 0x00000000022ae800 Threw 0x00000000ebccebe8 at C:\re\jdk7u79\2331\hotspot\src\share\vm\prims\jvm.cpp:1304

Events (10 events):
Event: 2.082 loading class 0x000000000c563440
Event: 2.082 loading class 0x000000000c563440 done
Event: 2.085 loading class 0x00000000089c5070
Event: 2.085 loading class 0x000000000c563930
Event: 2.085 loading class 0x000000000c563930 done
Event: 2.085 loading class 0x00000000089c5070 done
Event: 2.086 loading class 0x000000000c563900
Event: 2.086 loading class 0x000000000c563a20
Event: 2.086 loading class 0x000000000c563a20 done
Event: 2.086 loading class 0x000000000c563900 done


Dynamic libraries:
0x000000013fe00000 - 0x000000013fe33000 	C:\Program Files\Java\jdk1.7.0_79\bin\java.exe
0x0000000077080000 - 0x0000000077229000 	C:\Windows\SYSTEM32\ntdll.dll
0x0000000076e40000 - 0x0000000076f5f000 	C:\Windows\system32\kernel32.dll
0x000007fefce70000 - 0x000007fefcedc000 	C:\Windows\system32\KERNELBASE.dll
0x000007fefd1f0000 - 0x000007fefd2cb000 	C:\Windows\system32\ADVAPI32.dll
0x000007fefdb60000 - 0x000007fefdbff000 	C:\Windows\system32\msvcrt.dll
0x000007feff290000 - 0x000007feff2af000 	C:\Windows\SYSTEM32\sechost.dll
0x000007fefd9c0000 - 0x000007fefdaed000 	C:\Windows\system32\RPCRT4.dll
0x0000000076f80000 - 0x000000007707a000 	C:\Windows\system32\USER32.dll
0x000007fefdd00000 - 0x000007fefdd67000 	C:\Windows\system32\GDI32.dll
0x000007feff2b0000 - 0x000007feff2be000 	C:\Windows\system32\LPK.dll
0x000007feff2c0000 - 0x000007feff389000 	C:\Windows\system32\USP10.dll
0x000007fefb1f0000 - 0x000007fefb3e4000 	C:\Windows\WinSxS\amd64_microsoft.windows.common-controls_6595b64144ccf1df_6.0.7601.18837_none_fa3b1e3d17594757\COMCTL32.dll
0x000007fefd2d0000 - 0x000007fefd341000 	C:\Windows\system32\SHLWAPI.dll
0x000007fefe200000 - 0x000007fefe22e000 	C:\Windows\system32\IMM32.DLL
0x000007fefdee0000 - 0x000007fefdfe9000 	C:\Windows\system32\MSCTF.dll
0x000007fefcd60000 - 0x000007fefcd92000 	C:\Windows\system32\nvinitx.dll
0x0000000050f10000 - 0x0000000050fe2000 	C:\Program Files\Java\jdk1.7.0_79\jre\bin\msvcr100.dll
0x000000006e6e0000 - 0x000000006eeb5000 	C:\Program Files\Java\jdk1.7.0_79\jre\bin\server\jvm.dll
0x000007fef50d0000 - 0x000007fef50d9000 	C:\Windows\system32\WSOCK32.dll
0x000007fefdb10000 - 0x000007fefdb5d000 	C:\Windows\system32\WS2_32.dll
0x000007fefde50000 - 0x000007fefde58000 	C:\Windows\system32\NSI.dll
0x000007fefb9f0000 - 0x000007fefba2b000 	C:\Windows\system32\WINMM.dll
0x0000000077240000 - 0x0000000077247000 	C:\Windows\system32\PSAPI.DLL
0x0000000068a60000 - 0x0000000068a6f000 	C:\Program Files\Java\jdk1.7.0_79\jre\bin\verify.dll
0x0000000054e10000 - 0x0000000054e38000 	C:\Program Files\Java\jdk1.7.0_79\jre\bin\java.dll
0x00000000689d0000 - 0x00000000689e5000 	C:\Program Files\Java\jdk1.7.0_79\jre\bin\zip.dll
0x00000000551e0000 - 0x00000000551fa000 	C:\Program Files\Java\jdk1.7.0_79\jre\bin\net.dll
0x000007fefc5b0000 - 0x000007fefc605000 	C:\Windows\system32\mswsock.dll
0x000007fefc830000 - 0x000007fefc837000 	C:\Windows\System32\wship6.dll
0x0000000054df0000 - 0x0000000054e01000 	C:\Program Files\Java\jdk1.7.0_79\jre\bin\nio.dll

VM Arguments:
jvm_args: -Xmx1024M -Dfile.encoding=windows-1252 -Duser.country=US -Duser.language=en -Duser.variant 
java_command: com.android.dx.command.Main --dex --num-threads=4 --output C:\Users\rlucas\AndroidStudioProjects\FastRoute\app\build\intermediates\pre-dexed\debug\classes-8de1c211e07588ac9f05d6f2d94692cb109947ac.jar C:\Users\rlucas\AndroidStudioProjects\FastRoute\app\build\intermediates\exploded-aar\com.google.android.gms\play-services-identity\7.8.0\jars\classes.jar
Launcher Type: SUN_STANDARD

Environment Variables:
JAVA_HOME=C:\jdk1.6.0_45
PATH=C:\Windows\system32;C:\Windows;C:\Windows\System32\Wbem;C:\Windows\System32\WindowsPowerShell\v1.0\;C:\Program Files (x86)\Common Files\Roxio Shared\OEM\DLLShared\;C:\Program Files (x86)\Common Files\Roxio Shared\OEM\DLLShared\;C:\Program Files (x86)\Common Files\Roxio Shared\OEM\12.0\DLLShared\;C:\Program Files (x86)\Roxio\OEM\AudioCore\;C:\Program Files\TortoiseSVN\bin;C:\bin\apache-ant-1.8.2\bin;C:\bin\php-5.5.6-Win32-VC11-x64;C:\Program Files (x86)\DAMIANI\Jasob 4.0;C:\Program Files (x86)\VisualSVN Server\bin;C:\Program Files (x86)\Loquendo\LTTS7\bin;C:\apache-ant-1.9.4\bin;C:\jdk1.6.0_45\bin;C:\Program Files (x86)\Genesis Mobile\Jasob 4.1;C:\Program Files (x86)\Microsoft SQL Server\100\Tools\Binn\;C:\Program Files\Microsoft SQL Server\100\Tools\Binn\;C:\Program Files\Microsoft SQL Server\100\DTS\Binn\;C:\Program Files (x86)\Microsoft SQL Server\100\Tools\Binn\VSShell\Common7\IDE\;C:\Program Files (x86)\Microsoft Visual Studio 9.0\Common7\IDE\PrivateAssemblies\;C:\Program Files (x86)\Microsoft SQL Server\100\DTS\Binn\;C:\PROGRA~2\Groovy\GROOVY~1.3\bin;C:\Users\rlucas\apache-maven-3.2.5\bin;C:\Program Files\Apache Software Foundation\Tomcat 6.0\bin;C:\Program Files (x86)\Skype\Phone\;.;;.;
USERNAME=rlucas
OS=Windows_NT
PROCESSOR_IDENTIFIER=Intel64 Family 6 Model 42 Stepping 7, GenuineIntel



---------------  S Y S T E M  ---------------

OS: Windows 7 , 64 bit Build 7601 Service Pack 1

CPU:total 8 (4 cores per cpu, 2 threads per core) family 6 model 42 stepping 7, cmov, cx8, fxsr, mmx, sse, sse2, sse3, ssse3, sse4.1, sse4.2, popcnt, avx, aes, ht, tsc, tscinvbit

Memory: 4k page, physical 8266684k(1131660k free), swap 9677768k(121772k free)

vm_info: Java HotSpot(TM) 64-Bit Server VM (24.79-b02) for windows-amd64 JRE (1.7.0_79-b15), built on Apr 10 2015 12:36:16 by "java_re" with unknown MS VC++:1600

time: Tue Sep 29 11:12:44 2015
elapsed time: 2 seconds

